This file contains any messages produced by compilers while
running configure, to aid debugging if configure makes a mistake.

It was created by bluez configure 5.47, which was
generated by GNU Autoconf 2.69.  Invocation command line was

  $ ./configure INCLUDE_DIRECTORIES=/usr/include/dbus-1.0 PKG_CONFIG_PATH=/home/chen/work/bluez/build/lib/pkgconfig GTHREAD_CFLAGS=-I/home/chen/work/bluez/build/include GTHREAD_LIBS=-L/home/chen/work/bluez/build/lib --prefix= --sysconfdir=/home/chen/work/bluez/build/etc --localstatedir=/home/chen/work/bluez/build/var --enable-experimental --with-systemdsystemunitdir=/home/chen/work/bluez/build/ll_lib/systemd/system --with-systemduserunitdir=/home/chen/work/bluez/build/ll_usr/lib/systemd -enable-tools --enable-debug --enable-test --disable-udev --host=arm-linux-gnueabihf CC=arm-linux-gnueabihf-gcc  -L/home/chen/work/bluez/build/lib/ -I/home/chen/work/bluez/build/include --enable-library --enable-shared=yes --enable-network --enable-health --enable-cups --enable-threads --enable-pie --enable-deprecated

## --------- ##
## Platform. ##
## --------- ##

hostname = chen
uname -m = x86_64
uname -r = 5.11.0-38-generic
uname -s = Linux
uname -v = #42~20.04.1-Ubuntu SMP Tue Sep 28 20:41:07 UTC 2021

/usr/bin/uname -p = x86_64
/bin/uname -X     = unknown

/bin/arch              = x86_64
/usr/bin/arch -k       = unknown
/usr/convex/getsysinfo = unknown
/usr/bin/hostinfo      = unknown
/bin/machine           = unknown
/usr/bin/oslevel       = unknown
/bin/universe          = unknown

PATH: /home/chen/.cache/cloud-code/installer/google-cloud-sdk/bin
PATH: /home/chen/.local/share/umake/bin
PATH: /usr/local/sbin
PATH: /usr/local/bin
PATH: /usr/sbin
PATH: /usr/bin
PATH: /sbin
PATH: /bin
PATH: /usr/games
PATH: /usr/local/games
PATH: /snap/bin
PATH: /usr/local/arm/gcc-linaro-4.9-2016.02-x86_64_arm-linux-gnueabihf/bin


## ----------- ##
## Core tests. ##
## ----------- ##

configure:2474: checking for a BSD-compatible install
configure:2542: result: /usr/bin/install -c
configure:2553: checking whether build environment is sane
configure:2608: result: yes
configure:2665: checking for arm-linux-gnueabihf-strip
configure:2681: found /usr/local/arm/gcc-linaro-4.9-2016.02-x86_64_arm-linux-gnueabihf/bin/arm-linux-gnueabihf-strip
configure:2692: result: arm-linux-gnueabihf-strip
configure:2757: checking for a thread-safe mkdir -p
configure:2796: result: /usr/bin/mkdir -p
configure:2803: checking for gawk
configure:2833: result: no
configure:2803: checking for mawk
configure:2819: found /usr/bin/mawk
configure:2830: result: mawk
configure:2841: checking whether make sets $(MAKE)
configure:2863: result: yes
configure:2892: checking whether make supports nested variables
configure:2909: result: yes
configure:2988: checking how to create a pax tar archive
configure:2999: tar --version
tar (GNU tar) 1.30
Copyright (C) 2017 Free Software Foundation, Inc.
License GPLv3+: GNU GPL version 3 or later <https://gnu.org/licenses/gpl.html>.
This is free software: you are free to change and redistribute it.
There is NO WARRANTY, to the extent permitted by law.

Written by John Gilmore and Jay Fenlason.
configure:3002: $? = 0
configure:3042: tardir=conftest.dir && eval tar --format=posix -chf - "$tardir" >conftest.tar
configure:3045: $? = 0
configure:3049: tar -xf - <conftest.tar
configure:3052: $? = 0
configure:3054: cat conftest.dir/file
GrepMe
configure:3057: $? = 0
configure:3070: result: gnutar
configure:3134: checking for style of include used by make
configure:3162: result: GNU
configure:3193: checking for arm-linux-gnueabihf-gcc
configure:3220: result: arm-linux-gnueabihf-gcc  -L/home/chen/work/bluez/build/lib/ -I/home/chen/work/bluez/build/include
configure:3489: checking for C compiler version
configure:3498: arm-linux-gnueabihf-gcc  -L/home/chen/work/bluez/build/lib/ -I/home/chen/work/bluez/build/include --version >&5
arm-linux-gnueabihf-gcc (Linaro GCC 4.9-2016.02) 4.9.4 20151028 (prerelease)
Copyright (C) 2015 Free Software Foundation, Inc.
This is free software; see the source for copying conditions.  There is NO
warranty; not even for MERCHANTABILITY or FITNESS FOR A PARTICULAR PURPOSE.

configure:3509: $? = 0
configure:3498: arm-linux-gnueabihf-gcc  -L/home/chen/work/bluez/build/lib/ -I/home/chen/work/bluez/build/include -v >&5
Using built-in specs.
COLLECT_GCC=arm-linux-gnueabihf-gcc
COLLECT_LTO_WRAPPER=/usr/local/arm/gcc-linaro-4.9-2016.02-x86_64_arm-linux-gnueabihf/bin/../libexec/gcc/arm-linux-gnueabihf/4.9.4/lto-wrapper
Target: arm-linux-gnueabihf
Configured with: /home/tcwg-buildslave/workspace/tcwg-make-release/label/tcwg-x86_64-ex40/target/arm-linux-gnueabihf/snapshots/gcc-linaro-4.9-2016.02/configure SHELL=/bin/bash --with-bugurl=https://bugs.linaro.org --with-mpc=/home/tcwg-buildslave/workspace/tcwg-make-release/label/tcwg-x86_64-ex40/target/arm-linux-gnueabihf/_build/builds/destdir/x86_64-unknown-linux-gnu --with-mpfr=/home/tcwg-buildslave/workspace/tcwg-make-release/label/tcwg-x86_64-ex40/target/arm-linux-gnueabihf/_build/builds/destdir/x86_64-unknown-linux-gnu --with-gmp=/home/tcwg-buildslave/workspace/tcwg-make-release/label/tcwg-x86_64-ex40/target/arm-linux-gnueabihf/_build/builds/destdir/x86_64-unknown-linux-gnu --with-gnu-as --with-gnu-ld --disable-libstdcxx-pch --disable-libmudflap --with-cloog=no --with-ppl=no --with-isl=no --disable-nls --enable-c99 --with-tune=cortex-a9 --with-arch=armv7-a --with-fpu=vfpv3-d16 --with-float=hard --with-mode=thumb --disable-multilib --enable-multiarch --with-build-sysroot=/home/tcwg-buildslave/workspace/tcwg-make-release/label/tcwg-x86_64-ex40/target/arm-linux-gnueabihf/_build/sysroots/arm-linux-gnueabihf --enable-lto --enable-linker-build-id --enable-long-long --enable-shared --with-sysroot=/home/tcwg-buildslave/workspace/tcwg-make-release/label/tcwg-x86_64-ex40/target/arm-linux-gnueabihf/_build/builds/destdir/x86_64-unknown-linux-gnu/arm-linux-gnueabihf/libc --enable-languages=c,c++,fortran,lto --enable-checking=release --disable-bootstrap --with-bugurl=https://bugs.linaro.org --build=x86_64-unknown-linux-gnu --host=x86_64-unknown-linux-gnu --target=arm-linux-gnueabihf --prefix=/home/tcwg-buildslave/workspace/tcwg-make-release/label/tcwg-x86_64-ex40/target/arm-linux-gnueabihf/_build/builds/destdir/x86_64-unknown-linux-gnu
Thread model: posix
gcc version 4.9.4 20151028 (prerelease) (Linaro GCC 4.9-2016.02) 
configure:3509: $? = 0
configure:3498: arm-linux-gnueabihf-gcc  -L/home/chen/work/bluez/build/lib/ -I/home/chen/work/bluez/build/include -V >&5
arm-linux-gnueabihf-gcc: error: unrecognized command line option '-V'
arm-linux-gnueabihf-gcc: fatal error: no input files
compilation terminated.
configure:3509: $? = 1
configure:3498: arm-linux-gnueabihf-gcc  -L/home/chen/work/bluez/build/lib/ -I/home/chen/work/bluez/build/include -qversion >&5
arm-linux-gnueabihf-gcc: error: unrecognized command line option '-qversion'
arm-linux-gnueabihf-gcc: fatal error: no input files
compilation terminated.
configure:3509: $? = 1
configure:3529: checking whether the C compiler works
configure:3551: arm-linux-gnueabihf-gcc  -L/home/chen/work/bluez/build/lib/ -I/home/chen/work/bluez/build/include    conftest.c  >&5
configure:3555: $? = 0
configure:3603: result: yes
configure:3606: checking for C compiler default output file name
configure:3608: result: a.out
configure:3614: checking for suffix of executables
configure:3621: arm-linux-gnueabihf-gcc  -L/home/chen/work/bluez/build/lib/ -I/home/chen/work/bluez/build/include -o conftest    conftest.c  >&5
configure:3625: $? = 0
configure:3647: result: 
configure:3669: checking whether we are cross compiling
configure:3677: arm-linux-gnueabihf-gcc  -L/home/chen/work/bluez/build/lib/ -I/home/chen/work/bluez/build/include -o conftest    conftest.c  >&5
configure:3681: $? = 0
configure:3688: ./conftest
./configure: line 3690: ./conftest: cannot execute binary file: Exec format error
configure:3692: $? = 126
configure:3680: result: yes
configure:3685: checking for suffix of object files
configure:3707: arm-linux-gnueabihf-gcc  -L/home/chen/work/bluez/build/lib/ -I/home/chen/work/bluez/build/include -c   conftest.c >&5
configure:3711: $? = 0
configure:3732: result: o
configure:3736: checking whether we are using the GNU C compiler
configure:3755: arm-linux-gnueabihf-gcc  -L/home/chen/work/bluez/build/lib/ -I/home/chen/work/bluez/build/include -c   conftest.c >&5
configure:3755: $? = 0
configure:3764: result: yes
configure:3773: checking whether arm-linux-gnueabihf-gcc  -L/home/chen/work/bluez/build/lib/ -I/home/chen/work/bluez/build/include accepts -g
configure:3793: arm-linux-gnueabihf-gcc  -L/home/chen/work/bluez/build/lib/ -I/home/chen/work/bluez/build/include -c -g  conftest.c >&5
configure:3793: $? = 0
configure:3834: result: yes
configure:3851: checking for arm-linux-gnueabihf-gcc  -L/home/chen/work/bluez/build/lib/ -I/home/chen/work/bluez/build/include option to accept ISO C89
configure:3914: arm-linux-gnueabihf-gcc  -L/home/chen/work/bluez/build/lib/ -I/home/chen/work/bluez/build/include  -c -g -O2  conftest.c >&5
configure:3914: $? = 0
configure:3927: result: none needed
configure:3952: checking whether arm-linux-gnueabihf-gcc  -L/home/chen/work/bluez/build/lib/ -I/home/chen/work/bluez/build/include understands -c and -o together
configure:3974: arm-linux-gnueabihf-gcc  -L/home/chen/work/bluez/build/lib/ -I/home/chen/work/bluez/build/include -c conftest.c -o conftest2.o
configure:3977: $? = 0
configure:3974: arm-linux-gnueabihf-gcc  -L/home/chen/work/bluez/build/lib/ -I/home/chen/work/bluez/build/include -c conftest.c -o conftest2.o
configure:3977: $? = 0
configure:3989: result: yes
configure:4008: checking dependency style of arm-linux-gnueabihf-gcc  -L/home/chen/work/bluez/build/lib/ -I/home/chen/work/bluez/build/include
configure:4119: result: gcc3
configure:4140: checking how to run the C preprocessor
configure:4171: arm-linux-gnueabihf-gcc  -L/home/chen/work/bluez/build/lib/ -I/home/chen/work/bluez/build/include -E  conftest.c
configure:4171: $? = 0
configure:4185: arm-linux-gnueabihf-gcc  -L/home/chen/work/bluez/build/lib/ -I/home/chen/work/bluez/build/include -E  conftest.c
conftest.c:11:28: fatal error: ac_nonexistent.h: No such file or directory
 #include <ac_nonexistent.h>
                            ^
compilation terminated.
configure:4185: $? = 1
configure: failed program was:
| /* confdefs.h */
| #define PACKAGE_NAME "bluez"
| #define PACKAGE_TARNAME "bluez"
| #define PACKAGE_VERSION "5.47"
| #define PACKAGE_STRING "bluez 5.47"
| #define PACKAGE_BUGREPORT ""
| #define PACKAGE_URL ""
| #define PACKAGE "bluez"
| #define VERSION "5.47"
| /* end confdefs.h.  */
| #include <ac_nonexistent.h>
configure:4210: result: arm-linux-gnueabihf-gcc  -L/home/chen/work/bluez/build/lib/ -I/home/chen/work/bluez/build/include -E
configure:4230: arm-linux-gnueabihf-gcc  -L/home/chen/work/bluez/build/lib/ -I/home/chen/work/bluez/build/include -E  conftest.c
configure:4230: $? = 0
configure:4244: arm-linux-gnueabihf-gcc  -L/home/chen/work/bluez/build/lib/ -I/home/chen/work/bluez/build/include -E  conftest.c
conftest.c:11:28: fatal error: ac_nonexistent.h: No such file or directory
 #include <ac_nonexistent.h>
                            ^
compilation terminated.
configure:4244: $? = 1
configure: failed program was:
| /* confdefs.h */
| #define PACKAGE_NAME "bluez"
| #define PACKAGE_TARNAME "bluez"
| #define PACKAGE_VERSION "5.47"
| #define PACKAGE_STRING "bluez 5.47"
| #define PACKAGE_BUGREPORT ""
| #define PACKAGE_URL ""
| #define PACKAGE "bluez"
| #define VERSION "5.47"
| /* end confdefs.h.  */
| #include <ac_nonexistent.h>
configure:4273: checking for grep that handles long lines and -e
configure:4331: result: /usr/bin/grep
configure:4336: checking for egrep
configure:4398: result: /usr/bin/grep -E
configure:4403: checking for ANSI C header files
configure:4423: arm-linux-gnueabihf-gcc  -L/home/chen/work/bluez/build/lib/ -I/home/chen/work/bluez/build/include -c -g -O2  conftest.c >&5
configure:4423: $? = 0
configure:4507: result: yes
configure:4520: checking for sys/types.h
configure:4520: arm-linux-gnueabihf-gcc  -L/home/chen/work/bluez/build/lib/ -I/home/chen/work/bluez/build/include -c -g -O2  conftest.c >&5
configure:4520: $? = 0
configure:4520: result: yes
configure:4520: checking for sys/stat.h
configure:4520: arm-linux-gnueabihf-gcc  -L/home/chen/work/bluez/build/lib/ -I/home/chen/work/bluez/build/include -c -g -O2  conftest.c >&5
configure:4520: $? = 0
configure:4520: result: yes
configure:4520: checking for stdlib.h
configure:4520: arm-linux-gnueabihf-gcc  -L/home/chen/work/bluez/build/lib/ -I/home/chen/work/bluez/build/include -c -g -O2  conftest.c >&5
configure:4520: $? = 0
configure:4520: result: yes
configure:4520: checking for string.h
configure:4520: arm-linux-gnueabihf-gcc  -L/home/chen/work/bluez/build/lib/ -I/home/chen/work/bluez/build/include -c -g -O2  conftest.c >&5
configure:4520: $? = 0
configure:4520: result: yes
configure:4520: checking for memory.h
configure:4520: arm-linux-gnueabihf-gcc  -L/home/chen/work/bluez/build/lib/ -I/home/chen/work/bluez/build/include -c -g -O2  conftest.c >&5
configure:4520: $? = 0
configure:4520: result: yes
configure:4520: checking for strings.h
configure:4520: arm-linux-gnueabihf-gcc  -L/home/chen/work/bluez/build/lib/ -I/home/chen/work/bluez/build/include -c -g -O2  conftest.c >&5
configure:4520: $? = 0
configure:4520: result: yes
configure:4520: checking for inttypes.h
configure:4520: arm-linux-gnueabihf-gcc  -L/home/chen/work/bluez/build/lib/ -I/home/chen/work/bluez/build/include -c -g -O2  conftest.c >&5
configure:4520: $? = 0
configure:4520: result: yes
configure:4520: checking for stdint.h
configure:4520: arm-linux-gnueabihf-gcc  -L/home/chen/work/bluez/build/lib/ -I/home/chen/work/bluez/build/include -c -g -O2  conftest.c >&5
configure:4520: $? = 0
configure:4520: result: yes
configure:4520: checking for unistd.h
configure:4520: arm-linux-gnueabihf-gcc  -L/home/chen/work/bluez/build/lib/ -I/home/chen/work/bluez/build/include -c -g -O2  conftest.c >&5
configure:4520: $? = 0
configure:4520: result: yes
configure:4533: checking minix/config.h usability
configure:4533: arm-linux-gnueabihf-gcc  -L/home/chen/work/bluez/build/lib/ -I/home/chen/work/bluez/build/include -c -g -O2  conftest.c >&5
conftest.c:54:26: fatal error: minix/config.h: No such file or directory
 #include <minix/config.h>
                          ^
compilation terminated.
configure:4533: $? = 1
configure: failed program was:
| /* confdefs.h */
| #define PACKAGE_NAME "bluez"
| #define PACKAGE_TARNAME "bluez"
| #define PACKAGE_VERSION "5.47"
| #define PACKAGE_STRING "bluez 5.47"
| #define PACKAGE_BUGREPORT ""
| #define PACKAGE_URL ""
| #define PACKAGE "bluez"
| #define VERSION "5.47"
| #define STDC_HEADERS 1
| #define HAVE_SYS_TYPES_H 1
| #define HAVE_SYS_STAT_H 1
| #define HAVE_STDLIB_H 1
| #define HAVE_STRING_H 1
| #define HAVE_MEMORY_H 1
| #define HAVE_STRINGS_H 1
| #define HAVE_INTTYPES_H 1
| #define HAVE_STDINT_H 1
| #define HAVE_UNISTD_H 1
| /* end confdefs.h.  */
| #include <stdio.h>
| #ifdef HAVE_SYS_TYPES_H
| # include <sys/types.h>
| #endif
| #ifdef HAVE_SYS_STAT_H
| # include <sys/stat.h>
| #endif
| #ifdef STDC_HEADERS
| # include <stdlib.h>
| # include <stddef.h>
| #else
| # ifdef HAVE_STDLIB_H
| #  include <stdlib.h>
| # endif
| #endif
| #ifdef HAVE_STRING_H
| # if !defined STDC_HEADERS && defined HAVE_MEMORY_H
| #  include <memory.h>
| # endif
| # include <string.h>
| #endif
| #ifdef HAVE_STRINGS_H
| # include <strings.h>
| #endif
| #ifdef HAVE_INTTYPES_H
| # include <inttypes.h>
| #endif
| #ifdef HAVE_STDINT_H
| # include <stdint.h>
| #endif
| #ifdef HAVE_UNISTD_H
| # include <unistd.h>
| #endif
| #include <minix/config.h>
configure:4533: result: no
configure:4533: checking minix/config.h presence
configure:4533: arm-linux-gnueabihf-gcc  -L/home/chen/work/bluez/build/lib/ -I/home/chen/work/bluez/build/include -E  conftest.c
conftest.c:21:26: fatal error: minix/config.h: No such file or directory
 #include <minix/config.h>
                          ^
compilation terminated.
configure:4533: $? = 1
configure: failed program was:
| /* confdefs.h */
| #define PACKAGE_NAME "bluez"
| #define PACKAGE_TARNAME "bluez"
| #define PACKAGE_VERSION "5.47"
| #define PACKAGE_STRING "bluez 5.47"
| #define PACKAGE_BUGREPORT ""
| #define PACKAGE_URL ""
| #define PACKAGE "bluez"
| #define VERSION "5.47"
| #define STDC_HEADERS 1
| #define HAVE_SYS_TYPES_H 1
| #define HAVE_SYS_STAT_H 1
| #define HAVE_STDLIB_H 1
| #define HAVE_STRING_H 1
| #define HAVE_MEMORY_H 1
| #define HAVE_STRINGS_H 1
| #define HAVE_INTTYPES_H 1
| #define HAVE_STDINT_H 1
| #define HAVE_UNISTD_H 1
| /* end confdefs.h.  */
| #include <minix/config.h>
configure:4533: result: no
configure:4533: checking for minix/config.h
configure:4533: result: no
configure:4554: checking whether it is safe to define __EXTENSIONS__
configure:4572: arm-linux-gnueabihf-gcc  -L/home/chen/work/bluez/build/lib/ -I/home/chen/work/bluez/build/include -c -g -O2  conftest.c >&5
configure:4572: $? = 0
configure:4579: result: yes
configure:4605: checking whether make supports nested variables
configure:4622: result: yes
configure:4635: checking whether to enable maintainer-specific portions of Makefiles
configure:4644: result: no
configure:4671: checking for arm-linux-gnueabihf-pkg-config
configure:4689: found /usr/bin/arm-linux-gnueabihf-pkg-config
configure:4701: result: /usr/bin/arm-linux-gnueabihf-pkg-config
configure:4769: checking pkg-config is at least version 0.9.0
configure:4772: result: yes
configure:4808: checking for C/C++ restrict keyword
configure:4833: arm-linux-gnueabihf-gcc  -L/home/chen/work/bluez/build/lib/ -I/home/chen/work/bluez/build/include -c -g -O2  conftest.c >&5
configure:4833: $? = 0
configure:4841: result: __restrict
configure:4863: checking for arm-linux-gnueabihf-gcc
configure:4890: result: arm-linux-gnueabihf-gcc  -L/home/chen/work/bluez/build/lib/ -I/home/chen/work/bluez/build/include
configure:5159: checking for C compiler version
configure:5168: arm-linux-gnueabihf-gcc  -L/home/chen/work/bluez/build/lib/ -I/home/chen/work/bluez/build/include --version >&5
arm-linux-gnueabihf-gcc (Linaro GCC 4.9-2016.02) 4.9.4 20151028 (prerelease)
Copyright (C) 2015 Free Software Foundation, Inc.
This is free software; see the source for copying conditions.  There is NO
warranty; not even for MERCHANTABILITY or FITNESS FOR A PARTICULAR PURPOSE.

configure:5179: $? = 0
configure:5168: arm-linux-gnueabihf-gcc  -L/home/chen/work/bluez/build/lib/ -I/home/chen/work/bluez/build/include -v >&5
Using built-in specs.
COLLECT_GCC=arm-linux-gnueabihf-gcc
COLLECT_LTO_WRAPPER=/usr/local/arm/gcc-linaro-4.9-2016.02-x86_64_arm-linux-gnueabihf/bin/../libexec/gcc/arm-linux-gnueabihf/4.9.4/lto-wrapper
Target: arm-linux-gnueabihf
Configured with: /home/tcwg-buildslave/workspace/tcwg-make-release/label/tcwg-x86_64-ex40/target/arm-linux-gnueabihf/snapshots/gcc-linaro-4.9-2016.02/configure SHELL=/bin/bash --with-bugurl=https://bugs.linaro.org --with-mpc=/home/tcwg-buildslave/workspace/tcwg-make-release/label/tcwg-x86_64-ex40/target/arm-linux-gnueabihf/_build/builds/destdir/x86_64-unknown-linux-gnu --with-mpfr=/home/tcwg-buildslave/workspace/tcwg-make-release/label/tcwg-x86_64-ex40/target/arm-linux-gnueabihf/_build/builds/destdir/x86_64-unknown-linux-gnu --with-gmp=/home/tcwg-buildslave/workspace/tcwg-make-release/label/tcwg-x86_64-ex40/target/arm-linux-gnueabihf/_build/builds/destdir/x86_64-unknown-linux-gnu --with-gnu-as --with-gnu-ld --disable-libstdcxx-pch --disable-libmudflap --with-cloog=no --with-ppl=no --with-isl=no --disable-nls --enable-c99 --with-tune=cortex-a9 --with-arch=armv7-a --with-fpu=vfpv3-d16 --with-float=hard --with-mode=thumb --disable-multilib --enable-multiarch --with-build-sysroot=/home/tcwg-buildslave/workspace/tcwg-make-release/label/tcwg-x86_64-ex40/target/arm-linux-gnueabihf/_build/sysroots/arm-linux-gnueabihf --enable-lto --enable-linker-build-id --enable-long-long --enable-shared --with-sysroot=/home/tcwg-buildslave/workspace/tcwg-make-release/label/tcwg-x86_64-ex40/target/arm-linux-gnueabihf/_build/builds/destdir/x86_64-unknown-linux-gnu/arm-linux-gnueabihf/libc --enable-languages=c,c++,fortran,lto --enable-checking=release --disable-bootstrap --with-bugurl=https://bugs.linaro.org --build=x86_64-unknown-linux-gnu --host=x86_64-unknown-linux-gnu --target=arm-linux-gnueabihf --prefix=/home/tcwg-buildslave/workspace/tcwg-make-release/label/tcwg-x86_64-ex40/target/arm-linux-gnueabihf/_build/builds/destdir/x86_64-unknown-linux-gnu
Thread model: posix
gcc version 4.9.4 20151028 (prerelease) (Linaro GCC 4.9-2016.02) 
configure:5179: $? = 0
configure:5168: arm-linux-gnueabihf-gcc  -L/home/chen/work/bluez/build/lib/ -I/home/chen/work/bluez/build/include -V >&5
arm-linux-gnueabihf-gcc: error: unrecognized command line option '-V'
arm-linux-gnueabihf-gcc: fatal error: no input files
compilation terminated.
configure:5179: $? = 1
configure:5168: arm-linux-gnueabihf-gcc  -L/home/chen/work/bluez/build/lib/ -I/home/chen/work/bluez/build/include -qversion >&5
arm-linux-gnueabihf-gcc: error: unrecognized command line option '-qversion'
arm-linux-gnueabihf-gcc: fatal error: no input files
compilation terminated.
configure:5179: $? = 1
configure:5183: checking whether we are using the GNU C compiler
configure:5211: result: yes
configure:5220: checking whether arm-linux-gnueabihf-gcc  -L/home/chen/work/bluez/build/lib/ -I/home/chen/work/bluez/build/include accepts -g
configure:5281: result: yes
configure:5298: checking for arm-linux-gnueabihf-gcc  -L/home/chen/work/bluez/build/lib/ -I/home/chen/work/bluez/build/include option to accept ISO C89
configure:5374: result: none needed
configure:5399: checking whether arm-linux-gnueabihf-gcc  -L/home/chen/work/bluez/build/lib/ -I/home/chen/work/bluez/build/include understands -c and -o together
configure:5436: result: yes
configure:5455: checking dependency style of arm-linux-gnueabihf-gcc  -L/home/chen/work/bluez/build/lib/ -I/home/chen/work/bluez/build/include
configure:5566: result: gcc3
configure:5583: checking whether arm-linux-gnueabihf-gcc  -L/home/chen/work/bluez/build/lib/ -I/home/chen/work/bluez/build/include accepts -fPIE
configure:5598: result: yes
configure:5667: checking build system type
configure:5681: result: x86_64-unknown-linux-gnu
configure:5701: checking host system type
configure:5714: result: arm-unknown-linux-gnueabihf
configure:5755: checking how to print strings
configure:5782: result: printf
configure:5803: checking for a sed that does not truncate output
configure:5867: result: /usr/bin/sed
configure:5885: checking for fgrep
configure:5947: result: /usr/bin/grep -F
configure:5982: checking for ld used by arm-linux-gnueabihf-gcc  -L/home/chen/work/bluez/build/lib/ -I/home/chen/work/bluez/build/include
configure:6049: result: /usr/local/arm/gcc-linaro-4.9-2016.02-x86_64_arm-linux-gnueabihf/arm-linux-gnueabihf/bin/ld
configure:6056: checking if the linker (/usr/local/arm/gcc-linaro-4.9-2016.02-x86_64_arm-linux-gnueabihf/arm-linux-gnueabihf/bin/ld) is GNU ld
configure:6071: result: yes
configure:6083: checking for BSD- or MS-compatible name lister (nm)
configure:6132: result: /usr/local/arm/gcc-linaro-4.9-2016.02-x86_64_arm-linux-gnueabihf/bin/arm-linux-gnueabihf-nm -B
configure:6262: checking the name lister (/usr/local/arm/gcc-linaro-4.9-2016.02-x86_64_arm-linux-gnueabihf/bin/arm-linux-gnueabihf-nm -B) interface
configure:6269: arm-linux-gnueabihf-gcc  -L/home/chen/work/bluez/build/lib/ -I/home/chen/work/bluez/build/include -c -g -O2  conftest.c >&5
configure:6272: /usr/local/arm/gcc-linaro-4.9-2016.02-x86_64_arm-linux-gnueabihf/bin/arm-linux-gnueabihf-nm -B "conftest.o"
configure:6275: output
00000000 B some_variable
configure:6276: result: BSD nm
configure:6279: checking whether ln -s works
configure:6283: result: yes
configure:6291: checking the maximum length of command line arguments
configure:6422: result: 1572864
configure:6439: checking whether the shell understands some XSI constructs
configure:6448: result: yes
configure:6452: checking whether the shell understands "+="
configure:6456: result: yes
configure:6491: checking how to convert x86_64-unknown-linux-gnu file names to arm-unknown-linux-gnueabihf format
configure:6531: result: func_convert_file_noop
configure:6538: checking how to convert x86_64-unknown-linux-gnu file names to toolchain format
configure:6558: result: func_convert_file_noop
configure:6565: checking for /usr/local/arm/gcc-linaro-4.9-2016.02-x86_64_arm-linux-gnueabihf/arm-linux-gnueabihf/bin/ld option to reload object files
configure:6572: result: -r
configure:6606: checking for arm-linux-gnueabihf-objdump
configure:6622: found /usr/local/arm/gcc-linaro-4.9-2016.02-x86_64_arm-linux-gnueabihf/bin/arm-linux-gnueabihf-objdump
configure:6633: result: arm-linux-gnueabihf-objdump
configure:6705: checking how to recognize dependent libraries
configure:6903: result: pass_all
configure:6948: checking for arm-linux-gnueabihf-dlltool
configure:6978: result: no
configure:6988: checking for dlltool
configure:7018: result: no
configure:7048: checking how to associate runtime and link libraries
configure:7075: result: printf %s\n
configure:7091: checking for arm-linux-gnueabihf-ar
configure:7107: found /usr/local/arm/gcc-linaro-4.9-2016.02-x86_64_arm-linux-gnueabihf/bin/arm-linux-gnueabihf-ar
configure:7118: result: arm-linux-gnueabihf-ar
configure:7199: checking for archiver @FILE support
configure:7216: arm-linux-gnueabihf-gcc  -L/home/chen/work/bluez/build/lib/ -I/home/chen/work/bluez/build/include -c -g -O2  conftest.c >&5
configure:7216: $? = 0
configure:7219: arm-linux-gnueabihf-ar cru libconftest.a @conftest.lst >&5
configure:7222: $? = 0
configure:7227: arm-linux-gnueabihf-ar cru libconftest.a @conftest.lst >&5
arm-linux-gnueabihf-ar: conftest.o: No such file or directory
configure:7230: $? = 1
configure:7229: result: @
configure:7247: checking for arm-linux-gnueabihf-strip
configure:7274: result: arm-linux-gnueabihf-strip
configure:7346: checking for arm-linux-gnueabihf-ranlib
configure:7362: found /usr/local/arm/gcc-linaro-4.9-2016.02-x86_64_arm-linux-gnueabihf/bin/arm-linux-gnueabihf-ranlib
configure:7373: result: arm-linux-gnueabihf-ranlib
configure:7515: checking command to parse /usr/local/arm/gcc-linaro-4.9-2016.02-x86_64_arm-linux-gnueabihf/bin/arm-linux-gnueabihf-nm -B output from arm-linux-gnueabihf-gcc  -L/home/chen/work/bluez/build/lib/ -I/home/chen/work/bluez/build/include object
configure:7635: arm-linux-gnueabihf-gcc  -L/home/chen/work/bluez/build/lib/ -I/home/chen/work/bluez/build/include -c -g -O2  conftest.c >&5
configure:7638: $? = 0
configure:7642: /usr/local/arm/gcc-linaro-4.9-2016.02-x86_64_arm-linux-gnueabihf/bin/arm-linux-gnueabihf-nm -B conftest.o \| sed -n -e 's/^.*[ ]\([ABCDGIRSTW][ABCDGIRSTW]*\)[ ][ ]*\([_A-Za-z][_A-Za-z0-9]*\)$/\1 \2 \2/p' | sed '/ __gnu_lto/d' \> conftest.nm
configure:7645: $? = 0
configure:7711: arm-linux-gnueabihf-gcc  -L/home/chen/work/bluez/build/lib/ -I/home/chen/work/bluez/build/include -o conftest -g -O2   conftest.c conftstm.o >&5
configure:7714: $? = 0
configure:7752: result: ok
configure:7789: checking for sysroot
configure:7819: result: no
configure:8048: checking for arm-linux-gnueabihf-mt
configure:8078: result: no
configure:8088: checking for mt
configure:8104: found /usr/bin/mt
configure:8115: result: mt
configure:8127: WARNING: using cross tools not prefixed with host triplet
configure:8138: checking if mt is a manifest tool
configure:8144: mt '-?'
configure:8152: result: no
configure:8791: checking for dlfcn.h
configure:8791: arm-linux-gnueabihf-gcc  -L/home/chen/work/bluez/build/lib/ -I/home/chen/work/bluez/build/include -c -g -O2  conftest.c >&5
configure:8791: $? = 0
configure:8791: result: yes
configure:8967: checking for objdir
configure:8982: result: .libs
configure:9249: checking if arm-linux-gnueabihf-gcc  -L/home/chen/work/bluez/build/lib/ -I/home/chen/work/bluez/build/include supports -fno-rtti -fno-exceptions
configure:9267: arm-linux-gnueabihf-gcc  -L/home/chen/work/bluez/build/lib/ -I/home/chen/work/bluez/build/include -c -g -O2  -fno-rtti -fno-exceptions conftest.c >&5
cc1: warning: command line option '-fno-rtti' is valid for C++/ObjC++ but not for C
configure:9271: $? = 0
configure:9284: result: no
configure:9611: checking for arm-linux-gnueabihf-gcc  -L/home/chen/work/bluez/build/lib/ -I/home/chen/work/bluez/build/include option to produce PIC
configure:9618: result: -fPIC -DPIC
configure:9626: checking if arm-linux-gnueabihf-gcc  -L/home/chen/work/bluez/build/lib/ -I/home/chen/work/bluez/build/include PIC flag -fPIC -DPIC works
configure:9644: arm-linux-gnueabihf-gcc  -L/home/chen/work/bluez/build/lib/ -I/home/chen/work/bluez/build/include -c -g -O2  -fPIC -DPIC -DPIC conftest.c >&5
configure:9648: $? = 0
configure:9661: result: yes
configure:9690: checking if arm-linux-gnueabihf-gcc  -L/home/chen/work/bluez/build/lib/ -I/home/chen/work/bluez/build/include static flag -static works
configure:9718: result: yes
configure:9733: checking if arm-linux-gnueabihf-gcc  -L/home/chen/work/bluez/build/lib/ -I/home/chen/work/bluez/build/include supports -c -o file.o
configure:9754: arm-linux-gnueabihf-gcc  -L/home/chen/work/bluez/build/lib/ -I/home/chen/work/bluez/build/include -c -g -O2  -o out/conftest2.o conftest.c >&5
configure:9758: $? = 0
configure:9780: result: yes
configure:9788: checking if arm-linux-gnueabihf-gcc  -L/home/chen/work/bluez/build/lib/ -I/home/chen/work/bluez/build/include supports -c -o file.o
configure:9835: result: yes
configure:9868: checking whether the arm-linux-gnueabihf-gcc  -L/home/chen/work/bluez/build/lib/ -I/home/chen/work/bluez/build/include linker (/usr/local/arm/gcc-linaro-4.9-2016.02-x86_64_arm-linux-gnueabihf/arm-linux-gnueabihf/bin/ld) supports shared libraries
configure:11025: result: yes
configure:11062: checking whether -lc should be explicitly linked in
configure:11070: arm-linux-gnueabihf-gcc  -L/home/chen/work/bluez/build/lib/ -I/home/chen/work/bluez/build/include -c -g -O2  conftest.c >&5
configure:11073: $? = 0
configure:11088: arm-linux-gnueabihf-gcc  -L/home/chen/work/bluez/build/lib/ -I/home/chen/work/bluez/build/include -shared  -fPIC -DPIC conftest.o  -v -Wl,-soname -Wl,conftest -o conftest 2\>\&1 \| /usr/bin/grep  -lc  \>/dev/null 2\>\&1
configure:11091: $? = 0
configure:11105: result: no
configure:11265: checking dynamic linker characteristics
configure:11765: arm-linux-gnueabihf-gcc  -L/home/chen/work/bluez/build/lib/ -I/home/chen/work/bluez/build/include -o conftest -g -O2   -Wl,-rpath -Wl,/foo conftest.c  >&5
configure:11765: $? = 0
configure:11999: result: GNU/Linux ld.so
configure:12106: checking how to hardcode library paths into programs
configure:12131: result: immediate
configure:12671: checking whether stripping libraries is possible
configure:12676: result: yes
configure:12711: checking if libtool supports shared libraries
configure:12713: result: yes
configure:12716: checking whether to build shared libraries
configure:12737: result: yes
configure:12740: checking whether to build static libraries
configure:12744: result: no
configure:9987: checking for signalfd
configure:9987: arm-linux-gnueabihf-gcc  -L/home/chen/work/bluez/build/lib/ -I/home/chen/work/bluez/build/include -o conftest -g -O2   conftest.c  >&5
configure:9987: $? = 0
configure:9987: result: yes
configure:9995: checking for clock_gettime in -lrt
configure:10020: arm-linux-gnueabihf-gcc  -L/home/chen/work/bluez/build/lib/ -I/home/chen/work/bluez/build/include -o conftest -g -O2   conftest.c -lrt   >&5
configure:10020: $? = 0
configure:10029: result: yes
configure:10038: checking for pthread_create in -lpthread
configure:10063: arm-linux-gnueabihf-gcc  -L/home/chen/work/bluez/build/lib/ -I/home/chen/work/bluez/build/include -o conftest -g -O2   conftest.c -lpthread   >&5
configure:10063: $? = 0
configure:10072: result: yes
configure:10081: checking for dlopen in -ldl
configure:10106: arm-linux-gnueabihf-gcc  -L/home/chen/work/bluez/build/lib/ -I/home/chen/work/bluez/build/include -o conftest -g -O2   conftest.c -ldl   >&5
configure:10106: $? = 0
configure:10115: result: yes
configure:10127: checking linux/types.h usability
configure:10127: arm-linux-gnueabihf-gcc  -L/home/chen/work/bluez/build/lib/ -I/home/chen/work/bluez/build/include -c -g -O2  conftest.c >&5
configure:10127: $? = 0
configure:10127: result: yes
configure:10127: checking linux/types.h presence
configure:10127: arm-linux-gnueabihf-gcc  -L/home/chen/work/bluez/build/lib/ -I/home/chen/work/bluez/build/include -E  conftest.c
configure:10127: $? = 0
configure:10127: result: yes
configure:10127: checking for linux/types.h
configure:10127: result: yes
configure:10127: checking linux/if_alg.h usability
configure:10127: arm-linux-gnueabihf-gcc  -L/home/chen/work/bluez/build/lib/ -I/home/chen/work/bluez/build/include -c -g -O2  conftest.c >&5
configure:10127: $? = 0
configure:10127: result: yes
configure:10127: checking linux/if_alg.h presence
configure:10127: arm-linux-gnueabihf-gcc  -L/home/chen/work/bluez/build/lib/ -I/home/chen/work/bluez/build/include -E  conftest.c
configure:10127: $? = 0
configure:10127: result: yes
configure:10127: checking for linux/if_alg.h
configure:10127: result: yes
configure:10140: checking for GLIB
configure:10147: $PKG_CONFIG --exists --print-errors "glib-2.0 >= 2.28"
configure:10150: $? = 0
configure:10164: $PKG_CONFIG --exists --print-errors "glib-2.0 >= 2.28"
configure:10167: $? = 0
configure:10205: result: yes
configure:10218: checking for GTHREAD
configure:10283: result: yes
configure:10293: checking for DBUS
configure:10300: $PKG_CONFIG --exists --print-errors "dbus-1 >= 1.6"
configure:10303: $? = 0
configure:10317: $PKG_CONFIG --exists --print-errors "dbus-1 >= 1.6"
configure:10320: $? = 0
configure:10358: result: yes
configure:10372: checking D-Bus configuration directory
configure:10378: result: /usr/local/etc
configure:10391: checking D-Bus system bus services dir
configure:10397: result: /usr/local/share/dbus-1/system-services
configure:10410: checking D-Bus session bus services dir
configure:10416: result: /usr/local/share/dbus-1/services
configure:10976: checking for ICAL
configure:10983: $PKG_CONFIG --exists --print-errors "libical"
configure:10986: $? = 0
configure:11000: $PKG_CONFIG --exists --print-errors "libical"
configure:11003: $? = 0
configure:11041: result: yes
configure:11074: checking readline/readline.h usability
configure:11074: arm-linux-gnueabihf-gcc  -L/home/chen/work/bluez/build/lib/ -I/home/chen/work/bluez/build/include -c -g -O2  conftest.c >&5
configure:11074: $? = 0
configure:11074: result: yes
configure:11074: checking readline/readline.h presence
configure:11074: arm-linux-gnueabihf-gcc  -L/home/chen/work/bluez/build/lib/ -I/home/chen/work/bluez/build/include -E  conftest.c
configure:11074: $? = 0
configure:11074: result: yes
configure:11074: checking for readline/readline.h
configure:11074: result: yes
configure:11541: checking that generated files are newer than configure
configure:11547: result: done
configure:11702: creating ./config.status

## ---------------------- ##
## Running config.status. ##
## ---------------------- ##

This file was extended by bluez config.status 5.47, which was
generated by GNU Autoconf 2.69.  Invocation command line was

  CONFIG_FILES    = 
  CONFIG_HEADERS  = 
  CONFIG_LINKS    = 
  CONFIG_COMMANDS = 
  $ ./config.status 

on chen

config.status:1194: creating Makefile
config.status:1194: creating src/bluetoothd.8
config.status:1194: creating lib/bluez.pc
config.status:1194: creating config.h
config.status:1375: config.h is unchanged
config.status:1423: executing depfiles commands
config.status:1423: executing libtool commands

## ---------------- ##
## Cache variables. ##
## ---------------- ##

ac_cv_build=x86_64-unknown-linux-gnu
ac_cv_c_compiler_gnu=yes
ac_cv_c_restrict=__restrict
ac_cv_env_ALSA_CFLAGS_set=
ac_cv_env_ALSA_CFLAGS_value=
ac_cv_env_ALSA_LIBS_set=
ac_cv_env_ALSA_LIBS_value=
ac_cv_env_CC_set=set
ac_cv_env_CC_value='arm-linux-gnueabihf-gcc  -L/home/chen/work/bluez/build/lib/ -I/home/chen/work/bluez/build/include'
ac_cv_env_CFLAGS_set=
ac_cv_env_CFLAGS_value=
ac_cv_env_CPPFLAGS_set=
ac_cv_env_CPPFLAGS_value=
ac_cv_env_CPP_set=
ac_cv_env_CPP_value=
ac_cv_env_DBUS_CFLAGS_set=
ac_cv_env_DBUS_CFLAGS_value=
ac_cv_env_DBUS_LIBS_set=
ac_cv_env_DBUS_LIBS_value=
ac_cv_env_GLIB_CFLAGS_set=
ac_cv_env_GLIB_CFLAGS_value=
ac_cv_env_GLIB_LIBS_set=
ac_cv_env_GLIB_LIBS_value=
ac_cv_env_GTHREAD_CFLAGS_set=set
ac_cv_env_GTHREAD_CFLAGS_value=-I/home/chen/work/bluez/build/include
ac_cv_env_GTHREAD_LIBS_set=set
ac_cv_env_GTHREAD_LIBS_value=-L/home/chen/work/bluez/build/lib
ac_cv_env_ICAL_CFLAGS_set=
ac_cv_env_ICAL_CFLAGS_value=
ac_cv_env_ICAL_LIBS_set=
ac_cv_env_ICAL_LIBS_value=
ac_cv_env_JSONC_CFLAGS_set=
ac_cv_env_JSONC_CFLAGS_value=
ac_cv_env_JSONC_LIBS_set=
ac_cv_env_JSONC_LIBS_value=
ac_cv_env_LDFLAGS_set=
ac_cv_env_LDFLAGS_value=
ac_cv_env_LIBS_set=
ac_cv_env_LIBS_value=
ac_cv_env_PKG_CONFIG_LIBDIR_set=
ac_cv_env_PKG_CONFIG_LIBDIR_value=
ac_cv_env_PKG_CONFIG_PATH_set=set
ac_cv_env_PKG_CONFIG_PATH_value=/home/chen/work/bluez/build/lib/pkgconfig
ac_cv_env_PKG_CONFIG_set=
ac_cv_env_PKG_CONFIG_value=
ac_cv_env_SBC_CFLAGS_set=
ac_cv_env_SBC_CFLAGS_value=
ac_cv_env_SBC_LIBS_set=
ac_cv_env_SBC_LIBS_value=
ac_cv_env_SPEEXDSP_CFLAGS_set=
ac_cv_env_SPEEXDSP_CFLAGS_value=
ac_cv_env_SPEEXDSP_LIBS_set=
ac_cv_env_SPEEXDSP_LIBS_value=
ac_cv_env_UDEV_CFLAGS_set=
ac_cv_env_UDEV_CFLAGS_value=
ac_cv_env_UDEV_LIBS_set=
ac_cv_env_UDEV_LIBS_value=
ac_cv_env_build_alias_set=
ac_cv_env_build_alias_value=
ac_cv_env_host_alias_set=set
ac_cv_env_host_alias_value=arm-linux-gnueabihf
ac_cv_env_target_alias_set=
ac_cv_env_target_alias_value=
ac_cv_func_signalfd=yes
ac_cv_header_dlfcn_h=yes
ac_cv_header_inttypes_h=yes
ac_cv_header_linux_if_alg_h=yes
ac_cv_header_linux_types_h=yes
ac_cv_header_memory_h=yes
ac_cv_header_minix_config_h=no
ac_cv_header_readline_readline_h=yes
ac_cv_header_stdc=yes
ac_cv_header_stdint_h=yes
ac_cv_header_stdlib_h=yes
ac_cv_header_string_h=yes
ac_cv_header_strings_h=yes
ac_cv_header_sys_stat_h=yes
ac_cv_header_sys_types_h=yes
ac_cv_header_unistd_h=yes
ac_cv_host=arm-unknown-linux-gnueabihf
ac_cv_lib_dl_dlopen=yes
ac_cv_lib_pthread_pthread_create=yes
ac_cv_lib_rt_clock_gettime=yes
ac_cv_objext=o
ac_cv_path_EGREP='/usr/bin/grep -E'
ac_cv_path_FGREP='/usr/bin/grep -F'
ac_cv_path_GREP=/usr/bin/grep
ac_cv_path_PKG_CONFIG=/usr/bin/arm-linux-gnueabihf-pkg-config
ac_cv_path_SED=/usr/bin/sed
ac_cv_path_install='/usr/bin/install -c'
ac_cv_path_mkdir=/usr/bin/mkdir
ac_cv_prog_AR=arm-linux-gnueabihf-ar
ac_cv_prog_AWK=mawk
ac_cv_prog_CC='arm-linux-gnueabihf-gcc  -L/home/chen/work/bluez/build/lib/ -I/home/chen/work/bluez/build/include'
ac_cv_prog_CPP='arm-linux-gnueabihf-gcc  -L/home/chen/work/bluez/build/lib/ -I/home/chen/work/bluez/build/include -E'
ac_cv_prog_OBJDUMP=arm-linux-gnueabihf-objdump
ac_cv_prog_RANLIB=arm-linux-gnueabihf-ranlib
ac_cv_prog_STRIP=arm-linux-gnueabihf-strip
ac_cv_prog_ac_ct_MANIFEST_TOOL=mt
ac_cv_prog_cc_c89=
ac_cv_prog_cc_g=yes
ac_cv_prog_cc_pie=yes
ac_cv_prog_make_make_set=yes
ac_cv_safe_to_define___extensions__=yes
am_cv_CC_dependencies_compiler_type=gcc3
am_cv_make_support_nested_variables=yes
am_cv_prog_cc_c_o=yes
am_cv_prog_tar_pax=gnutar
lt_cv_ar_at_file=@
lt_cv_archive_cmds_need_lc=no
lt_cv_deplibs_check_method=pass_all
lt_cv_file_magic_cmd='$MAGIC_CMD'
lt_cv_file_magic_test_file=
lt_cv_ld_reload_flag=-r
lt_cv_nm_interface='BSD nm'
lt_cv_objdir=.libs
lt_cv_path_LD=/usr/local/arm/gcc-linaro-4.9-2016.02-x86_64_arm-linux-gnueabihf/arm-linux-gnueabihf/bin/ld
lt_cv_path_NM='/usr/local/arm/gcc-linaro-4.9-2016.02-x86_64_arm-linux-gnueabihf/bin/arm-linux-gnueabihf-nm -B'
lt_cv_path_mainfest_tool=no
lt_cv_prog_compiler_c_o=yes
lt_cv_prog_compiler_pic='-fPIC -DPIC'
lt_cv_prog_compiler_pic_works=yes
lt_cv_prog_compiler_rtti_exceptions=no
lt_cv_prog_compiler_static_works=yes
lt_cv_prog_gnu_ld=yes
lt_cv_sharedlib_from_linklib_cmd='printf %s\n'
lt_cv_shlibpath_overrides_runpath=no
lt_cv_sys_global_symbol_pipe='sed -n -e '\''s/^.*[	 ]\([ABCDGIRSTW][ABCDGIRSTW]*\)[	 ][	 ]*\([_A-Za-z][_A-Za-z0-9]*\)$/\1 \2 \2/p'\'' | sed '\''/ __gnu_lto/d'\'''
lt_cv_sys_global_symbol_to_c_name_address='sed -n -e '\''s/^: \([^ ]*\)[ ]*$/  {\"\1\", (void *) 0},/p'\'' -e '\''s/^[ABCDGIRSTW]* \([^ ]*\) \([^ ]*\)$/  {"\2", (void *) \&\2},/p'\'''
lt_cv_sys_global_symbol_to_c_name_address_lib_prefix='sed -n -e '\''s/^: \([^ ]*\)[ ]*$/  {\"\1\", (void *) 0},/p'\'' -e '\''s/^[ABCDGIRSTW]* \([^ ]*\) \(lib[^ ]*\)$/  {"\2", (void *) \&\2},/p'\'' -e '\''s/^[ABCDGIRSTW]* \([^ ]*\) \([^ ]*\)$/  {"lib\2", (void *) \&\2},/p'\'''
lt_cv_sys_global_symbol_to_cdecl='sed -n -e '\''s/^T .* \(.*\)$/extern int \1();/p'\'' -e '\''s/^[ABCDGIRSTW]* .* \(.*\)$/extern char \1;/p'\'''
lt_cv_sys_max_cmd_len=1572864
lt_cv_to_host_file_cmd=func_convert_file_noop
lt_cv_to_tool_file_cmd=func_convert_file_noop
pkg_cv_DBUS_CFLAGS='-I/usr/local/include/dbus-1.0 -I/usr/local/lib/dbus-1.0/include'
pkg_cv_DBUS_LIBS='-L/usr/local/lib -ldbus-1'
pkg_cv_GLIB_CFLAGS='-I/home/chen/work/bluez/build/include/glib-2.0 -I/home/chen/work/bluez/build/lib/glib-2.0/include'
pkg_cv_GLIB_LIBS='-L/home/chen/work/bluez/build/lib -lglib-2.0'
pkg_cv_GTHREAD_CFLAGS=-I/home/chen/work/bluez/build/include
pkg_cv_GTHREAD_LIBS=-L/home/chen/work/bluez/build/lib
pkg_cv_ICAL_CFLAGS=-I/home/chen/work/bluez/build/include
pkg_cv_ICAL_LIBS='-L/home/chen/work/bluez/build/lib -lical -licalss -licalvcal -lpthread'

## ----------------- ##
## Output variables. ##
## ----------------- ##

A2DP_FALSE='#'
A2DP_TRUE=''
ACLOCAL='${SHELL} /home/chen/work/bluez/install/bluez/missing aclocal-1.14'
ALSA_CFLAGS=''
ALSA_LIBS=''
AMDEPBACKSLASH='\'
AMDEP_FALSE='#'
AMDEP_TRUE=''
AMTAR='$${TAR-tar}'
AM_BACKSLASH='\'
AM_DEFAULT_V='$(AM_DEFAULT_VERBOSITY)'
AM_DEFAULT_VERBOSITY='0'
AM_V='$(V)'
ANDROID_FALSE=''
ANDROID_TRUE='#'
AR='arm-linux-gnueabihf-ar'
AUTOCONF='${SHELL} /home/chen/work/bluez/install/bluez/missing autoconf'
AUTOHEADER='${SHELL} /home/chen/work/bluez/install/bluez/missing autoheader'
AUTOMAKE='${SHELL} /home/chen/work/bluez/install/bluez/missing automake-1.14'
AVRCP_FALSE='#'
AVRCP_TRUE=''
AWK='mawk'
BACKTRACE_CFLAGS=''
BACKTRACE_LIBS=''
CC='arm-linux-gnueabihf-gcc  -L/home/chen/work/bluez/build/lib/ -I/home/chen/work/bluez/build/include'
CCDEPMODE='depmode=gcc3'
CFLAGS='-g -O2'
CLIENT_FALSE='#'
CLIENT_TRUE=''
CONFIGDIR='/home/chen/work/bluez/build/etc/bluetooth'
COVERAGE_FALSE=''
COVERAGE_TRUE='#'
CPP='arm-linux-gnueabihf-gcc  -L/home/chen/work/bluez/build/lib/ -I/home/chen/work/bluez/build/include -E'
CPPFLAGS=''
CUPS_FALSE='#'
CUPS_TRUE=''
CYGPATH_W='echo'
DATAFILES_FALSE='#'
DATAFILES_TRUE=''
DBUS_CFLAGS='-I/usr/local/include/dbus-1.0 -I/usr/local/lib/dbus-1.0/include'
DBUS_CONFDIR='/usr/local/etc'
DBUS_LIBS='-L/usr/local/lib -ldbus-1'
DBUS_RUN_SESSION_FALSE=''
DBUS_RUN_SESSION_TRUE='#'
DBUS_SESSIONBUSDIR='/usr/local/share/dbus-1/services'
DBUS_SYSTEMBUSDIR='/usr/local/share/dbus-1/system-services'
DEFS='-DHAVE_CONFIG_H'
DEPDIR='.deps'
DEPRECATED_FALSE='#'
DEPRECATED_TRUE=''
DLLTOOL='false'
DSYMUTIL=''
DUMPBIN=''
ECHO_C=''
ECHO_N='-n'
ECHO_T=''
EGREP='/usr/bin/grep -E'
EXEEXT=''
EXPERIMENTAL_FALSE='#'
EXPERIMENTAL_TRUE=''
FGREP='/usr/bin/grep -F'
GLIB_CFLAGS='-I/home/chen/work/bluez/build/include/glib-2.0 -I/home/chen/work/bluez/build/lib/glib-2.0/include -I/home/chen/work/bluez/build/include'
GLIB_LIBS='-L/home/chen/work/bluez/build/lib -lglib-2.0 -L/home/chen/work/bluez/build/lib'
GREP='/usr/bin/grep'
GTHREAD_CFLAGS='-I/home/chen/work/bluez/build/include'
GTHREAD_LIBS='-L/home/chen/work/bluez/build/lib'
HEALTH_FALSE='#'
HEALTH_TRUE=''
HID2HCI_FALSE=''
HID2HCI_TRUE='#'
HID_FALSE='#'
HID_TRUE=''
HOG_FALSE='#'
HOG_TRUE=''
ICAL_CFLAGS='-I/home/chen/work/bluez/build/include'
ICAL_LIBS='-L/home/chen/work/bluez/build/lib -lical -licalss -licalvcal -lpthread'
INSTALL_DATA='${INSTALL} -m 644'
INSTALL_PROGRAM='${INSTALL}'
INSTALL_SCRIPT='${INSTALL}'
INSTALL_STRIP_PROGRAM='$(install_sh) -c -s'
JSONC_CFLAGS=''
JSONC_LIBS=''
JSON_CFLAGS=''
JSON_LIBS=''
LD='/usr/local/arm/gcc-linaro-4.9-2016.02-x86_64_arm-linux-gnueabihf/arm-linux-gnueabihf/bin/ld'
LDFLAGS=''
LIBOBJS=''
LIBRARY_FALSE='#'
LIBRARY_TRUE=''
LIBS=''
LIBTOOL='$(SHELL) $(top_builddir)/libtool'
LIPO=''
LN_S='ln -s'
LTLIBOBJS=''
MAINT='#'
MAINTAINER_MODE_FALSE=''
MAINTAINER_MODE_TRUE='#'
MAKEINFO='${SHELL} /home/chen/work/bluez/install/bluez/missing makeinfo'
MANIFEST_TOOL=':'
MANPAGES_FALSE=''
MANPAGES_TRUE='#'
MESH_FALSE=''
MESH_TRUE='#'
MIDI_FALSE=''
MIDI_TRUE='#'
MISC_CFLAGS=' -g -fPIC'
MISC_LDFLAGS=' -pie'
MKDIR_P='/usr/bin/mkdir -p'
MONITOR_FALSE='#'
MONITOR_TRUE=''
NETWORK_FALSE='#'
NETWORK_TRUE=''
NFC_FALSE=''
NFC_TRUE='#'
NM='/usr/local/arm/gcc-linaro-4.9-2016.02-x86_64_arm-linux-gnueabihf/bin/arm-linux-gnueabihf-nm -B'
NMEDIT=''
OBEX_FALSE='#'
OBEX_TRUE=''
OBJDUMP='arm-linux-gnueabihf-objdump'
OBJEXT='o'
OTOOL64=''
OTOOL=''
PACKAGE='bluez'
PACKAGE_BUGREPORT=''
PACKAGE_NAME='bluez'
PACKAGE_STRING='bluez 5.47'
PACKAGE_TARNAME='bluez'
PACKAGE_URL=''
PACKAGE_VERSION='5.47'
PATH_SEPARATOR=':'
PKG_CONFIG='/usr/bin/arm-linux-gnueabihf-pkg-config'
PKG_CONFIG_LIBDIR=''
PKG_CONFIG_PATH='/home/chen/work/bluez/build/lib/pkgconfig'
RANLIB='arm-linux-gnueabihf-ranlib'
READLINE_FALSE='#'
READLINE_TRUE=''
SAP_FALSE=''
SAP_TRUE='#'
SBC_CFLAGS=''
SBC_LIBS=''
SED='/usr/bin/sed'
SET_MAKE=''
SHELL='/bin/bash'
SIXAXIS_FALSE=''
SIXAXIS_TRUE='#'
SPEEXDSP_CFLAGS=''
SPEEXDSP_LIBS=''
STRIP='arm-linux-gnueabihf-strip'
SYSTEMD_FALSE='#'
SYSTEMD_SYSTEMUNITDIR='/home/chen/work/bluez/build/ll_lib/systemd/system'
SYSTEMD_TRUE=''
SYSTEMD_USERUNITDIR='/home/chen/work/bluez/build/ll_usr/lib/systemd'
TESTING_FALSE=''
TESTING_TRUE='#'
TEST_FALSE='#'
TEST_TRUE=''
TOOLS_FALSE='#'
TOOLS_TRUE=''
UDEV_CFLAGS=''
UDEV_DIR=''
UDEV_FALSE=''
UDEV_LIBS=''
UDEV_TRUE='#'
VALGRIND_FALSE=''
VALGRIND_TRUE='#'
VERSION='5.47'
WARNING_CFLAGS=''
ac_ct_AR=''
ac_ct_CC=''
ac_ct_DUMPBIN=''
am__EXEEXT_FALSE=''
am__EXEEXT_TRUE='#'
am__fastdepCC_FALSE='#'
am__fastdepCC_TRUE=''
am__include='include'
am__isrc=''
am__leading_dot='.'
am__nodep='_no'
am__quote=''
am__tar='tar --format=posix -chf - "$$tardir"'
am__untar='tar -xf -'
bindir='${exec_prefix}/bin'
build='x86_64-unknown-linux-gnu'
build_alias=''
build_cpu='x86_64'
build_os='linux-gnu'
build_vendor='unknown'
datadir='${datarootdir}'
datarootdir='${prefix}/share'
docdir='${datarootdir}/doc/${PACKAGE_TARNAME}'
dvidir='${docdir}'
enable_coverage=''
enable_dbus_run_session=''
enable_valgrind=''
exec_prefix='${prefix}'
host='arm-unknown-linux-gnueabihf'
host_alias='arm-linux-gnueabihf'
host_cpu='arm'
host_os='linux-gnueabihf'
host_vendor='unknown'
htmldir='${docdir}'
includedir='${prefix}/include'
infodir='${datarootdir}/info'
install_sh='${SHELL} /home/chen/work/bluez/install/bluez/install-sh'
libdir='${exec_prefix}/lib'
libexecdir='${exec_prefix}/libexec'
localedir='${datarootdir}/locale'
localstatedir='/home/chen/work/bluez/build/var'
mandir='${datarootdir}/man'
mkdir_p='$(MKDIR_P)'
oldincludedir='/usr/include'
pdfdir='${docdir}'
prefix=''
program_transform_name='s,x,x,'
psdir='${docdir}'
sbindir='${exec_prefix}/sbin'
sharedstatedir='${prefix}/com'
sysconfdir='/home/chen/work/bluez/build/etc'
target_alias=''

## ----------- ##
## confdefs.h. ##
## ----------- ##

/* confdefs.h */
#define PACKAGE_NAME "bluez"
#define PACKAGE_TARNAME "bluez"
#define PACKAGE_VERSION "5.47"
#define PACKAGE_STRING "bluez 5.47"
#define PACKAGE_BUGREPORT ""
#define PACKAGE_URL ""
#define PACKAGE "bluez"
#define VERSION "5.47"
#define STDC_HEADERS 1
#define HAVE_SYS_TYPES_H 1
#define HAVE_SYS_STAT_H 1
#define HAVE_STDLIB_H 1
#define HAVE_STRING_H 1
#define HAVE_MEMORY_H 1
#define HAVE_STRINGS_H 1
#define HAVE_INTTYPES_H 1
#define HAVE_STDINT_H 1
#define HAVE_UNISTD_H 1
#define __EXTENSIONS__ 1
#define _ALL_SOURCE 1
#define _GNU_SOURCE 1
#define _POSIX_PTHREAD_SEMANTICS 1
#define _TANDEM_SOURCE 1
#define restrict __restrict
#define HAVE_DLFCN_H 1
#define LT_OBJDIR ".libs/"
#define HAVE_LINUX_TYPES_H 1
#define HAVE_LINUX_IF_ALG_H 1
#define NEED_THREADS 1
#define HAVE_READLINE_READLINE_H 1
#define STORAGEDIR "/home/chen/work/bluez/build/var/lib/bluetooth"
#define CONFIGDIR "/home/chen/work/bluez/build/etc/bluetooth"
#define ANDROID_STORAGEDIR "/home/chen/work/bluez/build/var/lib/bluetooth/android"

configure: exit 0
