This file contains any messages produced by compilers while
running configure, to aid debugging if configure makes a mistake.

It was created by expat configure 2.2.7, which was
generated by GNU Autoconf 2.69.  Invocation command line was

  $ ./configure -host=arm-linux-gnueabihf CC=arm-linux-gnueabihf-gcc --prefix=/home/chen/work/bluez/build --enable-shared

## --------- ##
## Platform. ##
## --------- ##

hostname = chen
uname -m = x86_64
uname -r = 5.11.0-38-generic
uname -s = Linux
uname -v = #42~20.04.1-Ubuntu SMP Tue Sep 28 20:41:07 UTC 2021

/usr/bin/uname -p = x86_64
/bin/uname -X     = unknown

/bin/arch              = x86_64
/usr/bin/arch -k       = unknown
/usr/convex/getsysinfo = unknown
/usr/bin/hostinfo      = unknown
/bin/machine           = unknown
/usr/bin/oslevel       = unknown
/bin/universe          = unknown

PATH: /home/chen/.cache/cloud-code/installer/google-cloud-sdk/bin
PATH: /home/chen/.local/share/umake/bin
PATH: /usr/local/sbin
PATH: /usr/local/bin
PATH: /usr/sbin
PATH: /usr/bin
PATH: /sbin
PATH: /bin
PATH: /usr/games
PATH: /usr/local/games
PATH: /snap/bin
PATH: /usr/local/arm/gcc-linaro-4.9-2016.02-x86_64_arm-linux-gnueabihf/bin


## ----------- ##
## Core tests. ##
## ----------- ##

configure:2490: checking for a BSD-compatible install
configure:2558: result: /usr/bin/install -c
configure:2569: checking whether build environment is sane
configure:2624: result: yes
configure:2681: checking for arm-linux-gnueabihf-strip
configure:2697: found /usr/local/arm/gcc-linaro-4.9-2016.02-x86_64_arm-linux-gnueabihf/bin/arm-linux-gnueabihf-strip
configure:2708: result: arm-linux-gnueabihf-strip
configure:2773: checking for a thread-safe mkdir -p
configure:2812: result: /usr/bin/mkdir -p
configure:2819: checking for gawk
configure:2849: result: no
configure:2819: checking for mawk
configure:2835: found /usr/bin/mawk
configure:2846: result: mawk
configure:2857: checking whether make sets $(MAKE)
configure:2879: result: yes
configure:2908: checking whether make supports nested variables
configure:2925: result: yes
configure:3082: : CPPFLAGS="$CPPFLAGS"
configure:3085: $? = 0
configure:3092: checking whether make supports the include directive
configure:3107: make -f confmf.GNU && cat confinc.out
this is the am__doit target
configure:3110: $? = 0
configure:3129: result: yes (GNU style)
configure:3159: checking for arm-linux-gnueabihf-gcc
configure:3186: result: arm-linux-gnueabihf-gcc
configure:3455: checking for C compiler version
configure:3464: arm-linux-gnueabihf-gcc --version >&5
arm-linux-gnueabihf-gcc (Linaro GCC 4.9-2016.02) 4.9.4 20151028 (prerelease)
Copyright (C) 2015 Free Software Foundation, Inc.
This is free software; see the source for copying conditions.  There is NO
warranty; not even for MERCHANTABILITY or FITNESS FOR A PARTICULAR PURPOSE.

configure:3475: $? = 0
configure:3464: arm-linux-gnueabihf-gcc -v >&5
Using built-in specs.
COLLECT_GCC=arm-linux-gnueabihf-gcc
COLLECT_LTO_WRAPPER=/usr/local/arm/gcc-linaro-4.9-2016.02-x86_64_arm-linux-gnueabihf/bin/../libexec/gcc/arm-linux-gnueabihf/4.9.4/lto-wrapper
Target: arm-linux-gnueabihf
Configured with: /home/tcwg-buildslave/workspace/tcwg-make-release/label/tcwg-x86_64-ex40/target/arm-linux-gnueabihf/snapshots/gcc-linaro-4.9-2016.02/configure SHELL=/bin/bash --with-bugurl=https://bugs.linaro.org --with-mpc=/home/tcwg-buildslave/workspace/tcwg-make-release/label/tcwg-x86_64-ex40/target/arm-linux-gnueabihf/_build/builds/destdir/x86_64-unknown-linux-gnu --with-mpfr=/home/tcwg-buildslave/workspace/tcwg-make-release/label/tcwg-x86_64-ex40/target/arm-linux-gnueabihf/_build/builds/destdir/x86_64-unknown-linux-gnu --with-gmp=/home/tcwg-buildslave/workspace/tcwg-make-release/label/tcwg-x86_64-ex40/target/arm-linux-gnueabihf/_build/builds/destdir/x86_64-unknown-linux-gnu --with-gnu-as --with-gnu-ld --disable-libstdcxx-pch --disable-libmudflap --with-cloog=no --with-ppl=no --with-isl=no --disable-nls --enable-c99 --with-tune=cortex-a9 --with-arch=armv7-a --with-fpu=vfpv3-d16 --with-float=hard --with-mode=thumb --disable-multilib --enable-multiarch --with-build-sysroot=/home/tcwg-buildslave/workspace/tcwg-make-release/label/tcwg-x86_64-ex40/target/arm-linux-gnueabihf/_build/sysroots/arm-linux-gnueabihf --enable-lto --enable-linker-build-id --enable-long-long --enable-shared --with-sysroot=/home/tcwg-buildslave/workspace/tcwg-make-release/label/tcwg-x86_64-ex40/target/arm-linux-gnueabihf/_build/builds/destdir/x86_64-unknown-linux-gnu/arm-linux-gnueabihf/libc --enable-languages=c,c++,fortran,lto --enable-checking=release --disable-bootstrap --with-bugurl=https://bugs.linaro.org --build=x86_64-unknown-linux-gnu --host=x86_64-unknown-linux-gnu --target=arm-linux-gnueabihf --prefix=/home/tcwg-buildslave/workspace/tcwg-make-release/label/tcwg-x86_64-ex40/target/arm-linux-gnueabihf/_build/builds/destdir/x86_64-unknown-linux-gnu
Thread model: posix
gcc version 4.9.4 20151028 (prerelease) (Linaro GCC 4.9-2016.02) 
configure:3475: $? = 0
configure:3464: arm-linux-gnueabihf-gcc -V >&5
arm-linux-gnueabihf-gcc: error: unrecognized command line option '-V'
arm-linux-gnueabihf-gcc: fatal error: no input files
compilation terminated.
configure:3475: $? = 1
configure:3464: arm-linux-gnueabihf-gcc -qversion >&5
arm-linux-gnueabihf-gcc: error: unrecognized command line option '-qversion'
arm-linux-gnueabihf-gcc: fatal error: no input files
compilation terminated.
configure:3475: $? = 1
configure:3495: checking whether the C compiler works
configure:3517: arm-linux-gnueabihf-gcc  -DHAVE_EXPAT_CONFIG_H  conftest.c  >&5
configure:3521: $? = 0
configure:3569: result: yes
configure:3572: checking for C compiler default output file name
configure:3574: result: a.out
configure:3580: checking for suffix of executables
configure:3587: arm-linux-gnueabihf-gcc -o conftest  -DHAVE_EXPAT_CONFIG_H  conftest.c  >&5
configure:3591: $? = 0
configure:3613: result: 
configure:3635: checking whether we are cross compiling
configure:3643: arm-linux-gnueabihf-gcc -o conftest  -DHAVE_EXPAT_CONFIG_H  conftest.c  >&5
configure:3647: $? = 0
configure:3654: ./conftest
./configure: line 3656: ./conftest: cannot execute binary file: Exec format error
configure:3658: $? = 126
configure:3646: result: yes
configure:3651: checking for suffix of object files
configure:3673: arm-linux-gnueabihf-gcc -c  -DHAVE_EXPAT_CONFIG_H conftest.c >&5
configure:3677: $? = 0
configure:3698: result: o
configure:3702: checking whether we are using the GNU C compiler
configure:3721: arm-linux-gnueabihf-gcc -c  -DHAVE_EXPAT_CONFIG_H conftest.c >&5
configure:3721: $? = 0
configure:3730: result: yes
configure:3739: checking whether arm-linux-gnueabihf-gcc accepts -g
configure:3759: arm-linux-gnueabihf-gcc -c -g -DHAVE_EXPAT_CONFIG_H conftest.c >&5
configure:3759: $? = 0
configure:3800: result: yes
configure:3817: checking for arm-linux-gnueabihf-gcc option to accept ISO C89
configure:3880: arm-linux-gnueabihf-gcc  -c -g -O2 -DHAVE_EXPAT_CONFIG_H conftest.c >&5
configure:3880: $? = 0
configure:3893: result: none needed
configure:3918: checking whether arm-linux-gnueabihf-gcc understands -c and -o together
configure:3940: arm-linux-gnueabihf-gcc -c conftest.c -o conftest2.o
configure:3943: $? = 0
configure:3940: arm-linux-gnueabihf-gcc -c conftest.c -o conftest2.o
configure:3943: $? = 0
configure:3955: result: yes
configure:3974: checking dependency style of arm-linux-gnueabihf-gcc
configure:4085: result: gcc3
configure:4106: checking for arm-linux-gnueabihf-ar
configure:4122: found /usr/local/arm/gcc-linaro-4.9-2016.02-x86_64_arm-linux-gnueabihf/bin/arm-linux-gnueabihf-ar
configure:4133: result: arm-linux-gnueabihf-ar
configure:4203: checking the archiver (arm-linux-gnueabihf-ar) interface
configure:4219: arm-linux-gnueabihf-gcc -c -g -O2 -DHAVE_EXPAT_CONFIG_H conftest.c >&5
configure:4219: $? = 0
configure:4221: arm-linux-gnueabihf-ar cru libconftest.a conftest.o >&5
configure:4224: $? = 0
configure:4223: result: ar
configure:4244: checking whether ln -s works
configure:4248: result: yes
configure:4255: checking whether make sets $(MAKE)
configure:4277: result: yes
configure:4317: checking build system type
configure:4331: result: x86_64-pc-linux-gnu
configure:4351: checking host system type
configure:4364: result: arm-unknown-linux-gnueabihf
configure:4405: checking how to print strings
configure:4432: result: printf
configure:4453: checking for a sed that does not truncate output
configure:4517: result: /usr/bin/sed
configure:4535: checking for grep that handles long lines and -e
configure:4593: result: /usr/bin/grep
configure:4598: checking for egrep
configure:4660: result: /usr/bin/grep -E
configure:4665: checking for fgrep
configure:4727: result: /usr/bin/grep -F
configure:4762: checking for ld used by arm-linux-gnueabihf-gcc
configure:4829: result: /usr/local/arm/gcc-linaro-4.9-2016.02-x86_64_arm-linux-gnueabihf/arm-linux-gnueabihf/bin/ld
configure:4836: checking if the linker (/usr/local/arm/gcc-linaro-4.9-2016.02-x86_64_arm-linux-gnueabihf/arm-linux-gnueabihf/bin/ld) is GNU ld
configure:4851: result: yes
configure:4863: checking for BSD- or MS-compatible name lister (nm)
configure:4917: result: /usr/local/arm/gcc-linaro-4.9-2016.02-x86_64_arm-linux-gnueabihf/bin/arm-linux-gnueabihf-nm -B
configure:5047: checking the name lister (/usr/local/arm/gcc-linaro-4.9-2016.02-x86_64_arm-linux-gnueabihf/bin/arm-linux-gnueabihf-nm -B) interface
configure:5054: arm-linux-gnueabihf-gcc -c -g -O2 -DHAVE_EXPAT_CONFIG_H conftest.c >&5
configure:5057: /usr/local/arm/gcc-linaro-4.9-2016.02-x86_64_arm-linux-gnueabihf/bin/arm-linux-gnueabihf-nm -B "conftest.o"
configure:5060: output
00000000 B some_variable
configure:5061: result: BSD nm
configure:5065: checking the maximum length of command line arguments
configure:5201: result: 1572864
configure:5249: checking how to convert x86_64-pc-linux-gnu file names to arm-unknown-linux-gnueabihf format
configure:5289: result: func_convert_file_noop
configure:5296: checking how to convert x86_64-pc-linux-gnu file names to toolchain format
configure:5316: result: func_convert_file_noop
configure:5323: checking for /usr/local/arm/gcc-linaro-4.9-2016.02-x86_64_arm-linux-gnueabihf/arm-linux-gnueabihf/bin/ld option to reload object files
configure:5330: result: -r
configure:5364: checking for arm-linux-gnueabihf-objdump
configure:5380: found /usr/local/arm/gcc-linaro-4.9-2016.02-x86_64_arm-linux-gnueabihf/bin/arm-linux-gnueabihf-objdump
configure:5391: result: arm-linux-gnueabihf-objdump
configure:5460: checking how to recognize dependent libraries
configure:5660: result: pass_all
configure:5705: checking for arm-linux-gnueabihf-dlltool
configure:5735: result: no
configure:5745: checking for dlltool
configure:5775: result: no
configure:5802: checking how to associate runtime and link libraries
configure:5829: result: printf %s\n
configure:5845: checking for arm-linux-gnueabihf-ar
configure:5872: result: arm-linux-gnueabihf-ar
configure:5953: checking for archiver @FILE support
configure:5970: arm-linux-gnueabihf-gcc -c -g -O2 -DHAVE_EXPAT_CONFIG_H conftest.c >&5
configure:5970: $? = 0
configure:5973: arm-linux-gnueabihf-ar cru libconftest.a @conftest.lst >&5
configure:5976: $? = 0
configure:5981: arm-linux-gnueabihf-ar cru libconftest.a @conftest.lst >&5
arm-linux-gnueabihf-ar: conftest.o: No such file or directory
configure:5984: $? = 1
configure:5983: result: @
configure:6001: checking for arm-linux-gnueabihf-strip
configure:6028: result: arm-linux-gnueabihf-strip
configure:6100: checking for arm-linux-gnueabihf-ranlib
configure:6116: found /usr/local/arm/gcc-linaro-4.9-2016.02-x86_64_arm-linux-gnueabihf/bin/arm-linux-gnueabihf-ranlib
configure:6127: result: arm-linux-gnueabihf-ranlib
configure:6269: checking command to parse /usr/local/arm/gcc-linaro-4.9-2016.02-x86_64_arm-linux-gnueabihf/bin/arm-linux-gnueabihf-nm -B output from arm-linux-gnueabihf-gcc object
configure:6422: arm-linux-gnueabihf-gcc -c -g -O2 -DHAVE_EXPAT_CONFIG_H conftest.c >&5
configure:6425: $? = 0
configure:6429: /usr/local/arm/gcc-linaro-4.9-2016.02-x86_64_arm-linux-gnueabihf/bin/arm-linux-gnueabihf-nm -B conftest.o \| sed -n -e 's/^.*[ ]\([ABCDGIRSTW][ABCDGIRSTW]*\)[ ][ ]*\([_A-Za-z][_A-Za-z0-9]*\)$/\1 \2 \2/p' | sed '/ __gnu_lto/d' \> conftest.nm
configure:6432: $? = 0
configure:6498: arm-linux-gnueabihf-gcc -o conftest -g -O2 -DHAVE_EXPAT_CONFIG_H  conftest.c conftstm.o >&5
configure:6501: $? = 0
configure:6539: result: ok
configure:6586: checking for sysroot
configure:6616: result: no
configure:6623: checking for a working dd
configure:6661: result: /usr/bin/dd
configure:6665: checking how to truncate binary pipes
configure:6680: result: /usr/bin/dd bs=4096 count=1
configure:6969: checking for arm-linux-gnueabihf-mt
configure:6999: result: no
configure:7009: checking for mt
configure:7025: found /usr/bin/mt
configure:7036: result: mt
configure:7048: WARNING: using cross tools not prefixed with host triplet
configure:7059: checking if mt is a manifest tool
configure:7065: mt '-?'
configure:7073: result: no
configure:7750: checking how to run the C preprocessor
configure:7781: arm-linux-gnueabihf-gcc -E -DHAVE_EXPAT_CONFIG_H conftest.c
configure:7781: $? = 0
configure:7795: arm-linux-gnueabihf-gcc -E -DHAVE_EXPAT_CONFIG_H conftest.c
conftest.c:11:28: fatal error: ac_nonexistent.h: No such file or directory
 #include <ac_nonexistent.h>
                            ^
compilation terminated.
configure:7795: $? = 1
configure: failed program was:
| /* confdefs.h */
| #define PACKAGE_NAME "expat"
| #define PACKAGE_TARNAME "expat"
| #define PACKAGE_VERSION "2.2.7"
| #define PACKAGE_STRING "expat 2.2.7"
| #define PACKAGE_BUGREPORT "expat-bugs@libexpat.org"
| #define PACKAGE_URL ""
| #define PACKAGE "expat"
| #define VERSION "2.2.7"
| /* end confdefs.h.  */
| #include <ac_nonexistent.h>
configure:7820: result: arm-linux-gnueabihf-gcc -E
configure:7840: arm-linux-gnueabihf-gcc -E -DHAVE_EXPAT_CONFIG_H conftest.c
configure:7840: $? = 0
configure:7854: arm-linux-gnueabihf-gcc -E -DHAVE_EXPAT_CONFIG_H conftest.c
conftest.c:11:28: fatal error: ac_nonexistent.h: No such file or directory
 #include <ac_nonexistent.h>
                            ^
compilation terminated.
configure:7854: $? = 1
configure: failed program was:
| /* confdefs.h */
| #define PACKAGE_NAME "expat"
| #define PACKAGE_TARNAME "expat"
| #define PACKAGE_VERSION "2.2.7"
| #define PACKAGE_STRING "expat 2.2.7"
| #define PACKAGE_BUGREPORT "expat-bugs@libexpat.org"
| #define PACKAGE_URL ""
| #define PACKAGE "expat"
| #define VERSION "2.2.7"
| /* end confdefs.h.  */
| #include <ac_nonexistent.h>
configure:7883: checking for ANSI C header files
configure:7903: arm-linux-gnueabihf-gcc -c -g -O2 -DHAVE_EXPAT_CONFIG_H conftest.c >&5
configure:7903: $? = 0
configure:7987: result: yes
configure:8000: checking for sys/types.h
configure:8000: arm-linux-gnueabihf-gcc -c -g -O2 -DHAVE_EXPAT_CONFIG_H conftest.c >&5
configure:8000: $? = 0
configure:8000: result: yes
configure:8000: checking for sys/stat.h
configure:8000: arm-linux-gnueabihf-gcc -c -g -O2 -DHAVE_EXPAT_CONFIG_H conftest.c >&5
configure:8000: $? = 0
configure:8000: result: yes
configure:8000: checking for stdlib.h
configure:8000: arm-linux-gnueabihf-gcc -c -g -O2 -DHAVE_EXPAT_CONFIG_H conftest.c >&5
configure:8000: $? = 0
configure:8000: result: yes
configure:8000: checking for string.h
configure:8000: arm-linux-gnueabihf-gcc -c -g -O2 -DHAVE_EXPAT_CONFIG_H conftest.c >&5
configure:8000: $? = 0
configure:8000: result: yes
configure:8000: checking for memory.h
configure:8000: arm-linux-gnueabihf-gcc -c -g -O2 -DHAVE_EXPAT_CONFIG_H conftest.c >&5
configure:8000: $? = 0
configure:8000: result: yes
configure:8000: checking for strings.h
configure:8000: arm-linux-gnueabihf-gcc -c -g -O2 -DHAVE_EXPAT_CONFIG_H conftest.c >&5
configure:8000: $? = 0
configure:8000: result: yes
configure:8000: checking for inttypes.h
configure:8000: arm-linux-gnueabihf-gcc -c -g -O2 -DHAVE_EXPAT_CONFIG_H conftest.c >&5
configure:8000: $? = 0
configure:8000: result: yes
configure:8000: checking for stdint.h
configure:8000: arm-linux-gnueabihf-gcc -c -g -O2 -DHAVE_EXPAT_CONFIG_H conftest.c >&5
configure:8000: $? = 0
configure:8000: result: yes
configure:8000: checking for unistd.h
configure:8000: arm-linux-gnueabihf-gcc -c -g -O2 -DHAVE_EXPAT_CONFIG_H conftest.c >&5
configure:8000: $? = 0
configure:8000: result: yes
configure:8014: checking for dlfcn.h
configure:8014: arm-linux-gnueabihf-gcc -c -g -O2 -DHAVE_EXPAT_CONFIG_H conftest.c >&5
configure:8014: $? = 0
configure:8014: result: yes
configure:8568: checking for objdir
configure:8583: result: .libs
configure:8847: checking if arm-linux-gnueabihf-gcc supports -fno-rtti -fno-exceptions
configure:8865: arm-linux-gnueabihf-gcc -c -g -O2 -DHAVE_EXPAT_CONFIG_H -fno-rtti -fno-exceptions conftest.c >&5
cc1: warning: command line option '-fno-rtti' is valid for C++/ObjC++ but not for C
configure:8869: $? = 0
configure:8882: result: no
configure:9240: checking for arm-linux-gnueabihf-gcc option to produce PIC
configure:9247: result: -fPIC -DPIC
configure:9255: checking if arm-linux-gnueabihf-gcc PIC flag -fPIC -DPIC works
configure:9273: arm-linux-gnueabihf-gcc -c -g -O2 -DHAVE_EXPAT_CONFIG_H -fPIC -DPIC -DPIC conftest.c >&5
configure:9277: $? = 0
configure:9290: result: yes
configure:9319: checking if arm-linux-gnueabihf-gcc static flag -static works
configure:9347: result: yes
configure:9362: checking if arm-linux-gnueabihf-gcc supports -c -o file.o
configure:9383: arm-linux-gnueabihf-gcc -c -g -O2 -DHAVE_EXPAT_CONFIG_H -o out/conftest2.o conftest.c >&5
configure:9387: $? = 0
configure:9409: result: yes
configure:9417: checking if arm-linux-gnueabihf-gcc supports -c -o file.o
configure:9464: result: yes
configure:9497: checking whether the arm-linux-gnueabihf-gcc linker (/usr/local/arm/gcc-linaro-4.9-2016.02-x86_64_arm-linux-gnueabihf/arm-linux-gnueabihf/bin/ld) supports shared libraries
configure:10756: result: yes
configure:10793: checking whether -lc should be explicitly linked in
configure:10801: arm-linux-gnueabihf-gcc -c -g -O2 -DHAVE_EXPAT_CONFIG_H conftest.c >&5
configure:10804: $? = 0
configure:10819: arm-linux-gnueabihf-gcc -shared  -fPIC -DPIC conftest.o  -v -Wl,-soname -Wl,conftest -o conftest 2\>\&1 \| /usr/bin/grep  -lc  \>/dev/null 2\>\&1
configure:10822: $? = 0
configure:10836: result: no
configure:10996: checking dynamic linker characteristics
configure:11590: arm-linux-gnueabihf-gcc -o conftest -g -O2 -DHAVE_EXPAT_CONFIG_H  -Wl,-rpath -Wl,/foo conftest.c  >&5
configure:11590: $? = 0
configure:11827: result: GNU/Linux ld.so
configure:11949: checking how to hardcode library paths into programs
configure:11974: result: immediate
configure:12522: checking whether stripping libraries is possible
configure:12527: result: yes
configure:12562: checking if libtool supports shared libraries
configure:12564: result: yes
configure:12567: checking whether to build shared libraries
configure:12592: result: yes
configure:12595: checking whether to build static libraries
configure:12599: result: yes
configure:9426: checking for arm-linux-gnueabihf-gcc option to accept ISO C99
configure:9575: arm-linux-gnueabihf-gcc  -c -g -O2 -DHAVE_EXPAT_CONFIG_H conftest.c >&5
conftest.c:73:29: error: expected ';', ',' or ')' before 'text'
 test_restrict (ccp restrict text)
                             ^
conftest.c: In function 'main':
conftest.c:127:18: error: expected '=', ',', ';', 'asm' or '__attribute__' before 'newvar'
   char *restrict newvar = "Another string";
                  ^
conftest.c:127:18: error: 'newvar' undeclared (first use in this function)
conftest.c:127:18: note: each undeclared identifier is reported only once for each function it appears in
conftest.c:137:3: error: 'for' loop initial declarations are only allowed in C99 or C11 mode
   for (int i = 0; i < ia->datasize; ++i)
   ^
conftest.c:137:3: note: use option -std=c99, -std=gnu99, -std=c11 or -std=gnu11 to compile your code
configure:9575: $? = 1
configure: failed program was:
| /* confdefs.h */
| #define PACKAGE_NAME "expat"
| #define PACKAGE_TARNAME "expat"
| #define PACKAGE_VERSION "2.2.7"
| #define PACKAGE_STRING "expat 2.2.7"
| #define PACKAGE_BUGREPORT "expat-bugs@libexpat.org"
| #define PACKAGE_URL ""
| #define PACKAGE "expat"
| #define VERSION "2.2.7"
| #define STDC_HEADERS 1
| #define HAVE_SYS_TYPES_H 1
| #define HAVE_SYS_STAT_H 1
| #define HAVE_STDLIB_H 1
| #define HAVE_STRING_H 1
| #define HAVE_MEMORY_H 1
| #define HAVE_STRINGS_H 1
| #define HAVE_INTTYPES_H 1
| #define HAVE_STDINT_H 1
| #define HAVE_UNISTD_H 1
| #define HAVE_DLFCN_H 1
| #define LT_OBJDIR ".libs/"
| /* end confdefs.h.  */
| #include <stdarg.h>
| #include <stdbool.h>
| #include <stdlib.h>
| #include <wchar.h>
| #include <stdio.h>
| 
| // Check varargs macros.  These examples are taken from C99 6.10.3.5.
| #define debug(...) fprintf (stderr, __VA_ARGS__)
| #define showlist(...) puts (#__VA_ARGS__)
| #define report(test,...) ((test) ? puts (#test) : printf (__VA_ARGS__))
| static void
| test_varargs_macros (void)
| {
|   int x = 1234;
|   int y = 5678;
|   debug ("Flag");
|   debug ("X = %d\n", x);
|   showlist (The first, second, and third items.);
|   report (x>y, "x is %d but y is %d", x, y);
| }
| 
| // Check long long types.
| #define BIG64 18446744073709551615ull
| #define BIG32 4294967295ul
| #define BIG_OK (BIG64 / BIG32 == 4294967297ull && BIG64 % BIG32 == 0)
| #if !BIG_OK
|   your preprocessor is broken;
| #endif
| #if BIG_OK
| #else
|   your preprocessor is broken;
| #endif
| static long long int bignum = -9223372036854775807LL;
| static unsigned long long int ubignum = BIG64;
| 
| struct incomplete_array
| {
|   int datasize;
|   double data[];
| };
| 
| struct named_init {
|   int number;
|   const wchar_t *name;
|   double average;
| };
| 
| typedef const char *ccp;
| 
| static inline int
| test_restrict (ccp restrict text)
| {
|   // See if C++-style comments work.
|   // Iterate through items via the restricted pointer.
|   // Also check for declarations in for loops.
|   for (unsigned int i = 0; *(text+i) != '\0'; ++i)
|     continue;
|   return 0;
| }
| 
| // Check varargs and va_copy.
| static void
| test_varargs (const char *format, ...)
| {
|   va_list args;
|   va_start (args, format);
|   va_list args_copy;
|   va_copy (args_copy, args);
| 
|   const char *str;
|   int number;
|   float fnumber;
| 
|   while (*format)
|     {
|       switch (*format++)
| 	{
| 	case 's': // string
| 	  str = va_arg (args_copy, const char *);
| 	  break;
| 	case 'd': // int
| 	  number = va_arg (args_copy, int);
| 	  break;
| 	case 'f': // float
| 	  fnumber = va_arg (args_copy, double);
| 	  break;
| 	default:
| 	  break;
| 	}
|     }
|   va_end (args_copy);
|   va_end (args);
| }
| 
| int
| main ()
| {
| 
|   // Check bool.
|   _Bool success = false;
| 
|   // Check restrict.
|   if (test_restrict ("String literal") == 0)
|     success = true;
|   char *restrict newvar = "Another string";
| 
|   // Check varargs.
|   test_varargs ("s, d' f .", "string", 65, 34.234);
|   test_varargs_macros ();
| 
|   // Check flexible array members.
|   struct incomplete_array *ia =
|     malloc (sizeof (struct incomplete_array) + (sizeof (double) * 10));
|   ia->datasize = 10;
|   for (int i = 0; i < ia->datasize; ++i)
|     ia->data[i] = i * 1.234;
| 
|   // Check named initializers.
|   struct named_init ni = {
|     .number = 34,
|     .name = L"Test wide string",
|     .average = 543.34343,
|   };
| 
|   ni.number = 58;
| 
|   int dynamic_array[ni.number];
|   dynamic_array[ni.number - 1] = 543;
| 
|   // work around unused variable warnings
|   return (!success || bignum == 0LL || ubignum == 0uLL || newvar[0] == 'x'
| 	  || dynamic_array[ni.number - 1] != 543);
| 
|   ;
|   return 0;
| }
configure:9575: arm-linux-gnueabihf-gcc -std=gnu99 -c -g -O2 -DHAVE_EXPAT_CONFIG_H conftest.c >&5
configure:9575: $? = 0
configure:9595: result: -std=gnu99
configure:9610: checking whether C compiler accepts -Wall
configure:9629: arm-linux-gnueabihf-gcc -std=gnu99 -c -g -O2  -Wall -DHAVE_EXPAT_CONFIG_H conftest.c >&5
configure:9629: $? = 0
configure:9638: result: yes
configure:9654: : CFLAGS="$CFLAGS"
configure:9657: $? = 0
configure:9610: checking whether C compiler accepts -Wextra
configure:9629: arm-linux-gnueabihf-gcc -std=gnu99 -c -g -O2 -Wall  -Wextra -DHAVE_EXPAT_CONFIG_H conftest.c >&5
configure:9629: $? = 0
configure:9638: result: yes
configure:9654: : CFLAGS="$CFLAGS"
configure:9657: $? = 0
configure:9685: checking whether C compiler accepts -fexceptions
configure:9704: arm-linux-gnueabihf-gcc -std=gnu99 -c -g -O2 -Wall -Wextra  -fexceptions -DHAVE_EXPAT_CONFIG_H conftest.c >&5
configure:9704: $? = 0
configure:9713: result: yes
configure:9729: : CFLAGS="$CFLAGS"
configure:9732: $? = 0
configure:9760: checking whether C compiler accepts -fno-strict-aliasing
configure:9779: arm-linux-gnueabihf-gcc -std=gnu99 -c -g -O2 -Wall -Wextra -fexceptions  -fno-strict-aliasing -DHAVE_EXPAT_CONFIG_H conftest.c >&5
configure:9779: $? = 0
configure:9788: result: yes
configure:9804: : CFLAGS="$CFLAGS"
configure:9807: $? = 0
configure:9760: checking whether C compiler accepts -Wmissing-prototypes
configure:9779: arm-linux-gnueabihf-gcc -std=gnu99 -c -g -O2 -Wall -Wextra -fexceptions -fno-strict-aliasing  -Wmissing-prototypes -DHAVE_EXPAT_CONFIG_H conftest.c >&5
configure:9779: $? = 0
configure:9788: result: yes
configure:9804: : CFLAGS="$CFLAGS"
configure:9807: $? = 0
configure:9760: checking whether C compiler accepts -Wstrict-prototypes
configure:9779: arm-linux-gnueabihf-gcc -std=gnu99 -c -g -O2 -Wall -Wextra -fexceptions -fno-strict-aliasing -Wmissing-prototypes  -Wstrict-prototypes -DHAVE_EXPAT_CONFIG_H conftest.c >&5
conftest.c:25:1: warning: function declaration isn't a prototype [-Wstrict-prototypes]
 main ()
 ^
configure:9779: $? = 0
configure:9788: result: yes
configure:9804: : CFLAGS="$CFLAGS"
configure:9807: $? = 0
configure:9835: checking whether C compiler accepts -pedantic
configure:9854: arm-linux-gnueabihf-gcc -std=gnu99 -c -g -O2 -Wall -Wextra -fexceptions -fno-strict-aliasing -Wmissing-prototypes -Wstrict-prototypes  -pedantic -DHAVE_EXPAT_CONFIG_H conftest.c >&5
conftest.c:25:1: warning: function declaration isn't a prototype [-Wstrict-prototypes]
 main ()
 ^
configure:9854: $? = 0
configure:9863: result: yes
configure:9879: : CFLAGS="$CFLAGS"
configure:9882: $? = 0
configure:9835: checking whether C compiler accepts -Wduplicated-cond
configure:9854: arm-linux-gnueabihf-gcc -std=gnu99 -c -g -O2 -Wall -Wextra -fexceptions -fno-strict-aliasing -Wmissing-prototypes -Wstrict-prototypes -pedantic  -Wduplicated-cond -DHAVE_EXPAT_CONFIG_H conftest.c >&5
arm-linux-gnueabihf-gcc: error: unrecognized command line option '-Wduplicated-cond'
configure:9854: $? = 1
configure: failed program was:
| /* confdefs.h */
| #define PACKAGE_NAME "expat"
| #define PACKAGE_TARNAME "expat"
| #define PACKAGE_VERSION "2.2.7"
| #define PACKAGE_STRING "expat 2.2.7"
| #define PACKAGE_BUGREPORT "expat-bugs@libexpat.org"
| #define PACKAGE_URL ""
| #define PACKAGE "expat"
| #define VERSION "2.2.7"
| #define STDC_HEADERS 1
| #define HAVE_SYS_TYPES_H 1
| #define HAVE_SYS_STAT_H 1
| #define HAVE_STDLIB_H 1
| #define HAVE_STRING_H 1
| #define HAVE_MEMORY_H 1
| #define HAVE_STRINGS_H 1
| #define HAVE_INTTYPES_H 1
| #define HAVE_STDINT_H 1
| #define HAVE_UNISTD_H 1
| #define HAVE_DLFCN_H 1
| #define LT_OBJDIR ".libs/"
| /* end confdefs.h.  */
| 
| int
| main ()
| {
| 
|   ;
|   return 0;
| }
configure:9863: result: no
configure:9835: checking whether C compiler accepts -Wduplicated-branches
configure:9854: arm-linux-gnueabihf-gcc -std=gnu99 -c -g -O2 -Wall -Wextra -fexceptions -fno-strict-aliasing -Wmissing-prototypes -Wstrict-prototypes -pedantic  -Wduplicated-branches -DHAVE_EXPAT_CONFIG_H conftest.c >&5
arm-linux-gnueabihf-gcc: error: unrecognized command line option '-Wduplicated-branches'
configure:9854: $? = 1
configure: failed program was:
| /* confdefs.h */
| #define PACKAGE_NAME "expat"
| #define PACKAGE_TARNAME "expat"
| #define PACKAGE_VERSION "2.2.7"
| #define PACKAGE_STRING "expat 2.2.7"
| #define PACKAGE_BUGREPORT "expat-bugs@libexpat.org"
| #define PACKAGE_URL ""
| #define PACKAGE "expat"
| #define VERSION "2.2.7"
| #define STDC_HEADERS 1
| #define HAVE_SYS_TYPES_H 1
| #define HAVE_SYS_STAT_H 1
| #define HAVE_STDLIB_H 1
| #define HAVE_STRING_H 1
| #define HAVE_MEMORY_H 1
| #define HAVE_STRINGS_H 1
| #define HAVE_INTTYPES_H 1
| #define HAVE_STDINT_H 1
| #define HAVE_UNISTD_H 1
| #define HAVE_DLFCN_H 1
| #define LT_OBJDIR ".libs/"
| /* end confdefs.h.  */
| 
| int
| main ()
| {
| 
|   ;
|   return 0;
| }
configure:9863: result: no
configure:9835: checking whether C compiler accepts -Wlogical-op
configure:9854: arm-linux-gnueabihf-gcc -std=gnu99 -c -g -O2 -Wall -Wextra -fexceptions -fno-strict-aliasing -Wmissing-prototypes -Wstrict-prototypes -pedantic  -Wlogical-op -DHAVE_EXPAT_CONFIG_H conftest.c >&5
conftest.c:25:1: warning: function declaration isn't a prototype [-Wstrict-prototypes]
 main ()
 ^
configure:9854: $? = 0
configure:9863: result: yes
configure:9879: : CFLAGS="$CFLAGS"
configure:9882: $? = 0
configure:9910: checking whether C compiler accepts -Wrestrict
configure:9929: arm-linux-gnueabihf-gcc -std=gnu99 -c -g -O2 -Wall -Wextra -fexceptions -fno-strict-aliasing -Wmissing-prototypes -Wstrict-prototypes -pedantic -Wlogical-op  -Wrestrict -DHAVE_EXPAT_CONFIG_H conftest.c >&5
arm-linux-gnueabihf-gcc: error: unrecognized command line option '-Wrestrict'
configure:9929: $? = 1
configure: failed program was:
| /* confdefs.h */
| #define PACKAGE_NAME "expat"
| #define PACKAGE_TARNAME "expat"
| #define PACKAGE_VERSION "2.2.7"
| #define PACKAGE_STRING "expat 2.2.7"
| #define PACKAGE_BUGREPORT "expat-bugs@libexpat.org"
| #define PACKAGE_URL ""
| #define PACKAGE "expat"
| #define VERSION "2.2.7"
| #define STDC_HEADERS 1
| #define HAVE_SYS_TYPES_H 1
| #define HAVE_SYS_STAT_H 1
| #define HAVE_STDLIB_H 1
| #define HAVE_STRING_H 1
| #define HAVE_MEMORY_H 1
| #define HAVE_STRINGS_H 1
| #define HAVE_INTTYPES_H 1
| #define HAVE_STDINT_H 1
| #define HAVE_UNISTD_H 1
| #define HAVE_DLFCN_H 1
| #define LT_OBJDIR ".libs/"
| /* end confdefs.h.  */
| 
| int
| main ()
| {
| 
|   ;
|   return 0;
| }
configure:9938: result: no
configure:9910: checking whether C compiler accepts -Wnull-dereference
configure:9929: arm-linux-gnueabihf-gcc -std=gnu99 -c -g -O2 -Wall -Wextra -fexceptions -fno-strict-aliasing -Wmissing-prototypes -Wstrict-prototypes -pedantic -Wlogical-op  -Wnull-dereference -DHAVE_EXPAT_CONFIG_H conftest.c >&5
arm-linux-gnueabihf-gcc: error: unrecognized command line option '-Wnull-dereference'
configure:9929: $? = 1
configure: failed program was:
| /* confdefs.h */
| #define PACKAGE_NAME "expat"
| #define PACKAGE_TARNAME "expat"
| #define PACKAGE_VERSION "2.2.7"
| #define PACKAGE_STRING "expat 2.2.7"
| #define PACKAGE_BUGREPORT "expat-bugs@libexpat.org"
| #define PACKAGE_URL ""
| #define PACKAGE "expat"
| #define VERSION "2.2.7"
| #define STDC_HEADERS 1
| #define HAVE_SYS_TYPES_H 1
| #define HAVE_SYS_STAT_H 1
| #define HAVE_STDLIB_H 1
| #define HAVE_STRING_H 1
| #define HAVE_MEMORY_H 1
| #define HAVE_STRINGS_H 1
| #define HAVE_INTTYPES_H 1
| #define HAVE_STDINT_H 1
| #define HAVE_UNISTD_H 1
| #define HAVE_DLFCN_H 1
| #define LT_OBJDIR ".libs/"
| /* end confdefs.h.  */
| 
| int
| main ()
| {
| 
|   ;
|   return 0;
| }
configure:9938: result: no
configure:9910: checking whether C compiler accepts -Wjump-misses-init
configure:9929: arm-linux-gnueabihf-gcc -std=gnu99 -c -g -O2 -Wall -Wextra -fexceptions -fno-strict-aliasing -Wmissing-prototypes -Wstrict-prototypes -pedantic -Wlogical-op  -Wjump-misses-init -DHAVE_EXPAT_CONFIG_H conftest.c >&5
conftest.c:25:1: warning: function declaration isn't a prototype [-Wstrict-prototypes]
 main ()
 ^
configure:9929: $? = 0
configure:9938: result: yes
configure:9954: : CFLAGS="$CFLAGS"
configure:9957: $? = 0
configure:9910: checking whether C compiler accepts -Wdouble-promotion
configure:9929: arm-linux-gnueabihf-gcc -std=gnu99 -c -g -O2 -Wall -Wextra -fexceptions -fno-strict-aliasing -Wmissing-prototypes -Wstrict-prototypes -pedantic -Wlogical-op -Wjump-misses-init  -Wdouble-promotion -DHAVE_EXPAT_CONFIG_H conftest.c >&5
conftest.c:25:1: warning: function declaration isn't a prototype [-Wstrict-prototypes]
 main ()
 ^
configure:9929: $? = 0
configure:9938: result: yes
configure:9954: : CFLAGS="$CFLAGS"
configure:9957: $? = 0
configure:9985: checking whether C compiler accepts -Wshadow
configure:10004: arm-linux-gnueabihf-gcc -std=gnu99 -c -g -O2 -Wall -Wextra -fexceptions -fno-strict-aliasing -Wmissing-prototypes -Wstrict-prototypes -pedantic -Wlogical-op -Wjump-misses-init -Wdouble-promotion  -Wshadow -DHAVE_EXPAT_CONFIG_H conftest.c >&5
conftest.c:25:1: warning: function declaration isn't a prototype [-Wstrict-prototypes]
 main ()
 ^
configure:10004: $? = 0
configure:10013: result: yes
configure:10029: : CFLAGS="$CFLAGS"
configure:10032: $? = 0
configure:9985: checking whether C compiler accepts -Wformat=2
configure:10004: arm-linux-gnueabihf-gcc -std=gnu99 -c -g -O2 -Wall -Wextra -fexceptions -fno-strict-aliasing -Wmissing-prototypes -Wstrict-prototypes -pedantic -Wlogical-op -Wjump-misses-init -Wdouble-promotion -Wshadow  -Wformat=2 -DHAVE_EXPAT_CONFIG_H conftest.c >&5
conftest.c:25:1: warning: function declaration isn't a prototype [-Wstrict-prototypes]
 main ()
 ^
configure:10004: $? = 0
configure:10013: result: yes
configure:10029: : CFLAGS="$CFLAGS"
configure:10032: $? = 0
configure:9985: checking whether C compiler accepts -Wmisleading-indentation
configure:10004: arm-linux-gnueabihf-gcc -std=gnu99 -c -g -O2 -Wall -Wextra -fexceptions -fno-strict-aliasing -Wmissing-prototypes -Wstrict-prototypes -pedantic -Wlogical-op -Wjump-misses-init -Wdouble-promotion -Wshadow -Wformat=2  -Wmisleading-indentation -DHAVE_EXPAT_CONFIG_H conftest.c >&5
arm-linux-gnueabihf-gcc: error: unrecognized command line option '-Wmisleading-indentation'
configure:10004: $? = 1
configure: failed program was:
| /* confdefs.h */
| #define PACKAGE_NAME "expat"
| #define PACKAGE_TARNAME "expat"
| #define PACKAGE_VERSION "2.2.7"
| #define PACKAGE_STRING "expat 2.2.7"
| #define PACKAGE_BUGREPORT "expat-bugs@libexpat.org"
| #define PACKAGE_URL ""
| #define PACKAGE "expat"
| #define VERSION "2.2.7"
| #define STDC_HEADERS 1
| #define HAVE_SYS_TYPES_H 1
| #define HAVE_SYS_STAT_H 1
| #define HAVE_STDLIB_H 1
| #define HAVE_STRING_H 1
| #define HAVE_MEMORY_H 1
| #define HAVE_STRINGS_H 1
| #define HAVE_INTTYPES_H 1
| #define HAVE_STDINT_H 1
| #define HAVE_UNISTD_H 1
| #define HAVE_DLFCN_H 1
| #define LT_OBJDIR ".libs/"
| /* end confdefs.h.  */
| 
| int
| main ()
| {
| 
|   ;
|   return 0;
| }
configure:10013: result: no
configure:10174: checking for C++ compiler version
configure:10183: arm-linux-gnueabihf-g++ --version >&5
arm-linux-gnueabihf-g++ (Linaro GCC 4.9-2016.02) 4.9.4 20151028 (prerelease)
Copyright (C) 2015 Free Software Foundation, Inc.
This is free software; see the source for copying conditions.  There is NO
warranty; not even for MERCHANTABILITY or FITNESS FOR A PARTICULAR PURPOSE.

configure:10194: $? = 0
configure:10183: arm-linux-gnueabihf-g++ -v >&5
Using built-in specs.
COLLECT_GCC=arm-linux-gnueabihf-g++
COLLECT_LTO_WRAPPER=/usr/local/arm/gcc-linaro-4.9-2016.02-x86_64_arm-linux-gnueabihf/bin/../libexec/gcc/arm-linux-gnueabihf/4.9.4/lto-wrapper
Target: arm-linux-gnueabihf
Configured with: /home/tcwg-buildslave/workspace/tcwg-make-release/label/tcwg-x86_64-ex40/target/arm-linux-gnueabihf/snapshots/gcc-linaro-4.9-2016.02/configure SHELL=/bin/bash --with-bugurl=https://bugs.linaro.org --with-mpc=/home/tcwg-buildslave/workspace/tcwg-make-release/label/tcwg-x86_64-ex40/target/arm-linux-gnueabihf/_build/builds/destdir/x86_64-unknown-linux-gnu --with-mpfr=/home/tcwg-buildslave/workspace/tcwg-make-release/label/tcwg-x86_64-ex40/target/arm-linux-gnueabihf/_build/builds/destdir/x86_64-unknown-linux-gnu --with-gmp=/home/tcwg-buildslave/workspace/tcwg-make-release/label/tcwg-x86_64-ex40/target/arm-linux-gnueabihf/_build/builds/destdir/x86_64-unknown-linux-gnu --with-gnu-as --with-gnu-ld --disable-libstdcxx-pch --disable-libmudflap --with-cloog=no --with-ppl=no --with-isl=no --disable-nls --enable-c99 --with-tune=cortex-a9 --with-arch=armv7-a --with-fpu=vfpv3-d16 --with-float=hard --with-mode=thumb --disable-multilib --enable-multiarch --with-build-sysroot=/home/tcwg-buildslave/workspace/tcwg-make-release/label/tcwg-x86_64-ex40/target/arm-linux-gnueabihf/_build/sysroots/arm-linux-gnueabihf --enable-lto --enable-linker-build-id --enable-long-long --enable-shared --with-sysroot=/home/tcwg-buildslave/workspace/tcwg-make-release/label/tcwg-x86_64-ex40/target/arm-linux-gnueabihf/_build/builds/destdir/x86_64-unknown-linux-gnu/arm-linux-gnueabihf/libc --enable-languages=c,c++,fortran,lto --enable-checking=release --disable-bootstrap --with-bugurl=https://bugs.linaro.org --build=x86_64-unknown-linux-gnu --host=x86_64-unknown-linux-gnu --target=arm-linux-gnueabihf --prefix=/home/tcwg-buildslave/workspace/tcwg-make-release/label/tcwg-x86_64-ex40/target/arm-linux-gnueabihf/_build/builds/destdir/x86_64-unknown-linux-gnu
Thread model: posix
gcc version 4.9.4 20151028 (prerelease) (Linaro GCC 4.9-2016.02) 
configure:10194: $? = 0
configure:10183: arm-linux-gnueabihf-g++ -V >&5
arm-linux-gnueabihf-g++: error: unrecognized command line option '-V'
arm-linux-gnueabihf-g++: fatal error: no input files
compilation terminated.
configure:10194: $? = 1
configure:10183: arm-linux-gnueabihf-g++ -qversion >&5
arm-linux-gnueabihf-g++: error: unrecognized command line option '-qversion'
arm-linux-gnueabihf-g++: fatal error: no input files
compilation terminated.
configure:10194: $? = 1
configure:10198: checking whether we are using the GNU C++ compiler
configure:10217: arm-linux-gnueabihf-g++ -c  -DHAVE_EXPAT_CONFIG_H conftest.cpp >&5
configure:10217: $? = 0
configure:10226: result: yes
configure:10235: checking whether arm-linux-gnueabihf-g++ accepts -g
configure:10255: arm-linux-gnueabihf-g++ -c -g -DHAVE_EXPAT_CONFIG_H conftest.cpp >&5
configure:10255: $? = 0
configure:10296: result: yes
configure:10321: checking dependency style of arm-linux-gnueabihf-g++
configure:10432: result: gcc3
configure:10465: checking how to run the C++ preprocessor
configure:10492: arm-linux-gnueabihf-g++ -E -DHAVE_EXPAT_CONFIG_H conftest.cpp
configure:10492: $? = 0
configure:10506: arm-linux-gnueabihf-g++ -E -DHAVE_EXPAT_CONFIG_H conftest.cpp
conftest.cpp:23:28: fatal error: ac_nonexistent.h: No such file or directory
 #include <ac_nonexistent.h>
                            ^
compilation terminated.
configure:10506: $? = 1
configure: failed program was:
| /* confdefs.h */
| #define PACKAGE_NAME "expat"
| #define PACKAGE_TARNAME "expat"
| #define PACKAGE_VERSION "2.2.7"
| #define PACKAGE_STRING "expat 2.2.7"
| #define PACKAGE_BUGREPORT "expat-bugs@libexpat.org"
| #define PACKAGE_URL ""
| #define PACKAGE "expat"
| #define VERSION "2.2.7"
| #define STDC_HEADERS 1
| #define HAVE_SYS_TYPES_H 1
| #define HAVE_SYS_STAT_H 1
| #define HAVE_STDLIB_H 1
| #define HAVE_STRING_H 1
| #define HAVE_MEMORY_H 1
| #define HAVE_STRINGS_H 1
| #define HAVE_INTTYPES_H 1
| #define HAVE_STDINT_H 1
| #define HAVE_UNISTD_H 1
| #define HAVE_DLFCN_H 1
| #define LT_OBJDIR ".libs/"
| /* end confdefs.h.  */
| #include <ac_nonexistent.h>
configure:10531: result: arm-linux-gnueabihf-g++ -E
configure:10551: arm-linux-gnueabihf-g++ -E -DHAVE_EXPAT_CONFIG_H conftest.cpp
configure:10551: $? = 0
configure:10565: arm-linux-gnueabihf-g++ -E -DHAVE_EXPAT_CONFIG_H conftest.cpp
conftest.cpp:23:28: fatal error: ac_nonexistent.h: No such file or directory
 #include <ac_nonexistent.h>
                            ^
compilation terminated.
configure:10565: $? = 1
configure: failed program was:
| /* confdefs.h */
| #define PACKAGE_NAME "expat"
| #define PACKAGE_TARNAME "expat"
| #define PACKAGE_VERSION "2.2.7"
| #define PACKAGE_STRING "expat 2.2.7"
| #define PACKAGE_BUGREPORT "expat-bugs@libexpat.org"
| #define PACKAGE_URL ""
| #define PACKAGE "expat"
| #define VERSION "2.2.7"
| #define STDC_HEADERS 1
| #define HAVE_SYS_TYPES_H 1
| #define HAVE_SYS_STAT_H 1
| #define HAVE_STDLIB_H 1
| #define HAVE_STRING_H 1
| #define HAVE_MEMORY_H 1
| #define HAVE_STRINGS_H 1
| #define HAVE_INTTYPES_H 1
| #define HAVE_STDINT_H 1
| #define HAVE_UNISTD_H 1
| #define HAVE_DLFCN_H 1
| #define LT_OBJDIR ".libs/"
| /* end confdefs.h.  */
| #include <ac_nonexistent.h>
configure:10727: checking for ld used by arm-linux-gnueabihf-g++
configure:10794: result: /usr/local/arm/gcc-linaro-4.9-2016.02-x86_64_arm-linux-gnueabihf/arm-linux-gnueabihf/bin/ld
configure:10801: checking if the linker (/usr/local/arm/gcc-linaro-4.9-2016.02-x86_64_arm-linux-gnueabihf/arm-linux-gnueabihf/bin/ld) is GNU ld
configure:10816: result: yes
configure:10871: checking whether the arm-linux-gnueabihf-g++ linker (/usr/local/arm/gcc-linaro-4.9-2016.02-x86_64_arm-linux-gnueabihf/arm-linux-gnueabihf/bin/ld) supports shared libraries
configure:11944: result: yes
configure:11980: arm-linux-gnueabihf-g++ -c -g -O2 -DHAVE_EXPAT_CONFIG_H conftest.cpp >&5
configure:11983: $? = 0
configure:12464: checking for arm-linux-gnueabihf-g++ option to produce PIC
configure:12471: result: -fPIC -DPIC
configure:12479: checking if arm-linux-gnueabihf-g++ PIC flag -fPIC -DPIC works
configure:12497: arm-linux-gnueabihf-g++ -c -g -O2 -DHAVE_EXPAT_CONFIG_H -fPIC -DPIC -DPIC conftest.cpp >&5
configure:12501: $? = 0
configure:12514: result: yes
configure:12537: checking if arm-linux-gnueabihf-g++ static flag -static works
configure:12565: result: yes
configure:12577: checking if arm-linux-gnueabihf-g++ supports -c -o file.o
configure:12598: arm-linux-gnueabihf-g++ -c -g -O2 -DHAVE_EXPAT_CONFIG_H -o out/conftest2.o conftest.cpp >&5
configure:12602: $? = 0
configure:12624: result: yes
configure:12629: checking if arm-linux-gnueabihf-g++ supports -c -o file.o
configure:12676: result: yes
configure:12706: checking whether the arm-linux-gnueabihf-g++ linker (/usr/local/arm/gcc-linaro-4.9-2016.02-x86_64_arm-linux-gnueabihf/arm-linux-gnueabihf/bin/ld) supports shared libraries
configure:12746: result: yes
configure:12887: checking dynamic linker characteristics
configure:13645: result: GNU/Linux ld.so
configure:13710: checking how to hardcode library paths into programs
configure:13735: result: immediate
configure:12615: checking whether C++ compiler accepts -Wall
configure:12634: arm-linux-gnueabihf-g++ -c -g -O2  -Wall -DHAVE_EXPAT_CONFIG_H conftest.cpp >&5
configure:12634: $? = 0
configure:12643: result: yes
configure:12659: : CXXFLAGS="$CXXFLAGS"
configure:12662: $? = 0
configure:12615: checking whether C++ compiler accepts -Wextra
configure:12634: arm-linux-gnueabihf-g++ -c -g -O2 -Wall  -Wextra -DHAVE_EXPAT_CONFIG_H conftest.cpp >&5
configure:12634: $? = 0
configure:12643: result: yes
configure:12659: : CXXFLAGS="$CXXFLAGS"
configure:12662: $? = 0
configure:12690: checking whether C++ compiler accepts -fexceptions
configure:12709: arm-linux-gnueabihf-g++ -c -g -O2 -Wall -Wextra  -fexceptions -DHAVE_EXPAT_CONFIG_H conftest.cpp >&5
configure:12709: $? = 0
configure:12718: result: yes
configure:12734: : CXXFLAGS="$CXXFLAGS"
configure:12737: $? = 0
configure:12765: checking whether C++ compiler accepts -fno-strict-aliasing
configure:12784: arm-linux-gnueabihf-g++ -c -g -O2 -Wall -Wextra -fexceptions  -fno-strict-aliasing -DHAVE_EXPAT_CONFIG_H conftest.cpp >&5
configure:12784: $? = 0
configure:12793: result: yes
configure:12809: : CXXFLAGS="$CXXFLAGS"
configure:12812: $? = 0
configure:12849: checking whether the linker accepts -fno-strict-aliasing
configure:12868: arm-linux-gnueabihf-gcc -std=gnu99 -o conftest -g -O2 -Wall -Wextra -fexceptions -fno-strict-aliasing -Wmissing-prototypes -Wstrict-prototypes -pedantic -Wlogical-op -Wjump-misses-init -Wdouble-promotion -Wshadow -Wformat=2 -DHAVE_EXPAT_CONFIG_H   -fno-strict-aliasing conftest.c  >&5
conftest.c:25:1: warning: function declaration isn't a prototype [-Wstrict-prototypes]
 main ()
 ^
configure:12868: $? = 0
configure:12878: result: yes
configure:12894: : LDFLAGS="$LDFLAGS"
configure:12897: $? = 0
configure:12921: checking whether compiler supports visibility
configure:12936: arm-linux-gnueabihf-gcc -std=gnu99 -c -g -O2 -Wall -Wextra -fexceptions -fno-strict-aliasing -Wmissing-prototypes -Wstrict-prototypes -pedantic -Wlogical-op -Wjump-misses-init -Wdouble-promotion -Wshadow -Wformat=2 -fvisibility=hidden -Wall -Werror -Wno-unknown-warning-option -DHAVE_EXPAT_CONFIG_H conftest.c >&5
configure:12936: $? = 0
configure:12942: result: yes
configure:12959: : CFLAGS="$CFLAGS"
configure:12962: $? = 0
configure:12991: : CFLAGS="$CFLAGS"
configure:12994: $? = 0
configure:13012: checking for ANSI C header files
configure:13116: result: yes
configure:13126: checking whether byte ordering is bigendian
configure:13141: arm-linux-gnueabihf-gcc -std=gnu99 -c -g -O2 -Wall -Wextra -fexceptions -fno-strict-aliasing -Wmissing-prototypes -Wstrict-prototypes -pedantic -Wlogical-op -Wjump-misses-init -Wdouble-promotion -Wshadow -Wformat=2 -fvisibility=hidden -DXML_ENABLE_VISIBILITY=1 -DHAVE_EXPAT_CONFIG_H conftest.c >&5
conftest.c:25:9: error: unknown type name 'not'
         not a universal capable compiler
         ^
conftest.c:25:15: error: expected '=', ',', ';', 'asm' or '__attribute__' before 'universal'
         not a universal capable compiler
               ^
conftest.c:25:15: error: unknown type name 'universal'
configure:13141: $? = 1
configure: failed program was:
| /* confdefs.h */
| #define PACKAGE_NAME "expat"
| #define PACKAGE_TARNAME "expat"
| #define PACKAGE_VERSION "2.2.7"
| #define PACKAGE_STRING "expat 2.2.7"
| #define PACKAGE_BUGREPORT "expat-bugs@libexpat.org"
| #define PACKAGE_URL ""
| #define PACKAGE "expat"
| #define VERSION "2.2.7"
| #define STDC_HEADERS 1
| #define HAVE_SYS_TYPES_H 1
| #define HAVE_SYS_STAT_H 1
| #define HAVE_STDLIB_H 1
| #define HAVE_STRING_H 1
| #define HAVE_MEMORY_H 1
| #define HAVE_STRINGS_H 1
| #define HAVE_INTTYPES_H 1
| #define HAVE_STDINT_H 1
| #define HAVE_UNISTD_H 1
| #define HAVE_DLFCN_H 1
| #define LT_OBJDIR ".libs/"
| #define STDC_HEADERS 1
| /* end confdefs.h.  */
| #ifndef __APPLE_CC__
| 	       not a universal capable compiler
| 	     #endif
| 	     typedef int dummy;
| 
configure:13186: arm-linux-gnueabihf-gcc -std=gnu99 -c -g -O2 -Wall -Wextra -fexceptions -fno-strict-aliasing -Wmissing-prototypes -Wstrict-prototypes -pedantic -Wlogical-op -Wjump-misses-init -Wdouble-promotion -Wshadow -Wformat=2 -fvisibility=hidden -DXML_ENABLE_VISIBILITY=1 -DHAVE_EXPAT_CONFIG_H conftest.c >&5
conftest.c:28:1: warning: function declaration isn't a prototype [-Wstrict-prototypes]
 main ()
 ^
configure:13186: $? = 0
configure:13204: arm-linux-gnueabihf-gcc -std=gnu99 -c -g -O2 -Wall -Wextra -fexceptions -fno-strict-aliasing -Wmissing-prototypes -Wstrict-prototypes -pedantic -Wlogical-op -Wjump-misses-init -Wdouble-promotion -Wshadow -Wformat=2 -fvisibility=hidden -DXML_ENABLE_VISIBILITY=1 -DHAVE_EXPAT_CONFIG_H conftest.c >&5
conftest.c:28:1: warning: function declaration isn't a prototype [-Wstrict-prototypes]
 main ()
 ^
conftest.c: In function 'main':
conftest.c:31:4: error: unknown type name 'not'
    not big endian
    ^
conftest.c:31:12: error: expected '=', ',', ';', 'asm' or '__attribute__' before 'endian'
    not big endian
            ^
configure:13204: $? = 1
configure: failed program was:
| /* confdefs.h */
| #define PACKAGE_NAME "expat"
| #define PACKAGE_TARNAME "expat"
| #define PACKAGE_VERSION "2.2.7"
| #define PACKAGE_STRING "expat 2.2.7"
| #define PACKAGE_BUGREPORT "expat-bugs@libexpat.org"
| #define PACKAGE_URL ""
| #define PACKAGE "expat"
| #define VERSION "2.2.7"
| #define STDC_HEADERS 1
| #define HAVE_SYS_TYPES_H 1
| #define HAVE_SYS_STAT_H 1
| #define HAVE_STDLIB_H 1
| #define HAVE_STRING_H 1
| #define HAVE_MEMORY_H 1
| #define HAVE_STRINGS_H 1
| #define HAVE_INTTYPES_H 1
| #define HAVE_STDINT_H 1
| #define HAVE_UNISTD_H 1
| #define HAVE_DLFCN_H 1
| #define LT_OBJDIR ".libs/"
| #define STDC_HEADERS 1
| /* end confdefs.h.  */
| #include <sys/types.h>
| 		#include <sys/param.h>
| 
| int
| main ()
| {
| #if BYTE_ORDER != BIG_ENDIAN
| 		 not big endian
| 		#endif
| 
|   ;
|   return 0;
| }
configure:13332: result: no
configure:13357: checking for an ANSI C-conforming const
configure:13423: arm-linux-gnueabihf-gcc -std=gnu99 -c -g -O2 -Wall -Wextra -fexceptions -fno-strict-aliasing -Wmissing-prototypes -Wstrict-prototypes -pedantic -Wlogical-op -Wjump-misses-init -Wdouble-promotion -Wshadow -Wformat=2 -fvisibility=hidden -DXML_ENABLE_VISIBILITY=1 -DHAVE_EXPAT_CONFIG_H conftest.c >&5
conftest.c:27:1: warning: function declaration isn't a prototype [-Wstrict-prototypes]
 main ()
 ^
configure:13423: $? = 0
configure:13430: result: yes
configure:13438: checking for size_t
configure:13438: arm-linux-gnueabihf-gcc -std=gnu99 -c -g -O2 -Wall -Wextra -fexceptions -fno-strict-aliasing -Wmissing-prototypes -Wstrict-prototypes -pedantic -Wlogical-op -Wjump-misses-init -Wdouble-promotion -Wshadow -Wformat=2 -fvisibility=hidden -DXML_ENABLE_VISIBILITY=1 -DHAVE_EXPAT_CONFIG_H conftest.c >&5
conftest.c:59:1: warning: function declaration isn't a prototype [-Wstrict-prototypes]
 main ()
 ^
configure:13438: $? = 0
configure:13438: arm-linux-gnueabihf-gcc -std=gnu99 -c -g -O2 -Wall -Wextra -fexceptions -fno-strict-aliasing -Wmissing-prototypes -Wstrict-prototypes -pedantic -Wlogical-op -Wjump-misses-init -Wdouble-promotion -Wshadow -Wformat=2 -fvisibility=hidden -DXML_ENABLE_VISIBILITY=1 -DHAVE_EXPAT_CONFIG_H conftest.c >&5
conftest.c:59:1: warning: function declaration isn't a prototype [-Wstrict-prototypes]
 main ()
 ^
conftest.c: In function 'main':
conftest.c:61:21: error: expected expression before ')' token
 if (sizeof ((size_t)))
                     ^
configure:13438: $? = 1
configure: failed program was:
| /* confdefs.h */
| #define PACKAGE_NAME "expat"
| #define PACKAGE_TARNAME "expat"
| #define PACKAGE_VERSION "2.2.7"
| #define PACKAGE_STRING "expat 2.2.7"
| #define PACKAGE_BUGREPORT "expat-bugs@libexpat.org"
| #define PACKAGE_URL ""
| #define PACKAGE "expat"
| #define VERSION "2.2.7"
| #define STDC_HEADERS 1
| #define HAVE_SYS_TYPES_H 1
| #define HAVE_SYS_STAT_H 1
| #define HAVE_STDLIB_H 1
| #define HAVE_STRING_H 1
| #define HAVE_MEMORY_H 1
| #define HAVE_STRINGS_H 1
| #define HAVE_INTTYPES_H 1
| #define HAVE_STDINT_H 1
| #define HAVE_UNISTD_H 1
| #define HAVE_DLFCN_H 1
| #define LT_OBJDIR ".libs/"
| #define STDC_HEADERS 1
| #define BYTEORDER 1234
| /* end confdefs.h.  */
| #include <stdio.h>
| #ifdef HAVE_SYS_TYPES_H
| # include <sys/types.h>
| #endif
| #ifdef HAVE_SYS_STAT_H
| # include <sys/stat.h>
| #endif
| #ifdef STDC_HEADERS
| # include <stdlib.h>
| # include <stddef.h>
| #else
| # ifdef HAVE_STDLIB_H
| #  include <stdlib.h>
| # endif
| #endif
| #ifdef HAVE_STRING_H
| # if !defined STDC_HEADERS && defined HAVE_MEMORY_H
| #  include <memory.h>
| # endif
| # include <string.h>
| #endif
| #ifdef HAVE_STRINGS_H
| # include <strings.h>
| #endif
| #ifdef HAVE_INTTYPES_H
| # include <inttypes.h>
| #endif
| #ifdef HAVE_STDINT_H
| # include <stdint.h>
| #endif
| #ifdef HAVE_UNISTD_H
| # include <unistd.h>
| #endif
| int
| main ()
| {
| if (sizeof ((size_t)))
| 	    return 0;
|   ;
|   return 0;
| }
configure:13438: result: yes
configure:13578: checking for arc4random_buf (BSD or libbsd)
configure:13593: arm-linux-gnueabihf-gcc -std=gnu99 -o conftest -g -O2 -Wall -Wextra -fexceptions -fno-strict-aliasing -Wmissing-prototypes -Wstrict-prototypes -pedantic -Wlogical-op -Wjump-misses-init -Wdouble-promotion -Wshadow -Wformat=2 -fvisibility=hidden -DXML_ENABLE_VISIBILITY=1 -DHAVE_EXPAT_CONFIG_H  -fno-strict-aliasing conftest.c  >&5
conftest.c:30:7: warning: function declaration isn't a prototype [-Wstrict-prototypes]
   int main() {
       ^
conftest.c: In function 'main':
conftest.c:31:5: warning: implicit declaration of function 'arc4random_buf' [-Wimplicit-function-declaration]
     arc4random_buf(NULL, 0U);
     ^
/tmp/ccTj6LeD.o: In function `main':
/home/chen/work/bluez/install/expat/conftest.c:31: undefined reference to `arc4random_buf'
collect2: error: ld returned 1 exit status
configure:13593: $? = 1
configure: failed program was:
| /* confdefs.h */
| #define PACKAGE_NAME "expat"
| #define PACKAGE_TARNAME "expat"
| #define PACKAGE_VERSION "2.2.7"
| #define PACKAGE_STRING "expat 2.2.7"
| #define PACKAGE_BUGREPORT "expat-bugs@libexpat.org"
| #define PACKAGE_URL ""
| #define PACKAGE "expat"
| #define VERSION "2.2.7"
| #define STDC_HEADERS 1
| #define HAVE_SYS_TYPES_H 1
| #define HAVE_SYS_STAT_H 1
| #define HAVE_STDLIB_H 1
| #define HAVE_STRING_H 1
| #define HAVE_MEMORY_H 1
| #define HAVE_STRINGS_H 1
| #define HAVE_INTTYPES_H 1
| #define HAVE_STDINT_H 1
| #define HAVE_UNISTD_H 1
| #define HAVE_DLFCN_H 1
| #define LT_OBJDIR ".libs/"
| #define STDC_HEADERS 1
| #define BYTEORDER 1234
| /* end confdefs.h.  */
| 
|   #include <stdlib.h>  /* for arc4random_buf on BSD, for NULL */
|   #if defined(HAVE_LIBBSD)
|   # include <bsd/stdlib.h>
|   #endif
|   int main() {
|     arc4random_buf(NULL, 0U);
|     return 0;
|   }
| 
configure:13600: result: no
configure:13603: checking for arc4random (BSD, macOS or libbsd)
configure:13619: arm-linux-gnueabihf-gcc -std=gnu99 -o conftest -g -O2 -Wall -Wextra -fexceptions -fno-strict-aliasing -Wmissing-prototypes -Wstrict-prototypes -pedantic -Wlogical-op -Wjump-misses-init -Wdouble-promotion -Wshadow -Wformat=2 -fvisibility=hidden -DXML_ENABLE_VISIBILITY=1 -DHAVE_EXPAT_CONFIG_H  -fno-strict-aliasing conftest.c  >&5
conftest.c:31:11: warning: function declaration isn't a prototype [-Wstrict-prototypes]
       int main() {
           ^
conftest.c: In function 'main':
conftest.c:32:11: warning: implicit declaration of function 'arc4random' [-Wimplicit-function-declaration]
           arc4random();
           ^
/tmp/ccAbRLCC.o: In function `main':
/home/chen/work/bluez/install/expat/conftest.c:32: undefined reference to `arc4random'
collect2: error: ld returned 1 exit status
configure:13619: $? = 1
configure: failed program was:
| /* confdefs.h */
| #define PACKAGE_NAME "expat"
| #define PACKAGE_TARNAME "expat"
| #define PACKAGE_VERSION "2.2.7"
| #define PACKAGE_STRING "expat 2.2.7"
| #define PACKAGE_BUGREPORT "expat-bugs@libexpat.org"
| #define PACKAGE_URL ""
| #define PACKAGE "expat"
| #define VERSION "2.2.7"
| #define STDC_HEADERS 1
| #define HAVE_SYS_TYPES_H 1
| #define HAVE_SYS_STAT_H 1
| #define HAVE_STDLIB_H 1
| #define HAVE_STRING_H 1
| #define HAVE_MEMORY_H 1
| #define HAVE_STRINGS_H 1
| #define HAVE_INTTYPES_H 1
| #define HAVE_STDINT_H 1
| #define HAVE_UNISTD_H 1
| #define HAVE_DLFCN_H 1
| #define LT_OBJDIR ".libs/"
| #define STDC_HEADERS 1
| #define BYTEORDER 1234
| /* end confdefs.h.  */
| 
|       #if defined(HAVE_LIBBSD)
|       # include <bsd/stdlib.h>
|       #else
|       # include <stdlib.h>
|       #endif
|       int main() {
|           arc4random();
|           return 0;
|       }
| 
configure:13626: result: no
configure:13636: checking for getrandom (Linux 3.17+, glibc 2.25+)
configure:13648: arm-linux-gnueabihf-gcc -std=gnu99 -o conftest -g -O2 -Wall -Wextra -fexceptions -fno-strict-aliasing -Wmissing-prototypes -Wstrict-prototypes -pedantic -Wlogical-op -Wjump-misses-init -Wdouble-promotion -Wshadow -Wformat=2 -fvisibility=hidden -DXML_ENABLE_VISIBILITY=1 -DHAVE_EXPAT_CONFIG_H  -fno-strict-aliasing conftest.c  >&5
conftest.c:27:26: fatal error: sys/random.h: No such file or directory
   #include <sys/random.h>
                          ^
compilation terminated.
configure:13648: $? = 1
configure: failed program was:
| /* confdefs.h */
| #define PACKAGE_NAME "expat"
| #define PACKAGE_TARNAME "expat"
| #define PACKAGE_VERSION "2.2.7"
| #define PACKAGE_STRING "expat 2.2.7"
| #define PACKAGE_BUGREPORT "expat-bugs@libexpat.org"
| #define PACKAGE_URL ""
| #define PACKAGE "expat"
| #define VERSION "2.2.7"
| #define STDC_HEADERS 1
| #define HAVE_SYS_TYPES_H 1
| #define HAVE_SYS_STAT_H 1
| #define HAVE_STDLIB_H 1
| #define HAVE_STRING_H 1
| #define HAVE_MEMORY_H 1
| #define HAVE_STRINGS_H 1
| #define HAVE_INTTYPES_H 1
| #define HAVE_STDINT_H 1
| #define HAVE_UNISTD_H 1
| #define HAVE_DLFCN_H 1
| #define LT_OBJDIR ".libs/"
| #define STDC_HEADERS 1
| #define BYTEORDER 1234
| /* end confdefs.h.  */
| 
|   #include <stdlib.h>  /* for NULL */
|   #include <sys/random.h>
|   int main() {
|     return getrandom(NULL, 0U, 0U);
|   }
| 
configure:13655: result: no
configure:13658: checking for syscall SYS_getrandom (Linux 3.17+)
configure:13672: arm-linux-gnueabihf-gcc -std=gnu99 -o conftest -g -O2 -Wall -Wextra -fexceptions -fno-strict-aliasing -Wmissing-prototypes -Wstrict-prototypes -pedantic -Wlogical-op -Wjump-misses-init -Wdouble-promotion -Wshadow -Wformat=2 -fvisibility=hidden -DXML_ENABLE_VISIBILITY=1 -DHAVE_EXPAT_CONFIG_H  -fno-strict-aliasing conftest.c  >&5
conftest.c:29:11: warning: function declaration isn't a prototype [-Wstrict-prototypes]
       int main() {
           ^
configure:13672: $? = 0
configure:13676: result: yes
configure:13692: checking fcntl.h usability
configure:13692: arm-linux-gnueabihf-gcc -std=gnu99 -c -g -O2 -Wall -Wextra -fexceptions -fno-strict-aliasing -Wmissing-prototypes -Wstrict-prototypes -pedantic -Wlogical-op -Wjump-misses-init -Wdouble-promotion -Wshadow -Wformat=2 -fvisibility=hidden -DXML_ENABLE_VISIBILITY=1 -DHAVE_EXPAT_CONFIG_H conftest.c >&5
configure:13692: $? = 0
configure:13692: result: yes
configure:13692: checking fcntl.h presence
configure:13692: arm-linux-gnueabihf-gcc -E -DHAVE_EXPAT_CONFIG_H conftest.c
configure:13692: $? = 0
configure:13692: result: yes
configure:13692: checking for fcntl.h
configure:13692: result: yes
configure:13692: checking for unistd.h
configure:13692: result: yes
configure:13702: checking for off_t
configure:13702: arm-linux-gnueabihf-gcc -std=gnu99 -c -g -O2 -Wall -Wextra -fexceptions -fno-strict-aliasing -Wmissing-prototypes -Wstrict-prototypes -pedantic -Wlogical-op -Wjump-misses-init -Wdouble-promotion -Wshadow -Wformat=2 -fvisibility=hidden -DXML_ENABLE_VISIBILITY=1 -DHAVE_EXPAT_CONFIG_H conftest.c >&5
conftest.c:62:1: warning: function declaration isn't a prototype [-Wstrict-prototypes]
 main ()
 ^
configure:13702: $? = 0
configure:13702: arm-linux-gnueabihf-gcc -std=gnu99 -c -g -O2 -Wall -Wextra -fexceptions -fno-strict-aliasing -Wmissing-prototypes -Wstrict-prototypes -pedantic -Wlogical-op -Wjump-misses-init -Wdouble-promotion -Wshadow -Wformat=2 -fvisibility=hidden -DXML_ENABLE_VISIBILITY=1 -DHAVE_EXPAT_CONFIG_H conftest.c >&5
conftest.c:62:1: warning: function declaration isn't a prototype [-Wstrict-prototypes]
 main ()
 ^
conftest.c: In function 'main':
conftest.c:64:20: error: expected expression before ')' token
 if (sizeof ((off_t)))
                    ^
configure:13702: $? = 1
configure: failed program was:
| /* confdefs.h */
| #define PACKAGE_NAME "expat"
| #define PACKAGE_TARNAME "expat"
| #define PACKAGE_VERSION "2.2.7"
| #define PACKAGE_STRING "expat 2.2.7"
| #define PACKAGE_BUGREPORT "expat-bugs@libexpat.org"
| #define PACKAGE_URL ""
| #define PACKAGE "expat"
| #define VERSION "2.2.7"
| #define STDC_HEADERS 1
| #define HAVE_SYS_TYPES_H 1
| #define HAVE_SYS_STAT_H 1
| #define HAVE_STDLIB_H 1
| #define HAVE_STRING_H 1
| #define HAVE_MEMORY_H 1
| #define HAVE_STRINGS_H 1
| #define HAVE_INTTYPES_H 1
| #define HAVE_STDINT_H 1
| #define HAVE_UNISTD_H 1
| #define HAVE_DLFCN_H 1
| #define LT_OBJDIR ".libs/"
| #define STDC_HEADERS 1
| #define BYTEORDER 1234
| #define HAVE_SYSCALL_GETRANDOM 1
| #define HAVE_FCNTL_H 1
| #define HAVE_UNISTD_H 1
| /* end confdefs.h.  */
| #include <stdio.h>
| #ifdef HAVE_SYS_TYPES_H
| # include <sys/types.h>
| #endif
| #ifdef HAVE_SYS_STAT_H
| # include <sys/stat.h>
| #endif
| #ifdef STDC_HEADERS
| # include <stdlib.h>
| # include <stddef.h>
| #else
| # ifdef HAVE_STDLIB_H
| #  include <stdlib.h>
| # endif
| #endif
| #ifdef HAVE_STRING_H
| # if !defined STDC_HEADERS && defined HAVE_MEMORY_H
| #  include <memory.h>
| # endif
| # include <string.h>
| #endif
| #ifdef HAVE_STRINGS_H
| # include <strings.h>
| #endif
| #ifdef HAVE_INTTYPES_H
| # include <inttypes.h>
| #endif
| #ifdef HAVE_STDINT_H
| # include <stdint.h>
| #endif
| #ifdef HAVE_UNISTD_H
| # include <unistd.h>
| #endif
| int
| main ()
| {
| if (sizeof ((off_t)))
| 	    return 0;
|   ;
|   return 0;
| }
configure:13702: result: yes
configure:13719: checking for stdlib.h
configure:13719: result: yes
configure:13719: checking for unistd.h
configure:13719: result: yes
configure:13719: checking for sys/param.h
configure:13719: arm-linux-gnueabihf-gcc -std=gnu99 -c -g -O2 -Wall -Wextra -fexceptions -fno-strict-aliasing -Wmissing-prototypes -Wstrict-prototypes -pedantic -Wlogical-op -Wjump-misses-init -Wdouble-promotion -Wshadow -Wformat=2 -fvisibility=hidden -DXML_ENABLE_VISIBILITY=1 -DHAVE_EXPAT_CONFIG_H conftest.c >&5
configure:13719: $? = 0
configure:13719: result: yes
configure:13739: checking for getpagesize
configure:13739: arm-linux-gnueabihf-gcc -std=gnu99 -o conftest -g -O2 -Wall -Wextra -fexceptions -fno-strict-aliasing -Wmissing-prototypes -Wstrict-prototypes -pedantic -Wlogical-op -Wjump-misses-init -Wdouble-promotion -Wshadow -Wformat=2 -fvisibility=hidden -DXML_ENABLE_VISIBILITY=1 -DHAVE_EXPAT_CONFIG_H  -fno-strict-aliasing conftest.c  >&5
conftest.c:54:1: warning: function declaration isn't a prototype [-Wstrict-prototypes]
 char getpagesize ();
 ^
conftest.c:63:1: warning: function declaration isn't a prototype [-Wstrict-prototypes]
 main ()
 ^
configure:13739: $? = 0
configure:13739: result: yes
configure:13748: checking for working mmap
configure:13905: result: no
configure:13965: checking for docbook2x-man
configure:13995: result: no
configure:13965: checking for db2x_docbook2man
configure:13995: result: no
configure:13965: checking for docbook2man
configure:13995: result: no
configure:13965: checking for docbook-to-man
configure:13995: result: no
configure:14132: checking that generated files are newer than configure
configure:14138: result: done
configure:14190: creating ./config.status

## ---------------------- ##
## Running config.status. ##
## ---------------------- ##

This file was extended by expat config.status 2.2.7, which was
generated by GNU Autoconf 2.69.  Invocation command line was

  CONFIG_FILES    = 
  CONFIG_HEADERS  = 
  CONFIG_LINKS    = 
  CONFIG_COMMANDS = 
  $ ./config.status 

on chen

config.status:1183: creating Makefile
config.status:1183: creating expat.pc
config.status:1183: creating doc/Makefile
config.status:1183: creating examples/Makefile
config.status:1183: creating lib/Makefile
config.status:1183: creating tests/Makefile
config.status:1183: creating tests/benchmark/Makefile
config.status:1183: creating xmlwf/Makefile
config.status:1183: creating run.sh
config.status:1183: creating expat_config.h
config.status:1364: expat_config.h is unchanged
config.status:1412: executing depfiles commands
config.status:1489: cd examples       && sed -e '/# am--include-marker/d' Makefile         | make -f - am--depfiles
make: Nothing to be done for 'am--depfiles'.
config.status:1494: $? = 0
config.status:1489: cd lib       && sed -e '/# am--include-marker/d' Makefile         | make -f - am--depfiles
make: Nothing to be done for 'am--depfiles'.
config.status:1494: $? = 0
config.status:1489: cd tests       && sed -e '/# am--include-marker/d' Makefile         | make -f - am--depfiles
make: Nothing to be done for 'am--depfiles'.
config.status:1494: $? = 0
config.status:1489: cd tests/benchmark       && sed -e '/# am--include-marker/d' Makefile         | make -f - am--depfiles
make: Nothing to be done for 'am--depfiles'.
config.status:1494: $? = 0
config.status:1489: cd xmlwf       && sed -e '/# am--include-marker/d' Makefile         | make -f - am--depfiles
make: Nothing to be done for 'am--depfiles'.
config.status:1494: $? = 0
config.status:1412: executing libtool commands

## ---------------- ##
## Cache variables. ##
## ---------------- ##

ac_cv_build=x86_64-pc-linux-gnu
ac_cv_c_bigendian=no
ac_cv_c_compiler_gnu=yes
ac_cv_c_const=yes
ac_cv_cxx_compiler_gnu=yes
ac_cv_env_CCC_set=
ac_cv_env_CCC_value=
ac_cv_env_CC_set=set
ac_cv_env_CC_value=arm-linux-gnueabihf-gcc
ac_cv_env_CFLAGS_set=
ac_cv_env_CFLAGS_value=
ac_cv_env_CPPFLAGS_set=
ac_cv_env_CPPFLAGS_value=
ac_cv_env_CPP_set=
ac_cv_env_CPP_value=
ac_cv_env_CXXCPP_set=
ac_cv_env_CXXCPP_value=
ac_cv_env_CXXFLAGS_set=
ac_cv_env_CXXFLAGS_value=
ac_cv_env_CXX_set=set
ac_cv_env_CXX_value=arm-linux-gnueabihf-g++
ac_cv_env_DOCBOOK_TO_MAN_set=
ac_cv_env_DOCBOOK_TO_MAN_value=
ac_cv_env_LDFLAGS_set=
ac_cv_env_LDFLAGS_value=
ac_cv_env_LIBS_set=
ac_cv_env_LIBS_value=
ac_cv_env_LT_SYS_LIBRARY_PATH_set=
ac_cv_env_LT_SYS_LIBRARY_PATH_value=
ac_cv_env_build_alias_set=
ac_cv_env_build_alias_value=
ac_cv_env_host_alias_set=set
ac_cv_env_host_alias_value=arm-linux-gnueabihf
ac_cv_env_target_alias_set=
ac_cv_env_target_alias_value=
ac_cv_func_getpagesize=yes
ac_cv_func_mmap_fixed_mapped=no
ac_cv_header_dlfcn_h=yes
ac_cv_header_fcntl_h=yes
ac_cv_header_inttypes_h=yes
ac_cv_header_memory_h=yes
ac_cv_header_stdc=yes
ac_cv_header_stdint_h=yes
ac_cv_header_stdlib_h=yes
ac_cv_header_string_h=yes
ac_cv_header_strings_h=yes
ac_cv_header_sys_param_h=yes
ac_cv_header_sys_stat_h=yes
ac_cv_header_sys_types_h=yes
ac_cv_header_unistd_h=yes
ac_cv_host=arm-unknown-linux-gnueabihf
ac_cv_objext=o
ac_cv_path_EGREP='/usr/bin/grep -E'
ac_cv_path_FGREP='/usr/bin/grep -F'
ac_cv_path_GREP=/usr/bin/grep
ac_cv_path_SED=/usr/bin/sed
ac_cv_path_install='/usr/bin/install -c'
ac_cv_path_lt_DD=/usr/bin/dd
ac_cv_path_mkdir=/usr/bin/mkdir
ac_cv_prog_AR=arm-linux-gnueabihf-ar
ac_cv_prog_AWK=mawk
ac_cv_prog_CC=arm-linux-gnueabihf-gcc
ac_cv_prog_CPP='arm-linux-gnueabihf-gcc -E'
ac_cv_prog_CXXCPP='arm-linux-gnueabihf-g++ -E'
ac_cv_prog_OBJDUMP=arm-linux-gnueabihf-objdump
ac_cv_prog_RANLIB=arm-linux-gnueabihf-ranlib
ac_cv_prog_STRIP=arm-linux-gnueabihf-strip
ac_cv_prog_ac_ct_MANIFEST_TOOL=mt
ac_cv_prog_cc_c89=
ac_cv_prog_cc_c99=-std=gnu99
ac_cv_prog_cc_g=yes
ac_cv_prog_cxx_g=yes
ac_cv_prog_make_make_set=yes
ac_cv_type_off_t=yes
ac_cv_type_size_t=yes
am_cv_CC_dependencies_compiler_type=gcc3
am_cv_CXX_dependencies_compiler_type=gcc3
am_cv_ar_interface=ar
am_cv_make_support_nested_variables=yes
am_cv_prog_cc_c_o=yes
ax_cv_check_cflags___Wall=yes
ax_cv_check_cflags___Wdouble_promotion=yes
ax_cv_check_cflags___Wduplicated_branches=no
ax_cv_check_cflags___Wduplicated_cond=no
ax_cv_check_cflags___Wextra=yes
ax_cv_check_cflags___Wformat_2=yes
ax_cv_check_cflags___Wjump_misses_init=yes
ax_cv_check_cflags___Wlogical_op=yes
ax_cv_check_cflags___Wmisleading_indentation=no
ax_cv_check_cflags___Wmissing_prototypes=yes
ax_cv_check_cflags___Wnull_dereference=no
ax_cv_check_cflags___Wrestrict=no
ax_cv_check_cflags___Wshadow=yes
ax_cv_check_cflags___Wstrict_prototypes=yes
ax_cv_check_cflags___fexceptions=yes
ax_cv_check_cflags___fno_strict_aliasing=yes
ax_cv_check_cflags___pedantic=yes
ax_cv_check_cxxflags___Wall=yes
ax_cv_check_cxxflags___Wextra=yes
ax_cv_check_cxxflags___fexceptions=yes
ax_cv_check_cxxflags___fno_strict_aliasing=yes
ax_cv_check_ldflags___fno_strict_aliasing=yes
expatcfg_cv_compiler_supports_visibility=yes
lt_cv_ar_at_file=@
lt_cv_archive_cmds_need_lc=no
lt_cv_deplibs_check_method=pass_all
lt_cv_file_magic_cmd='$MAGIC_CMD'
lt_cv_file_magic_test_file=
lt_cv_ld_reload_flag=-r
lt_cv_nm_interface='BSD nm'
lt_cv_objdir=.libs
lt_cv_path_LD=/usr/local/arm/gcc-linaro-4.9-2016.02-x86_64_arm-linux-gnueabihf/arm-linux-gnueabihf/bin/ld
lt_cv_path_LDCXX=/usr/local/arm/gcc-linaro-4.9-2016.02-x86_64_arm-linux-gnueabihf/arm-linux-gnueabihf/bin/ld
lt_cv_path_NM='/usr/local/arm/gcc-linaro-4.9-2016.02-x86_64_arm-linux-gnueabihf/bin/arm-linux-gnueabihf-nm -B'
lt_cv_path_mainfest_tool=no
lt_cv_prog_compiler_c_o=yes
lt_cv_prog_compiler_c_o_CXX=yes
lt_cv_prog_compiler_pic='-fPIC -DPIC'
lt_cv_prog_compiler_pic_CXX='-fPIC -DPIC'
lt_cv_prog_compiler_pic_works=yes
lt_cv_prog_compiler_pic_works_CXX=yes
lt_cv_prog_compiler_rtti_exceptions=no
lt_cv_prog_compiler_static_works=yes
lt_cv_prog_compiler_static_works_CXX=yes
lt_cv_prog_gnu_ld=yes
lt_cv_prog_gnu_ldcxx=yes
lt_cv_sharedlib_from_linklib_cmd='printf %s\n'
lt_cv_shlibpath_overrides_runpath=no
lt_cv_sys_global_symbol_pipe='sed -n -e '\''s/^.*[	 ]\([ABCDGIRSTW][ABCDGIRSTW]*\)[	 ][	 ]*\([_A-Za-z][_A-Za-z0-9]*\)$/\1 \2 \2/p'\'' | sed '\''/ __gnu_lto/d'\'''
lt_cv_sys_global_symbol_to_c_name_address='sed -n -e '\''s/^: \(.*\) .*$/  {"\1", (void *) 0},/p'\'' -e '\''s/^[ABCDGIRSTW][ABCDGIRSTW]* .* \(.*\)$/  {"\1", (void *) \&\1},/p'\'''
lt_cv_sys_global_symbol_to_c_name_address_lib_prefix='sed -n -e '\''s/^: \(.*\) .*$/  {"\1", (void *) 0},/p'\'' -e '\''s/^[ABCDGIRSTW][ABCDGIRSTW]* .* \(lib.*\)$/  {"\1", (void *) \&\1},/p'\'' -e '\''s/^[ABCDGIRSTW][ABCDGIRSTW]* .* \(.*\)$/  {"lib\1", (void *) \&\1},/p'\'''
lt_cv_sys_global_symbol_to_cdecl='sed -n -e '\''s/^T .* \(.*\)$/extern int \1();/p'\'' -e '\''s/^[ABCDGIRSTW][ABCDGIRSTW]* .* \(.*\)$/extern char \1;/p'\'''
lt_cv_sys_global_symbol_to_import=
lt_cv_sys_max_cmd_len=1572864
lt_cv_to_host_file_cmd=func_convert_file_noop
lt_cv_to_tool_file_cmd=func_convert_file_noop
lt_cv_truncate_bin='/usr/bin/dd bs=4096 count=1'

## ----------------- ##
## Output variables. ##
## ----------------- ##

ACLOCAL='${SHELL} /home/chen/work/bluez/install/expat/conftools/missing aclocal-1.16'
AMDEPBACKSLASH='\'
AMDEP_FALSE='#'
AMDEP_TRUE=''
AMTAR='$${TAR-tar}'
AM_BACKSLASH='\'
AM_DEFAULT_V='$(AM_DEFAULT_VERBOSITY)'
AM_DEFAULT_VERBOSITY='1'
AM_V='$(V)'
AR='arm-linux-gnueabihf-ar'
AS='as'
AUTOCONF='${SHELL} /home/chen/work/bluez/install/expat/conftools/missing autoconf'
AUTOHEADER='${SHELL} /home/chen/work/bluez/install/expat/conftools/missing autoheader'
AUTOMAKE='${SHELL} /home/chen/work/bluez/install/expat/conftools/missing automake-1.16'
AWK='mawk'
CC='arm-linux-gnueabihf-gcc -std=gnu99'
CCDEPMODE='depmode=gcc3'
CFLAGS='-g -O2 -Wall -Wextra -fexceptions -fno-strict-aliasing -Wmissing-prototypes -Wstrict-prototypes -pedantic -Wlogical-op -Wjump-misses-init -Wdouble-promotion -Wshadow -Wformat=2 -fvisibility=hidden -DXML_ENABLE_VISIBILITY=1'
CPP='arm-linux-gnueabihf-gcc -E'
CPPFLAGS='-DHAVE_EXPAT_CONFIG_H'
CXX='arm-linux-gnueabihf-g++'
CXXCPP='arm-linux-gnueabihf-g++ -E'
CXXDEPMODE='depmode=gcc3'
CXXFLAGS='-g -O2 -Wall -Wextra -fexceptions -fno-strict-aliasing'
CYGPATH_W='echo'
DEFS='-DHAVE_CONFIG_H'
DEPDIR='.deps'
DLLTOOL='false'
DOCBOOK_TO_MAN=''
DSYMUTIL=''
DUMPBIN=''
ECHO_C=''
ECHO_N='-n'
ECHO_T=''
EGREP='/usr/bin/grep -E'
EXEEXT=''
FGREP='/usr/bin/grep -F'
FILEMAP='readfilemap'
GREP='/usr/bin/grep'
INSTALL_DATA='${INSTALL} -m 644'
INSTALL_PROGRAM='${INSTALL}'
INSTALL_SCRIPT='${INSTALL}'
INSTALL_STRIP_PROGRAM='$(install_sh) -c -s'
LD='/usr/local/arm/gcc-linaro-4.9-2016.02-x86_64_arm-linux-gnueabihf/arm-linux-gnueabihf/bin/ld'
LDFLAGS=' -fno-strict-aliasing'
LIBAGE='6'
LIBCURRENT='7'
LIBOBJS=''
LIBREVISION='9'
LIBS=''
LIBTOOL='$(SHELL) $(top_builddir)/libtool'
LIPO=''
LN_S='ln -s'
LTLIBOBJS=''
LT_SYS_LIBRARY_PATH=''
MAKEINFO='${SHELL} /home/chen/work/bluez/install/expat/conftools/missing makeinfo'
MANIFEST_TOOL=':'
MINGW_FALSE=''
MINGW_TRUE='#'
MKDIR_P='/usr/bin/mkdir -p'
NM='/usr/local/arm/gcc-linaro-4.9-2016.02-x86_64_arm-linux-gnueabihf/bin/arm-linux-gnueabihf-nm -B'
NMEDIT=''
OBJDUMP='arm-linux-gnueabihf-objdump'
OBJEXT='o'
OTOOL64=''
OTOOL=''
PACKAGE='expat'
PACKAGE_BUGREPORT='expat-bugs@libexpat.org'
PACKAGE_NAME='expat'
PACKAGE_STRING='expat 2.2.7'
PACKAGE_TARNAME='expat'
PACKAGE_URL=''
PACKAGE_VERSION='2.2.7'
PATH_SEPARATOR=':'
RANLIB='arm-linux-gnueabihf-ranlib'
SED='/usr/bin/sed'
SET_MAKE=''
SHELL='/bin/bash'
STRIP='arm-linux-gnueabihf-strip'
UNICODE_FALSE=''
UNICODE_TRUE='#'
VERSION='2.2.7'
WITH_DOCBOOK_FALSE=''
WITH_DOCBOOK_TRUE='#'
WITH_EXAMPLES_FALSE='#'
WITH_EXAMPLES_TRUE=''
WITH_TESTS_FALSE='#'
WITH_TESTS_TRUE=''
WITH_XMLWF_FALSE='#'
WITH_XMLWF_TRUE=''
ac_ct_AR=''
ac_ct_CC=''
ac_ct_CXX=''
ac_ct_DUMPBIN=''
am__EXEEXT_FALSE=''
am__EXEEXT_TRUE='#'
am__fastdepCC_FALSE='#'
am__fastdepCC_TRUE=''
am__fastdepCXX_FALSE='#'
am__fastdepCXX_TRUE=''
am__include='include'
am__isrc=''
am__leading_dot='.'
am__nodep='_no'
am__quote=''
am__tar='$${TAR-tar} chof - "$$tardir"'
am__untar='$${TAR-tar} xf -'
bindir='${exec_prefix}/bin'
build='x86_64-pc-linux-gnu'
build_alias=''
build_cpu='x86_64'
build_os='linux-gnu'
build_vendor='pc'
datadir='${datarootdir}'
datarootdir='${prefix}/share'
docdir='${datarootdir}/doc/${PACKAGE_TARNAME}'
dvidir='${docdir}'
exec_prefix='${prefix}'
host='arm-unknown-linux-gnueabihf'
host_alias='arm-linux-gnueabihf'
host_cpu='arm'
host_os='linux-gnueabihf'
host_vendor='unknown'
htmldir='${docdir}'
includedir='${prefix}/include'
infodir='${datarootdir}/info'
install_sh='${SHELL} /home/chen/work/bluez/install/expat/conftools/install-sh'
libdir='${exec_prefix}/lib'
libexecdir='${exec_prefix}/libexec'
localedir='${datarootdir}/locale'
localstatedir='${prefix}/var'
mandir='${datarootdir}/man'
mkdir_p='$(MKDIR_P)'
oldincludedir='/usr/include'
pdfdir='${docdir}'
prefix='/home/chen/work/bluez/build'
program_transform_name='s,x,x,'
psdir='${docdir}'
sbindir='${exec_prefix}/sbin'
sharedstatedir='${prefix}/com'
sysconfdir='${prefix}/etc'
target_alias=''

## ----------- ##
## confdefs.h. ##
## ----------- ##

/* confdefs.h */
#define PACKAGE_NAME "expat"
#define PACKAGE_TARNAME "expat"
#define PACKAGE_VERSION "2.2.7"
#define PACKAGE_STRING "expat 2.2.7"
#define PACKAGE_BUGREPORT "expat-bugs@libexpat.org"
#define PACKAGE_URL ""
#define PACKAGE "expat"
#define VERSION "2.2.7"
#define STDC_HEADERS 1
#define HAVE_SYS_TYPES_H 1
#define HAVE_SYS_STAT_H 1
#define HAVE_STDLIB_H 1
#define HAVE_STRING_H 1
#define HAVE_MEMORY_H 1
#define HAVE_STRINGS_H 1
#define HAVE_INTTYPES_H 1
#define HAVE_STDINT_H 1
#define HAVE_UNISTD_H 1
#define HAVE_DLFCN_H 1
#define LT_OBJDIR ".libs/"
#define STDC_HEADERS 1
#define BYTEORDER 1234
#define HAVE_SYSCALL_GETRANDOM 1
#define HAVE_FCNTL_H 1
#define HAVE_UNISTD_H 1
#define HAVE_STDLIB_H 1
#define HAVE_UNISTD_H 1
#define HAVE_SYS_PARAM_H 1
#define HAVE_GETPAGESIZE 1
#define XML_NS 1
#define XML_DTD 1
#define XML_DEV_URANDOM 1
#define XML_CONTEXT_BYTES 1024

configure: exit 0
