Determining if files sys/endian.h exist failed with the following output:
Change Dir: /home/chen/work/bluez/install/libical/CMakeFiles/CMakeTmp

Run Build Command(s):/usr/bin/make cmTC_93dc5/fast && /usr/bin/make -f CMakeFiles/cmTC_93dc5.dir/build.make CMakeFiles/cmTC_93dc5.dir/build
make[1]: 进入目录“/home/chen/work/bluez/install/libical/CMakeFiles/CMakeTmp”
Building C object CMakeFiles/cmTC_93dc5.dir/HAVE_SYS_ENDIAN_H.c.o
/usr/local/arm/gcc-linaro-4.9-2016.02-x86_64_arm-linux-gnueabihf/bin/arm-linux-gnueabihf-gcc    -o CMakeFiles/cmTC_93dc5.dir/HAVE_SYS_ENDIAN_H.c.o   -c /home/chen/work/bluez/install/libical/CMakeFiles/CheckIncludeFiles/HAVE_SYS_ENDIAN_H.c
/home/chen/work/bluez/install/libical/CMakeFiles/CheckIncludeFiles/HAVE_SYS_ENDIAN_H.c:2:24: fatal error: sys/endian.h: No such file or directory
 #include <sys/endian.h>
                        ^
compilation terminated.
make[1]: *** [CMakeFiles/cmTC_93dc5.dir/build.make:66：CMakeFiles/cmTC_93dc5.dir/HAVE_SYS_ENDIAN_H.c.o] 错误 1
make[1]: 离开目录“/home/chen/work/bluez/install/libical/CMakeFiles/CMakeTmp”
make: *** [Makefile:121：cmTC_93dc5/fast] 错误 2


Source:
/* */
#include <sys/endian.h>


int main(void){return 0;}

Determining if the function GetNumberFormat exists failed with the following output:
Change Dir: /home/chen/work/bluez/install/libical/CMakeFiles/CMakeTmp

Run Build Command(s):/usr/bin/make cmTC_5360d/fast && /usr/bin/make -f CMakeFiles/cmTC_5360d.dir/build.make CMakeFiles/cmTC_5360d.dir/build
make[1]: 进入目录“/home/chen/work/bluez/install/libical/CMakeFiles/CMakeTmp”
Building C object CMakeFiles/cmTC_5360d.dir/CheckFunctionExists.c.o
/usr/local/arm/gcc-linaro-4.9-2016.02-x86_64_arm-linux-gnueabihf/bin/arm-linux-gnueabihf-gcc   -DCHECK_FUNCTION_EXISTS=GetNumberFormat   -o CMakeFiles/cmTC_5360d.dir/CheckFunctionExists.c.o   -c /usr/share/cmake-3.16/Modules/CheckFunctionExists.c
Linking C executable cmTC_5360d
/usr/bin/cmake -E cmake_link_script CMakeFiles/cmTC_5360d.dir/link.txt --verbose=1
/usr/local/arm/gcc-linaro-4.9-2016.02-x86_64_arm-linux-gnueabihf/bin/arm-linux-gnueabihf-gcc  -DCHECK_FUNCTION_EXISTS=GetNumberFormat    -rdynamic CMakeFiles/cmTC_5360d.dir/CheckFunctionExists.c.o  -o cmTC_5360d  -lkernel32.lib 
/usr/local/arm/gcc-linaro-4.9-2016.02-x86_64_arm-linux-gnueabihf/bin/../lib/gcc/arm-linux-gnueabihf/4.9.4/../../../../arm-linux-gnueabihf/bin/ld: 找不到 -lkernel32.lib
collect2: error: ld returned 1 exit status
make[1]: *** [CMakeFiles/cmTC_5360d.dir/build.make:87：cmTC_5360d] 错误 1
make[1]: 离开目录“/home/chen/work/bluez/install/libical/CMakeFiles/CMakeTmp”
make: *** [Makefile:121：cmTC_5360d/fast] 错误 2



Determining size of wint_t failed with the following output:
Change Dir: /home/chen/work/bluez/install/libical/CMakeFiles/CMakeTmp

Run Build Command(s):/usr/bin/make cmTC_9c2e4/fast && /usr/bin/make -f CMakeFiles/cmTC_9c2e4.dir/build.make CMakeFiles/cmTC_9c2e4.dir/build
make[1]: 进入目录“/home/chen/work/bluez/install/libical/CMakeFiles/CMakeTmp”
Building C object CMakeFiles/cmTC_9c2e4.dir/SIZEOF_WINT_T.c.o
/usr/local/arm/gcc-linaro-4.9-2016.02-x86_64_arm-linux-gnueabihf/bin/arm-linux-gnueabihf-gcc    -o CMakeFiles/cmTC_9c2e4.dir/SIZEOF_WINT_T.c.o   -c /home/chen/work/bluez/install/libical/CMakeFiles/CheckTypeSize/SIZEOF_WINT_T.c
/home/chen/work/bluez/install/libical/CMakeFiles/CheckTypeSize/SIZEOF_WINT_T.c:23:22: error: 'wint_t' undeclared here (not in a function)
 #define SIZE (sizeof(wint_t))
                      ^
/home/chen/work/bluez/install/libical/CMakeFiles/CheckTypeSize/SIZEOF_WINT_T.c:25:12: note: in expansion of macro 'SIZE'
   ('0' + ((SIZE / 10000)%10)),
            ^
make[1]: *** [CMakeFiles/cmTC_9c2e4.dir/build.make:66：CMakeFiles/cmTC_9c2e4.dir/SIZEOF_WINT_T.c.o] 错误 1
make[1]: 离开目录“/home/chen/work/bluez/install/libical/CMakeFiles/CMakeTmp”
make: *** [Makefile:121：cmTC_9c2e4/fast] 错误 2


/home/chen/work/bluez/install/libical/CMakeFiles/CheckTypeSize/SIZEOF_WINT_T.c:
#include <sys/types.h>
#include <stdint.h>
#include <stddef.h>


#undef KEY
#if defined(__i386)
# define KEY '_','_','i','3','8','6'
#elif defined(__x86_64)
# define KEY '_','_','x','8','6','_','6','4'
#elif defined(__ppc__)
# define KEY '_','_','p','p','c','_','_'
#elif defined(__ppc64__)
# define KEY '_','_','p','p','c','6','4','_','_'
#elif defined(__aarch64__)
# define KEY '_','_','a','a','r','c','h','6','4','_','_'
#elif defined(__ARM_ARCH_7A__)
# define KEY '_','_','A','R','M','_','A','R','C','H','_','7','A','_','_'
#elif defined(__ARM_ARCH_7S__)
# define KEY '_','_','A','R','M','_','A','R','C','H','_','7','S','_','_'
#endif

#define SIZE (sizeof(wint_t))
static char info_size[] =  {'I', 'N', 'F', 'O', ':', 's','i','z','e','[',
  ('0' + ((SIZE / 10000)%10)),
  ('0' + ((SIZE / 1000)%10)),
  ('0' + ((SIZE / 100)%10)),
  ('0' + ((SIZE / 10)%10)),
  ('0' +  (SIZE    % 10)),
  ']',
#ifdef KEY
  ' ','k','e','y','[', KEY, ']',
#endif
  '\0'};

#ifdef __CLASSIC_C__
int main(argc, argv) int argc; char *argv[];
#else
int main(int argc, char *argv[])
#endif
{
  int require = 0;
  require += info_size[argc];
  (void)argv;
  return require;
}


Performing C SOURCE FILE Test CMAKE_HAVE_LIBC_PTHREAD failed with the following output:
Change Dir: /home/chen/work/bluez/install/libical/CMakeFiles/CMakeTmp

Run Build Command(s):/usr/bin/make cmTC_c08fb/fast && /usr/bin/make -f CMakeFiles/cmTC_c08fb.dir/build.make CMakeFiles/cmTC_c08fb.dir/build
make[1]: 进入目录“/home/chen/work/bluez/install/libical/CMakeFiles/CMakeTmp”
Building C object CMakeFiles/cmTC_c08fb.dir/src.c.o
/usr/local/arm/gcc-linaro-4.9-2016.02-x86_64_arm-linux-gnueabihf/bin/arm-linux-gnueabihf-gcc   -DCMAKE_HAVE_LIBC_PTHREAD   -o CMakeFiles/cmTC_c08fb.dir/src.c.o   -c /home/chen/work/bluez/install/libical/CMakeFiles/CMakeTmp/src.c
Linking C executable cmTC_c08fb
/usr/bin/cmake -E cmake_link_script CMakeFiles/cmTC_c08fb.dir/link.txt --verbose=1
/usr/local/arm/gcc-linaro-4.9-2016.02-x86_64_arm-linux-gnueabihf/bin/arm-linux-gnueabihf-gcc  -DCMAKE_HAVE_LIBC_PTHREAD    -rdynamic CMakeFiles/cmTC_c08fb.dir/src.c.o  -o cmTC_c08fb 
CMakeFiles/cmTC_c08fb.dir/src.c.o: In function `main':
src.c:(.text+0x2c): undefined reference to `pthread_create'
src.c:(.text+0x34): undefined reference to `pthread_detach'
src.c:(.text+0x3e): undefined reference to `pthread_join'
src.c:(.text+0x48): undefined reference to `pthread_atfork'
collect2: error: ld returned 1 exit status
make[1]: *** [CMakeFiles/cmTC_c08fb.dir/build.make:87：cmTC_c08fb] 错误 1
make[1]: 离开目录“/home/chen/work/bluez/install/libical/CMakeFiles/CMakeTmp”
make: *** [Makefile:121：cmTC_c08fb/fast] 错误 2


Source file was:
#include <pthread.h>

void* test_func(void* data)
{
  return data;
}

int main(void)
{
  pthread_t thread;
  pthread_create(&thread, NULL, test_func, NULL);
  pthread_detach(thread);
  pthread_join(thread, NULL);
  pthread_atfork(NULL, NULL, NULL);
  pthread_exit(NULL);

  return 0;
}

Determining if the function pthread_create exists in the pthreads failed with the following output:
Change Dir: /home/chen/work/bluez/install/libical/CMakeFiles/CMakeTmp

Run Build Command(s):/usr/bin/make cmTC_447c8/fast && /usr/bin/make -f CMakeFiles/cmTC_447c8.dir/build.make CMakeFiles/cmTC_447c8.dir/build
make[1]: 进入目录“/home/chen/work/bluez/install/libical/CMakeFiles/CMakeTmp”
Building C object CMakeFiles/cmTC_447c8.dir/CheckFunctionExists.c.o
/usr/local/arm/gcc-linaro-4.9-2016.02-x86_64_arm-linux-gnueabihf/bin/arm-linux-gnueabihf-gcc   -DCHECK_FUNCTION_EXISTS=pthread_create   -o CMakeFiles/cmTC_447c8.dir/CheckFunctionExists.c.o   -c /usr/share/cmake-3.16/Modules/CheckFunctionExists.c
Linking C executable cmTC_447c8
/usr/bin/cmake -E cmake_link_script CMakeFiles/cmTC_447c8.dir/link.txt --verbose=1
/usr/local/arm/gcc-linaro-4.9-2016.02-x86_64_arm-linux-gnueabihf/bin/arm-linux-gnueabihf-gcc  -DCHECK_FUNCTION_EXISTS=pthread_create    -rdynamic CMakeFiles/cmTC_447c8.dir/CheckFunctionExists.c.o  -o cmTC_447c8  -lpthreads 
/usr/local/arm/gcc-linaro-4.9-2016.02-x86_64_arm-linux-gnueabihf/bin/../lib/gcc/arm-linux-gnueabihf/4.9.4/../../../../arm-linux-gnueabihf/bin/ld: 找不到 -lpthreads
collect2: error: ld returned 1 exit status
make[1]: *** [CMakeFiles/cmTC_447c8.dir/build.make:87：cmTC_447c8] 错误 1
make[1]: 离开目录“/home/chen/work/bluez/install/libical/CMakeFiles/CMakeTmp”
make: *** [Makefile:121：cmTC_447c8/fast] 错误 2



Determining if the function pthread_attr_get_np exists in the pthread failed with the following output:
Change Dir: /home/chen/work/bluez/install/libical/CMakeFiles/CMakeTmp

Run Build Command(s):/usr/bin/make cmTC_ac5d9/fast && /usr/bin/make -f CMakeFiles/cmTC_ac5d9.dir/build.make CMakeFiles/cmTC_ac5d9.dir/build
make[1]: 进入目录“/home/chen/work/bluez/install/libical/CMakeFiles/CMakeTmp”
Building C object CMakeFiles/cmTC_ac5d9.dir/CheckFunctionExists.c.o
/usr/local/arm/gcc-linaro-4.9-2016.02-x86_64_arm-linux-gnueabihf/bin/arm-linux-gnueabihf-gcc   -DCHECK_FUNCTION_EXISTS=pthread_attr_get_np   -o CMakeFiles/cmTC_ac5d9.dir/CheckFunctionExists.c.o   -c /usr/share/cmake-3.16/Modules/CheckFunctionExists.c
Linking C executable cmTC_ac5d9
/usr/bin/cmake -E cmake_link_script CMakeFiles/cmTC_ac5d9.dir/link.txt --verbose=1
/usr/local/arm/gcc-linaro-4.9-2016.02-x86_64_arm-linux-gnueabihf/bin/arm-linux-gnueabihf-gcc  -DCHECK_FUNCTION_EXISTS=pthread_attr_get_np    -rdynamic CMakeFiles/cmTC_ac5d9.dir/CheckFunctionExists.c.o  -o cmTC_ac5d9  -lpthread 
CMakeFiles/cmTC_ac5d9.dir/CheckFunctionExists.c.o: In function `main':
CheckFunctionExists.c:(.text+0xa): undefined reference to `pthread_attr_get_np'
collect2: error: ld returned 1 exit status
make[1]: *** [CMakeFiles/cmTC_ac5d9.dir/build.make:87：cmTC_ac5d9] 错误 1
make[1]: 离开目录“/home/chen/work/bluez/install/libical/CMakeFiles/CMakeTmp”
make: *** [Makefile:121：cmTC_ac5d9/fast] 错误 2



Determining if files pthread.h;pthread_np.h exist failed with the following output:
Change Dir: /home/chen/work/bluez/install/libical/CMakeFiles/CMakeTmp

Run Build Command(s):/usr/bin/make cmTC_77945/fast && /usr/bin/make -f CMakeFiles/cmTC_77945.dir/build.make CMakeFiles/cmTC_77945.dir/build
make[1]: 进入目录“/home/chen/work/bluez/install/libical/CMakeFiles/CMakeTmp”
Building C object CMakeFiles/cmTC_77945.dir/HAVE_PTHREAD_NP_H.c.o
/usr/local/arm/gcc-linaro-4.9-2016.02-x86_64_arm-linux-gnueabihf/bin/arm-linux-gnueabihf-gcc    -o CMakeFiles/cmTC_77945.dir/HAVE_PTHREAD_NP_H.c.o   -c /home/chen/work/bluez/install/libical/CMakeFiles/CheckIncludeFiles/HAVE_PTHREAD_NP_H.c
/home/chen/work/bluez/install/libical/CMakeFiles/CheckIncludeFiles/HAVE_PTHREAD_NP_H.c:3:24: fatal error: pthread_np.h: No such file or directory
 #include <pthread_np.h>
                        ^
compilation terminated.
make[1]: *** [CMakeFiles/cmTC_77945.dir/build.make:66：CMakeFiles/cmTC_77945.dir/HAVE_PTHREAD_NP_H.c.o] 错误 1
make[1]: 离开目录“/home/chen/work/bluez/install/libical/CMakeFiles/CMakeTmp”
make: *** [Makefile:121：cmTC_77945/fast] 错误 2


Source:
/* */
#include <pthread.h>
#include <pthread_np.h>


int main(void){return 0;}

