This file contains any messages produced by compilers while
running configure, to aid debugging if configure makes a mistake.

It was created by bluez configure 5.58, which was
generated by GNU Autoconf 2.69.  Invocation command line was

  $ ./configure --prefix=/home/chen/work/bluez/build --host=arm-linux-gnueabi --disable-audio --enable-network --enable-serial --enable-input --enable-service --enable-health --enable-usb --enable-tools --enable-bccmd --enable-hid2hci --enable-hidd --enable-pand --enable-cups --enable-pie --enable-test --enable-threads --enable-shared=yes --enable-library --enable-deprecated CC=arm-linux-gnueabi-gcc CFLAGS=-I/home/chen/work/bluez/build/include LDFLAGS=-L/home/chen/work/bluez/lib

## --------- ##
## Platform. ##
## --------- ##

hostname = chen
uname -m = x86_64
uname -r = 5.11.0-38-generic
uname -s = Linux
uname -v = #42~20.04.1-Ubuntu SMP Tue Sep 28 20:41:07 UTC 2021

/usr/bin/uname -p = x86_64
/bin/uname -X     = unknown

/bin/arch              = x86_64
/usr/bin/arch -k       = unknown
/usr/convex/getsysinfo = unknown
/usr/bin/hostinfo      = unknown
/bin/machine           = unknown
/usr/bin/oslevel       = unknown
/bin/universe          = unknown

PATH: /home/chen/.cache/cloud-code/installer/google-cloud-sdk/bin
PATH: /home/chen/.local/share/umake/bin
PATH: /usr/local/sbin
PATH: /usr/local/bin
PATH: /usr/sbin
PATH: /usr/bin
PATH: /sbin
PATH: /bin
PATH: /usr/games
PATH: /usr/local/games
PATH: /snap/bin
PATH: /usr/local/arm/gcc-linaro-4.9-2016.02-x86_64_arm-linux-gnueabihf/bin


## ----------- ##
## Core tests. ##
## ----------- ##

configure:2522: checking for a BSD-compatible install
configure:2590: result: /usr/bin/install -c
configure:2601: checking whether build environment is sane
configure:2656: result: yes
configure:2713: checking for arm-linux-gnueabi-strip
configure:2729: found /usr/bin/arm-linux-gnueabi-strip
configure:2740: result: arm-linux-gnueabi-strip
configure:2805: checking for a thread-safe mkdir -p
configure:2844: result: /usr/bin/mkdir -p
configure:2851: checking for gawk
configure:2881: result: no
configure:2851: checking for mawk
configure:2867: found /usr/bin/mawk
configure:2878: result: mawk
configure:2889: checking whether make sets $(MAKE)
configure:2911: result: yes
configure:2940: checking whether make supports nested variables
configure:2957: result: yes
configure:3036: checking how to create a pax tar archive
configure:3047: tar --version
tar (GNU tar) 1.30
Copyright (C) 2017 Free Software Foundation, Inc.
License GPLv3+: GNU GPL version 3 or later <https://gnu.org/licenses/gpl.html>.
This is free software: you are free to change and redistribute it.
There is NO WARRANTY, to the extent permitted by law.

Written by John Gilmore and Jay Fenlason.
configure:3050: $? = 0
configure:3090: tardir=conftest.dir && eval tar --format=posix -chf - "$tardir" >conftest.tar
configure:3093: $? = 0
configure:3097: tar -xf - <conftest.tar
configure:3100: $? = 0
configure:3102: cat conftest.dir/file
GrepMe
configure:3105: $? = 0
configure:3118: result: gnutar
configure:3182: checking whether make supports nested variables
configure:3199: result: yes
configure:3212: checking whether to enable maintainer-specific portions of Makefiles
configure:3221: result: no
configure:3248: checking for arm-linux-gnueabi-pkg-config
configure:3266: found /usr/bin/arm-linux-gnueabi-pkg-config
configure:3278: result: /usr/bin/arm-linux-gnueabi-pkg-config
configure:3346: checking pkg-config is at least version 0.9.0
configure:3349: result: yes
configure:3389: checking whether make supports the include directive
configure:3404: make -f confmf.GNU && cat confinc.out
this is the am__doit target
configure:3407: $? = 0
configure:3426: result: yes (GNU style)
configure:3456: checking for arm-linux-gnueabi-gcc
configure:3483: result: arm-linux-gnueabi-gcc
configure:3752: checking for C compiler version
configure:3761: arm-linux-gnueabi-gcc --version >&5
arm-linux-gnueabi-gcc (Ubuntu 9.3.0-17ubuntu1~20.04) 9.3.0
Copyright (C) 2019 Free Software Foundation, Inc.
This is free software; see the source for copying conditions.  There is NO
warranty; not even for MERCHANTABILITY or FITNESS FOR A PARTICULAR PURPOSE.

configure:3772: $? = 0
configure:3761: arm-linux-gnueabi-gcc -v >&5
Using built-in specs.
COLLECT_GCC=arm-linux-gnueabi-gcc
COLLECT_LTO_WRAPPER=/usr/lib/gcc-cross/arm-linux-gnueabi/9/lto-wrapper
Target: arm-linux-gnueabi
Configured with: ../src/configure -v --with-pkgversion='Ubuntu 9.3.0-17ubuntu1~20.04' --with-bugurl=file:///usr/share/doc/gcc-9/README.Bugs --enable-languages=c,ada,c++,go,d,fortran,objc,obj-c++,gm2 --prefix=/usr --with-gcc-major-version-only --program-suffix=-9 --enable-shared --enable-linker-build-id --libexecdir=/usr/lib --without-included-gettext --enable-threads=posix --libdir=/usr/lib --enable-nls --with-sysroot=/ --enable-clocale=gnu --enable-libstdcxx-debug --enable-libstdcxx-time=yes --with-default-libstdcxx-abi=new --enable-gnu-unique-object --disable-libitm --disable-libquadmath --disable-libquadmath-support --enable-plugin --with-system-zlib --without-target-system-zlib --enable-libpth-m2 --enable-multiarch --enable-multilib --disable-sjlj-exceptions --with-specs='%{mfloat-abi=hard:-march=armv7-a -mcpu=generic-armv7-a -mfloat-abi=hard}' --with-arch=armv5t --with-float=soft --disable-werror --enable-multilib --enable-checking=release --build=x86_64-linux-gnu --host=x86_64-linux-gnu --target=arm-linux-gnueabi --program-prefix=arm-linux-gnueabi- --includedir=/usr/arm-linux-gnueabi/include
Thread model: posix
gcc version 9.3.0 (Ubuntu 9.3.0-17ubuntu1~20.04) 
configure:3772: $? = 0
configure:3761: arm-linux-gnueabi-gcc -V >&5
arm-linux-gnueabi-gcc: error: unrecognized command line option '-V'
arm-linux-gnueabi-gcc: fatal error: no input files
compilation terminated.
configure:3772: $? = 1
configure:3761: arm-linux-gnueabi-gcc -qversion >&5
arm-linux-gnueabi-gcc: error: unrecognized command line option '-qversion'; did you mean '--version'?
arm-linux-gnueabi-gcc: fatal error: no input files
compilation terminated.
configure:3772: $? = 1
configure:3792: checking whether the C compiler works
configure:3814: arm-linux-gnueabi-gcc -I/home/chen/work/bluez/build/include  -L/home/chen/work/bluez/lib conftest.c  >&5
configure:3818: $? = 0
configure:3866: result: yes
configure:3869: checking for C compiler default output file name
configure:3871: result: a.out
configure:3877: checking for suffix of executables
configure:3884: arm-linux-gnueabi-gcc -o conftest -I/home/chen/work/bluez/build/include  -L/home/chen/work/bluez/lib conftest.c  >&5
configure:3888: $? = 0
configure:3910: result: 
configure:3932: checking whether we are cross compiling
configure:3940: arm-linux-gnueabi-gcc -o conftest -I/home/chen/work/bluez/build/include  -L/home/chen/work/bluez/lib conftest.c  >&5
configure:3944: $? = 0
configure:3951: ./conftest
./configure: line 3953: ./conftest: cannot execute binary file: Exec format error
configure:3955: $? = 126
configure:3943: result: yes
configure:3948: checking for suffix of object files
configure:3970: arm-linux-gnueabi-gcc -c -I/home/chen/work/bluez/build/include  conftest.c >&5
configure:3974: $? = 0
configure:3995: result: o
configure:3999: checking whether we are using the GNU C compiler
configure:4018: arm-linux-gnueabi-gcc -c -I/home/chen/work/bluez/build/include  conftest.c >&5
configure:4018: $? = 0
configure:4027: result: yes
configure:4036: checking whether arm-linux-gnueabi-gcc accepts -g
configure:4056: arm-linux-gnueabi-gcc -c -g  conftest.c >&5
configure:4056: $? = 0
configure:4097: result: yes
configure:4114: checking for arm-linux-gnueabi-gcc option to accept ISO C89
configure:4177: arm-linux-gnueabi-gcc  -c -I/home/chen/work/bluez/build/include  conftest.c >&5
configure:4177: $? = 0
configure:4190: result: none needed
configure:4215: checking whether arm-linux-gnueabi-gcc understands -c and -o together
configure:4237: arm-linux-gnueabi-gcc -c conftest.c -o conftest2.o
configure:4240: $? = 0
configure:4237: arm-linux-gnueabi-gcc -c conftest.c -o conftest2.o
configure:4240: $? = 0
configure:4252: result: yes
configure:4271: checking dependency style of arm-linux-gnueabi-gcc
configure:4382: result: gcc3
configure:4398: checking for C/C++ restrict keyword
configure:4423: arm-linux-gnueabi-gcc -c -I/home/chen/work/bluez/build/include  conftest.c >&5
configure:4423: $? = 0
configure:4431: result: __restrict
configure:4453: checking for arm-linux-gnueabi-gcc
configure:4480: result: arm-linux-gnueabi-gcc
configure:4749: checking for C compiler version
configure:4758: arm-linux-gnueabi-gcc --version >&5
arm-linux-gnueabi-gcc (Ubuntu 9.3.0-17ubuntu1~20.04) 9.3.0
Copyright (C) 2019 Free Software Foundation, Inc.
This is free software; see the source for copying conditions.  There is NO
warranty; not even for MERCHANTABILITY or FITNESS FOR A PARTICULAR PURPOSE.

configure:4769: $? = 0
configure:4758: arm-linux-gnueabi-gcc -v >&5
Using built-in specs.
COLLECT_GCC=arm-linux-gnueabi-gcc
COLLECT_LTO_WRAPPER=/usr/lib/gcc-cross/arm-linux-gnueabi/9/lto-wrapper
Target: arm-linux-gnueabi
Configured with: ../src/configure -v --with-pkgversion='Ubuntu 9.3.0-17ubuntu1~20.04' --with-bugurl=file:///usr/share/doc/gcc-9/README.Bugs --enable-languages=c,ada,c++,go,d,fortran,objc,obj-c++,gm2 --prefix=/usr --with-gcc-major-version-only --program-suffix=-9 --enable-shared --enable-linker-build-id --libexecdir=/usr/lib --without-included-gettext --enable-threads=posix --libdir=/usr/lib --enable-nls --with-sysroot=/ --enable-clocale=gnu --enable-libstdcxx-debug --enable-libstdcxx-time=yes --with-default-libstdcxx-abi=new --enable-gnu-unique-object --disable-libitm --disable-libquadmath --disable-libquadmath-support --enable-plugin --with-system-zlib --without-target-system-zlib --enable-libpth-m2 --enable-multiarch --enable-multilib --disable-sjlj-exceptions --with-specs='%{mfloat-abi=hard:-march=armv7-a -mcpu=generic-armv7-a -mfloat-abi=hard}' --with-arch=armv5t --with-float=soft --disable-werror --enable-multilib --enable-checking=release --build=x86_64-linux-gnu --host=x86_64-linux-gnu --target=arm-linux-gnueabi --program-prefix=arm-linux-gnueabi- --includedir=/usr/arm-linux-gnueabi/include
Thread model: posix
gcc version 9.3.0 (Ubuntu 9.3.0-17ubuntu1~20.04) 
configure:4769: $? = 0
configure:4758: arm-linux-gnueabi-gcc -V >&5
arm-linux-gnueabi-gcc: error: unrecognized command line option '-V'
arm-linux-gnueabi-gcc: fatal error: no input files
compilation terminated.
configure:4769: $? = 1
configure:4758: arm-linux-gnueabi-gcc -qversion >&5
arm-linux-gnueabi-gcc: error: unrecognized command line option '-qversion'; did you mean '--version'?
arm-linux-gnueabi-gcc: fatal error: no input files
compilation terminated.
configure:4769: $? = 1
configure:4773: checking whether we are using the GNU C compiler
configure:4801: result: yes
configure:4810: checking whether arm-linux-gnueabi-gcc accepts -g
configure:4871: result: yes
configure:4888: checking for arm-linux-gnueabi-gcc option to accept ISO C89
configure:4964: result: none needed
configure:4989: checking whether arm-linux-gnueabi-gcc understands -c and -o together
configure:5026: result: yes
configure:5045: checking dependency style of arm-linux-gnueabi-gcc
configure:5156: result: gcc3
configure:5173: checking whether arm-linux-gnueabi-gcc accepts -fPIE
configure:5188: result: yes
configure:5257: checking build system type
configure:5271: result: x86_64-pc-linux-gnu
configure:5291: checking host system type
configure:5304: result: arm-unknown-linux-gnueabi
configure:5345: checking how to print strings
configure:5372: result: printf
configure:5393: checking for a sed that does not truncate output
configure:5457: result: /usr/bin/sed
configure:5475: checking for grep that handles long lines and -e
configure:5533: result: /usr/bin/grep
configure:5538: checking for egrep
configure:5600: result: /usr/bin/grep -E
configure:5605: checking for fgrep
configure:5667: result: /usr/bin/grep -F
configure:5702: checking for ld used by arm-linux-gnueabi-gcc
configure:5769: result: /usr/arm-linux-gnueabi/bin/ld
configure:5776: checking if the linker (/usr/arm-linux-gnueabi/bin/ld) is GNU ld
configure:5791: result: yes
configure:5803: checking for BSD- or MS-compatible name lister (nm)
configure:5857: result: /usr/bin/arm-linux-gnueabi-nm -B
configure:5987: checking the name lister (/usr/bin/arm-linux-gnueabi-nm -B) interface
configure:5994: arm-linux-gnueabi-gcc -c -I/home/chen/work/bluez/build/include  conftest.c >&5
configure:5997: /usr/bin/arm-linux-gnueabi-nm -B "conftest.o"
configure:6000: output
00000000 B some_variable
configure:6001: result: BSD nm
configure:6004: checking whether ln -s works
configure:6008: result: yes
configure:6016: checking the maximum length of command line arguments
configure:6147: result: 1572864
configure:6195: checking how to convert x86_64-pc-linux-gnu file names to arm-unknown-linux-gnueabi format
configure:6235: result: func_convert_file_noop
configure:6242: checking how to convert x86_64-pc-linux-gnu file names to toolchain format
configure:6262: result: func_convert_file_noop
configure:6269: checking for /usr/arm-linux-gnueabi/bin/ld option to reload object files
configure:6276: result: -r
configure:6310: checking for arm-linux-gnueabi-objdump
configure:6326: found /usr/bin/arm-linux-gnueabi-objdump
configure:6337: result: arm-linux-gnueabi-objdump
configure:6409: checking how to recognize dependent libraries
configure:6609: result: pass_all
configure:6654: checking for arm-linux-gnueabi-dlltool
configure:6684: result: no
configure:6694: checking for dlltool
configure:6724: result: no
configure:6754: checking how to associate runtime and link libraries
configure:6781: result: printf %s\n
configure:6797: checking for arm-linux-gnueabi-ar
configure:6813: found /usr/bin/arm-linux-gnueabi-ar
configure:6824: result: arm-linux-gnueabi-ar
configure:6905: checking for archiver @FILE support
configure:6922: arm-linux-gnueabi-gcc -c -I/home/chen/work/bluez/build/include  conftest.c >&5
configure:6922: $? = 0
configure:6925: arm-linux-gnueabi-ar cr libconftest.a @conftest.lst >&5
configure:6928: $? = 0
configure:6933: arm-linux-gnueabi-ar cr libconftest.a @conftest.lst >&5
arm-linux-gnueabi-ar: conftest.o: No such file or directory
configure:6936: $? = 1
configure:6935: result: @
configure:6953: checking for arm-linux-gnueabi-strip
configure:6980: result: arm-linux-gnueabi-strip
configure:7052: checking for arm-linux-gnueabi-ranlib
configure:7068: found /usr/bin/arm-linux-gnueabi-ranlib
configure:7079: result: arm-linux-gnueabi-ranlib
configure:7221: checking command to parse /usr/bin/arm-linux-gnueabi-nm -B output from arm-linux-gnueabi-gcc object
configure:7374: arm-linux-gnueabi-gcc -c -I/home/chen/work/bluez/build/include  conftest.c >&5
configure:7377: $? = 0
configure:7381: /usr/bin/arm-linux-gnueabi-nm -B conftest.o | sed -n -e 's/^.*[	 ]\([ABCDGIRSTW][ABCDGIRSTW]*\)[	 ][	 ]*\([_A-Za-z][_A-Za-z0-9]*\)$/\1 \2 \2/p' | sed '/ __gnu_lto/d' > conftest.nm
configure:7447: arm-linux-gnueabi-gcc -o conftest -I/home/chen/work/bluez/build/include  -L/home/chen/work/bluez/lib conftest.c conftstm.o >&5
configure:7450: $? = 0
configure:7488: result: ok
configure:7535: checking for sysroot
configure:7565: result: no
configure:7572: checking for a working dd
configure:7610: result: /usr/bin/dd
configure:7614: checking how to truncate binary pipes
configure:7629: result: /usr/bin/dd bs=4096 count=1
configure:7918: checking for arm-linux-gnueabi-mt
configure:7948: result: no
configure:7958: checking for mt
configure:7974: found /usr/bin/mt
configure:7985: result: mt
configure:7997: WARNING: using cross tools not prefixed with host triplet
configure:8008: checking if mt is a manifest tool
configure:8014: mt '-?'
configure:8022: result: no
configure:8699: checking how to run the C preprocessor
configure:8730: arm-linux-gnueabi-gcc -E  conftest.c
configure:8730: $? = 0
configure:8744: arm-linux-gnueabi-gcc -E  conftest.c
conftest.c:12:10: fatal error: ac_nonexistent.h: No such file or directory
   12 | #include <ac_nonexistent.h>
      |          ^~~~~~~~~~~~~~~~~~
compilation terminated.
configure:8744: $? = 1
configure: failed program was:
| /* confdefs.h */
| #define PACKAGE_NAME "bluez"
| #define PACKAGE_TARNAME "bluez"
| #define PACKAGE_VERSION "5.58"
| #define PACKAGE_STRING "bluez 5.58"
| #define PACKAGE_BUGREPORT ""
| #define PACKAGE_URL ""
| #define PACKAGE "bluez"
| #define VERSION "5.58"
| #define restrict __restrict
| /* end confdefs.h.  */
| #include <ac_nonexistent.h>
configure:8769: result: arm-linux-gnueabi-gcc -E
configure:8789: arm-linux-gnueabi-gcc -E  conftest.c
configure:8789: $? = 0
configure:8803: arm-linux-gnueabi-gcc -E  conftest.c
conftest.c:12:10: fatal error: ac_nonexistent.h: No such file or directory
   12 | #include <ac_nonexistent.h>
      |          ^~~~~~~~~~~~~~~~~~
compilation terminated.
configure:8803: $? = 1
configure: failed program was:
| /* confdefs.h */
| #define PACKAGE_NAME "bluez"
| #define PACKAGE_TARNAME "bluez"
| #define PACKAGE_VERSION "5.58"
| #define PACKAGE_STRING "bluez 5.58"
| #define PACKAGE_BUGREPORT ""
| #define PACKAGE_URL ""
| #define PACKAGE "bluez"
| #define VERSION "5.58"
| #define restrict __restrict
| /* end confdefs.h.  */
| #include <ac_nonexistent.h>
configure:8832: checking for ANSI C header files
configure:8852: arm-linux-gnueabi-gcc -c -I/home/chen/work/bluez/build/include  conftest.c >&5
configure:8852: $? = 0
configure:8936: result: yes
configure:8949: checking for sys/types.h
configure:8949: arm-linux-gnueabi-gcc -c -I/home/chen/work/bluez/build/include  conftest.c >&5
configure:8949: $? = 0
configure:8949: result: yes
configure:8949: checking for sys/stat.h
configure:8949: arm-linux-gnueabi-gcc -c -I/home/chen/work/bluez/build/include  conftest.c >&5
configure:8949: $? = 0
configure:8949: result: yes
configure:8949: checking for stdlib.h
configure:8949: arm-linux-gnueabi-gcc -c -I/home/chen/work/bluez/build/include  conftest.c >&5
configure:8949: $? = 0
configure:8949: result: yes
configure:8949: checking for string.h
configure:8949: arm-linux-gnueabi-gcc -c -I/home/chen/work/bluez/build/include  conftest.c >&5
configure:8949: $? = 0
configure:8949: result: yes
configure:8949: checking for memory.h
configure:8949: arm-linux-gnueabi-gcc -c -I/home/chen/work/bluez/build/include  conftest.c >&5
configure:8949: $? = 0
configure:8949: result: yes
configure:8949: checking for strings.h
configure:8949: arm-linux-gnueabi-gcc -c -I/home/chen/work/bluez/build/include  conftest.c >&5
configure:8949: $? = 0
configure:8949: result: yes
configure:8949: checking for inttypes.h
configure:8949: arm-linux-gnueabi-gcc -c -I/home/chen/work/bluez/build/include  conftest.c >&5
configure:8949: $? = 0
configure:8949: result: yes
configure:8949: checking for stdint.h
configure:8949: arm-linux-gnueabi-gcc -c -I/home/chen/work/bluez/build/include  conftest.c >&5
configure:8949: $? = 0
configure:8949: result: yes
configure:8949: checking for unistd.h
configure:8949: arm-linux-gnueabi-gcc -c -I/home/chen/work/bluez/build/include  conftest.c >&5
configure:8949: $? = 0
configure:8949: result: yes
configure:8963: checking for dlfcn.h
configure:8963: arm-linux-gnueabi-gcc -c -I/home/chen/work/bluez/build/include  conftest.c >&5
configure:8963: $? = 0
configure:8963: result: yes
configure:9189: checking for objdir
configure:9204: result: .libs
configure:9464: checking if arm-linux-gnueabi-gcc supports -fno-rtti -fno-exceptions
configure:9482: arm-linux-gnueabi-gcc -c -I/home/chen/work/bluez/build/include  -fno-rtti -fno-exceptions conftest.c >&5
cc1: warning: command line option '-fno-rtti' is valid for C++/D/ObjC++ but not for C
configure:9486: $? = 0
configure:9499: result: no
configure:9863: checking for arm-linux-gnueabi-gcc option to produce PIC
configure:9870: result: -fPIC -DPIC
configure:9878: checking if arm-linux-gnueabi-gcc PIC flag -fPIC -DPIC works
configure:9896: arm-linux-gnueabi-gcc -c -I/home/chen/work/bluez/build/include  -fPIC -DPIC -DPIC conftest.c >&5
configure:9900: $? = 0
configure:9913: result: yes
configure:9942: checking if arm-linux-gnueabi-gcc static flag -static works
configure:9970: result: yes
configure:9985: checking if arm-linux-gnueabi-gcc supports -c -o file.o
configure:10006: arm-linux-gnueabi-gcc -c -I/home/chen/work/bluez/build/include  -o out/conftest2.o conftest.c >&5
configure:10010: $? = 0
configure:10032: result: yes
configure:10040: checking if arm-linux-gnueabi-gcc supports -c -o file.o
configure:10087: result: yes
configure:10120: checking whether the arm-linux-gnueabi-gcc linker (/usr/arm-linux-gnueabi/bin/ld) supports shared libraries
configure:11383: result: yes
configure:11420: checking whether -lc should be explicitly linked in
configure:11428: arm-linux-gnueabi-gcc -c -I/home/chen/work/bluez/build/include  conftest.c >&5
configure:11431: $? = 0
configure:11446: arm-linux-gnueabi-gcc -shared  -fPIC -DPIC conftest.o  -v -Wl,-soname -Wl,conftest -o conftest 2\>\&1 \| /usr/bin/grep  -lc  \>/dev/null 2\>\&1
configure:11449: $? = 0
configure:11463: result: no
configure:11623: checking dynamic linker characteristics
configure:12204: arm-linux-gnueabi-gcc -o conftest -I/home/chen/work/bluez/build/include  -L/home/chen/work/bluez/lib -Wl,-rpath -Wl,/foo conftest.c  >&5
configure:12204: $? = 0
configure:12453: result: GNU/Linux ld.so
configure:12575: checking how to hardcode library paths into programs
configure:12600: result: immediate
configure:13148: checking whether stripping libraries is possible
configure:13153: result: yes
configure:13188: checking if libtool supports shared libraries
configure:13190: result: yes
configure:13193: checking whether to build shared libraries
configure:13218: result: yes
configure:13221: checking whether to build static libraries
configure:13225: result: no
configure:10241: checking for explicit_bzero
configure:10241: arm-linux-gnueabi-gcc -o conftest -I/home/chen/work/bluez/build/include  -L/home/chen/work/bluez/lib conftest.c  >&5
configure:10241: $? = 0
configure:10241: result: yes
configure:10253: checking for rawmemchr
configure:10253: arm-linux-gnueabi-gcc -o conftest -I/home/chen/work/bluez/build/include  -L/home/chen/work/bluez/lib conftest.c  >&5
configure:10253: $? = 0
configure:10253: result: yes
configure:10263: checking for signalfd
configure:10263: arm-linux-gnueabi-gcc -o conftest -I/home/chen/work/bluez/build/include  -L/home/chen/work/bluez/lib conftest.c  >&5
configure:10263: $? = 0
configure:10263: result: yes
configure:10271: checking for clock_gettime in -lrt
configure:10296: arm-linux-gnueabi-gcc -o conftest -I/home/chen/work/bluez/build/include  -L/home/chen/work/bluez/lib conftest.c -lrt   >&5
configure:10296: $? = 0
configure:10305: result: yes
configure:10314: checking for pthread_create in -lpthread
configure:10339: arm-linux-gnueabi-gcc -o conftest -I/home/chen/work/bluez/build/include  -L/home/chen/work/bluez/lib conftest.c -lpthread   >&5
configure:10339: $? = 0
configure:10348: result: yes
configure:10357: checking for dlopen in -ldl
configure:10382: arm-linux-gnueabi-gcc -o conftest -I/home/chen/work/bluez/build/include  -L/home/chen/work/bluez/lib conftest.c -ldl   >&5
configure:10382: $? = 0
configure:10391: result: yes
configure:10403: checking linux/types.h usability
configure:10403: arm-linux-gnueabi-gcc -c -I/home/chen/work/bluez/build/include  conftest.c >&5
configure:10403: $? = 0
configure:10403: result: yes
configure:10403: checking linux/types.h presence
configure:10403: arm-linux-gnueabi-gcc -E  conftest.c
configure:10403: $? = 0
configure:10403: result: yes
configure:10403: checking for linux/types.h
configure:10403: result: yes
configure:10403: checking linux/if_alg.h usability
configure:10403: arm-linux-gnueabi-gcc -c -I/home/chen/work/bluez/build/include  conftest.c >&5
configure:10403: $? = 0
configure:10403: result: yes
configure:10403: checking linux/if_alg.h presence
configure:10403: arm-linux-gnueabi-gcc -E  conftest.c
configure:10403: $? = 0
configure:10403: result: yes
configure:10403: checking for linux/if_alg.h
configure:10403: result: yes
configure:10416: checking for GLIB
configure:10423: $PKG_CONFIG --exists --print-errors "glib-2.0 >= 2.28"
configure:10426: $? = 0
configure:10440: $PKG_CONFIG --exists --print-errors "glib-2.0 >= 2.28"
configure:10443: $? = 0
configure:10481: result: yes
configure:10494: checking for GTHREAD
configure:10501: $PKG_CONFIG --exists --print-errors "gthread-2.0 >= 2.16"
Package gthread-2.0 was not found in the pkg-config search path.
Perhaps you should add the directory containing `gthread-2.0.pc'
to the PKG_CONFIG_PATH environment variable
No package 'gthread-2.0' found
configure:10504: $? = 1
configure:10518: $PKG_CONFIG --exists --print-errors "gthread-2.0 >= 2.16"
Package gthread-2.0 was not found in the pkg-config search path.
Perhaps you should add the directory containing `gthread-2.0.pc'
to the PKG_CONFIG_PATH environment variable
No package 'gthread-2.0' found
configure:10521: $? = 1
configure:10535: result: no
No package 'gthread-2.0' found
configure:10551: error: GThread >= 2.16 is required

## ---------------- ##
## Cache variables. ##
## ---------------- ##

ac_cv_build=x86_64-pc-linux-gnu
ac_cv_c_compiler_gnu=yes
ac_cv_c_restrict=__restrict
ac_cv_env_ALSA_CFLAGS_set=
ac_cv_env_ALSA_CFLAGS_value=
ac_cv_env_ALSA_LIBS_set=
ac_cv_env_ALSA_LIBS_value=
ac_cv_env_CC_set=set
ac_cv_env_CC_value=arm-linux-gnueabi-gcc
ac_cv_env_CFLAGS_set=set
ac_cv_env_CFLAGS_value=-I/home/chen/work/bluez/build/include
ac_cv_env_CPPFLAGS_set=
ac_cv_env_CPPFLAGS_value=
ac_cv_env_CPP_set=
ac_cv_env_CPP_value=
ac_cv_env_DBUS_CFLAGS_set=
ac_cv_env_DBUS_CFLAGS_value=
ac_cv_env_DBUS_LIBS_set=
ac_cv_env_DBUS_LIBS_value=
ac_cv_env_ELL_CFLAGS_set=
ac_cv_env_ELL_CFLAGS_value=
ac_cv_env_ELL_LIBS_set=
ac_cv_env_ELL_LIBS_value=
ac_cv_env_GLIB_CFLAGS_set=
ac_cv_env_GLIB_CFLAGS_value=
ac_cv_env_GLIB_LIBS_set=
ac_cv_env_GLIB_LIBS_value=
ac_cv_env_GTHREAD_CFLAGS_set=
ac_cv_env_GTHREAD_CFLAGS_value=
ac_cv_env_GTHREAD_LIBS_set=
ac_cv_env_GTHREAD_LIBS_value=
ac_cv_env_ICAL_CFLAGS_set=
ac_cv_env_ICAL_CFLAGS_value=
ac_cv_env_ICAL_LIBS_set=
ac_cv_env_ICAL_LIBS_value=
ac_cv_env_JSONC_CFLAGS_set=
ac_cv_env_JSONC_CFLAGS_value=
ac_cv_env_JSONC_LIBS_set=
ac_cv_env_JSONC_LIBS_value=
ac_cv_env_LDFLAGS_set=set
ac_cv_env_LDFLAGS_value=-L/home/chen/work/bluez/lib
ac_cv_env_LIBS_set=
ac_cv_env_LIBS_value=
ac_cv_env_LT_SYS_LIBRARY_PATH_set=
ac_cv_env_LT_SYS_LIBRARY_PATH_value=
ac_cv_env_PKG_CONFIG_LIBDIR_set=
ac_cv_env_PKG_CONFIG_LIBDIR_value=
ac_cv_env_PKG_CONFIG_PATH_set=set
ac_cv_env_PKG_CONFIG_PATH_value=/work/bluez/build/lib/pkgconfig
ac_cv_env_PKG_CONFIG_set=
ac_cv_env_PKG_CONFIG_value=
ac_cv_env_SBC_CFLAGS_set=
ac_cv_env_SBC_CFLAGS_value=
ac_cv_env_SBC_LIBS_set=
ac_cv_env_SBC_LIBS_value=
ac_cv_env_SPEEXDSP_CFLAGS_set=
ac_cv_env_SPEEXDSP_CFLAGS_value=
ac_cv_env_SPEEXDSP_LIBS_set=
ac_cv_env_SPEEXDSP_LIBS_value=
ac_cv_env_UDEV_CFLAGS_set=
ac_cv_env_UDEV_CFLAGS_value=
ac_cv_env_UDEV_LIBS_set=
ac_cv_env_UDEV_LIBS_value=
ac_cv_env_build_alias_set=
ac_cv_env_build_alias_value=
ac_cv_env_host_alias_set=set
ac_cv_env_host_alias_value=arm-linux-gnueabi
ac_cv_env_target_alias_set=
ac_cv_env_target_alias_value=
ac_cv_func_explicit_bzero=yes
ac_cv_func_rawmemchr=yes
ac_cv_func_signalfd=yes
ac_cv_header_dlfcn_h=yes
ac_cv_header_inttypes_h=yes
ac_cv_header_linux_if_alg_h=yes
ac_cv_header_linux_types_h=yes
ac_cv_header_memory_h=yes
ac_cv_header_stdc=yes
ac_cv_header_stdint_h=yes
ac_cv_header_stdlib_h=yes
ac_cv_header_string_h=yes
ac_cv_header_strings_h=yes
ac_cv_header_sys_stat_h=yes
ac_cv_header_sys_types_h=yes
ac_cv_header_unistd_h=yes
ac_cv_host=arm-unknown-linux-gnueabi
ac_cv_lib_dl_dlopen=yes
ac_cv_lib_pthread_pthread_create=yes
ac_cv_lib_rt_clock_gettime=yes
ac_cv_objext=o
ac_cv_path_EGREP='/usr/bin/grep -E'
ac_cv_path_FGREP='/usr/bin/grep -F'
ac_cv_path_GREP=/usr/bin/grep
ac_cv_path_PKG_CONFIG=/usr/bin/arm-linux-gnueabi-pkg-config
ac_cv_path_SED=/usr/bin/sed
ac_cv_path_install='/usr/bin/install -c'
ac_cv_path_lt_DD=/usr/bin/dd
ac_cv_path_mkdir=/usr/bin/mkdir
ac_cv_prog_AR=arm-linux-gnueabi-ar
ac_cv_prog_AWK=mawk
ac_cv_prog_CC=arm-linux-gnueabi-gcc
ac_cv_prog_CPP='arm-linux-gnueabi-gcc -E'
ac_cv_prog_OBJDUMP=arm-linux-gnueabi-objdump
ac_cv_prog_RANLIB=arm-linux-gnueabi-ranlib
ac_cv_prog_STRIP=arm-linux-gnueabi-strip
ac_cv_prog_ac_ct_MANIFEST_TOOL=mt
ac_cv_prog_cc_c89=
ac_cv_prog_cc_g=yes
ac_cv_prog_cc_pie=yes
ac_cv_prog_make_make_set=yes
am_cv_CC_dependencies_compiler_type=gcc3
am_cv_make_support_nested_variables=yes
am_cv_prog_cc_c_o=yes
am_cv_prog_tar_pax=gnutar
lt_cv_ar_at_file=@
lt_cv_archive_cmds_need_lc=no
lt_cv_deplibs_check_method=pass_all
lt_cv_file_magic_cmd='$MAGIC_CMD'
lt_cv_file_magic_test_file=
lt_cv_ld_reload_flag=-r
lt_cv_nm_interface='BSD nm'
lt_cv_objdir=.libs
lt_cv_path_LD=/usr/arm-linux-gnueabi/bin/ld
lt_cv_path_NM='/usr/bin/arm-linux-gnueabi-nm -B'
lt_cv_path_mainfest_tool=no
lt_cv_prog_compiler_c_o=yes
lt_cv_prog_compiler_pic='-fPIC -DPIC'
lt_cv_prog_compiler_pic_works=yes
lt_cv_prog_compiler_rtti_exceptions=no
lt_cv_prog_compiler_static_works=yes
lt_cv_prog_gnu_ld=yes
lt_cv_sharedlib_from_linklib_cmd='printf %s\n'
lt_cv_shlibpath_overrides_runpath=yes
lt_cv_sys_global_symbol_pipe='sed -n -e '\''s/^.*[	 ]\([ABCDGIRSTW][ABCDGIRSTW]*\)[	 ][	 ]*\([_A-Za-z][_A-Za-z0-9]*\)$/\1 \2 \2/p'\'' | sed '\''/ __gnu_lto/d'\'''
lt_cv_sys_global_symbol_to_c_name_address='sed -n -e '\''s/^: \(.*\) .*$/  {"\1", (void *) 0},/p'\'' -e '\''s/^[ABCDGIRSTW][ABCDGIRSTW]* .* \(.*\)$/  {"\1", (void *) \&\1},/p'\'''
lt_cv_sys_global_symbol_to_c_name_address_lib_prefix='sed -n -e '\''s/^: \(.*\) .*$/  {"\1", (void *) 0},/p'\'' -e '\''s/^[ABCDGIRSTW][ABCDGIRSTW]* .* \(lib.*\)$/  {"\1", (void *) \&\1},/p'\'' -e '\''s/^[ABCDGIRSTW][ABCDGIRSTW]* .* \(.*\)$/  {"lib\1", (void *) \&\1},/p'\'''
lt_cv_sys_global_symbol_to_cdecl='sed -n -e '\''s/^T .* \(.*\)$/extern int \1();/p'\'' -e '\''s/^[ABCDGIRSTW][ABCDGIRSTW]* .* \(.*\)$/extern char \1;/p'\'''
lt_cv_sys_global_symbol_to_import=
lt_cv_sys_max_cmd_len=1572864
lt_cv_to_host_file_cmd=func_convert_file_noop
lt_cv_to_tool_file_cmd=func_convert_file_noop
lt_cv_truncate_bin='/usr/bin/dd bs=4096 count=1'
pkg_cv_GLIB_CFLAGS='-I/home/chen/work/bluez/build/include/glib-2.0 -I/home/chen/work/bluez/build/lib/glib-2.0/include'
pkg_cv_GLIB_LIBS='-L/home/chen/work/bluez/build/lib -lglib-2.0'

## ----------------- ##
## Output variables. ##
## ----------------- ##

A2DP_FALSE=''
A2DP_TRUE=''
ACLOCAL='${SHELL} /home/chen/work/bluez/install/5bluez/missing aclocal-1.16'
ALSA_CFLAGS=''
ALSA_LIBS=''
AMDEPBACKSLASH='\'
AMDEP_FALSE='#'
AMDEP_TRUE=''
AMTAR='$${TAR-tar}'
AM_BACKSLASH='\'
AM_DEFAULT_V='$(AM_DEFAULT_VERBOSITY)'
AM_DEFAULT_VERBOSITY='0'
AM_V='$(V)'
ANDROID_FALSE=''
ANDROID_TRUE=''
AR='arm-linux-gnueabi-ar'
AUTOCONF='${SHELL} /home/chen/work/bluez/install/5bluez/missing autoconf'
AUTOHEADER='${SHELL} /home/chen/work/bluez/install/5bluez/missing autoheader'
AUTOMAKE='${SHELL} /home/chen/work/bluez/install/5bluez/missing automake-1.16'
AVRCP_FALSE=''
AVRCP_TRUE=''
AWK='mawk'
BACKTRACE_CFLAGS=''
BACKTRACE_LIBS=''
BTPCLIENT_FALSE=''
BTPCLIENT_TRUE=''
CC='arm-linux-gnueabi-gcc'
CCDEPMODE='depmode=gcc3'
CFLAGS='-I/home/chen/work/bluez/build/include'
CLIENT_FALSE=''
CLIENT_TRUE=''
CONFIGDIR=''
COVERAGE_FALSE=''
COVERAGE_TRUE='#'
CPP='arm-linux-gnueabi-gcc -E'
CPPFLAGS=''
CUPS_FALSE=''
CUPS_TRUE=''
CYGPATH_W='echo'
DATAFILES_FALSE=''
DATAFILES_TRUE=''
DBUS_CFLAGS=''
DBUS_CONFDIR=''
DBUS_LIBS=''
DBUS_RUN_SESSION_FALSE=''
DBUS_RUN_SESSION_TRUE='#'
DBUS_SESSIONBUSDIR=''
DBUS_SYSTEMBUSDIR=''
DEFS=''
DEPDIR='.deps'
DEPRECATED_FALSE=''
DEPRECATED_TRUE=''
DLLTOOL='false'
DSYMUTIL=''
DUMPBIN=''
ECHO_C=''
ECHO_N='-n'
ECHO_T=''
EGREP='/usr/bin/grep -E'
ELL_CFLAGS=''
ELL_LIBS=''
EXEEXT=''
EXPERIMENTAL_FALSE=''
EXPERIMENTAL_TRUE=''
EXTERNAL_ELL_FALSE=''
EXTERNAL_ELL_TRUE=''
FGREP='/usr/bin/grep -F'
GLIB_CFLAGS='-I/home/chen/work/bluez/build/include/glib-2.0 -I/home/chen/work/bluez/build/lib/glib-2.0/include'
GLIB_LIBS='-L/home/chen/work/bluez/build/lib -lglib-2.0'
GREP='/usr/bin/grep'
GTHREAD_CFLAGS=''
GTHREAD_LIBS=''
HEALTH_FALSE=''
HEALTH_TRUE=''
HID2HCI_FALSE=''
HID2HCI_TRUE=''
HID_FALSE=''
HID_TRUE=''
HOG_FALSE=''
HOG_TRUE=''
ICAL_CFLAGS=''
ICAL_LIBS=''
INSTALL_DATA='${INSTALL} -m 644'
INSTALL_PROGRAM='${INSTALL}'
INSTALL_SCRIPT='${INSTALL}'
INSTALL_STRIP_PROGRAM='$(install_sh) -c -s'
JSONC_CFLAGS=''
JSONC_LIBS=''
JSON_CFLAGS=''
JSON_LIBS=''
LD='/usr/arm-linux-gnueabi/bin/ld'
LDFLAGS='-L/home/chen/work/bluez/lib'
LIBOBJS=''
LIBRARY_FALSE=''
LIBRARY_TRUE=''
LIBS=''
LIBSHARED_ELL_FALSE=''
LIBSHARED_ELL_TRUE=''
LIBTOOL='$(SHELL) $(top_builddir)/libtool'
LIPO=''
LN_S='ln -s'
LOGGER_FALSE=''
LOGGER_TRUE=''
LTLIBOBJS=''
LT_SYS_LIBRARY_PATH=''
MAINT='#'
MAINTAINER_MODE_FALSE=''
MAINTAINER_MODE_TRUE='#'
MAKEINFO='${SHELL} /home/chen/work/bluez/install/5bluez/missing makeinfo'
MANIFEST_TOOL=':'
MANPAGES_FALSE=''
MANPAGES_TRUE=''
MESH_FALSE=''
MESH_TRUE=''
MIDI_FALSE=''
MIDI_TRUE=''
MISC_CFLAGS=' -fPIC'
MISC_LDFLAGS=' -pie -Wl,-z,now'
MKDIR_P='/usr/bin/mkdir -p'
MONITOR_FALSE=''
MONITOR_TRUE=''
NETWORK_FALSE=''
NETWORK_TRUE=''
NFC_FALSE=''
NFC_TRUE=''
NM='/usr/bin/arm-linux-gnueabi-nm -B'
NMEDIT=''
OBEX_FALSE=''
OBEX_TRUE=''
OBJDUMP='arm-linux-gnueabi-objdump'
OBJEXT='o'
OTOOL64=''
OTOOL=''
PACKAGE='bluez'
PACKAGE_BUGREPORT=''
PACKAGE_NAME='bluez'
PACKAGE_STRING='bluez 5.58'
PACKAGE_TARNAME='bluez'
PACKAGE_URL=''
PACKAGE_VERSION='5.58'
PATH_SEPARATOR=':'
PKG_CONFIG='/usr/bin/arm-linux-gnueabi-pkg-config'
PKG_CONFIG_LIBDIR=''
PKG_CONFIG_PATH='/work/bluez/build/lib/pkgconfig'
RANLIB='arm-linux-gnueabi-ranlib'
READLINE_FALSE=''
READLINE_TRUE=''
SAP_FALSE=''
SAP_TRUE=''
SBC_CFLAGS=''
SBC_LIBS=''
SED='/usr/bin/sed'
SET_MAKE=''
SHELL='/bin/bash'
SIXAXIS_FALSE=''
SIXAXIS_TRUE=''
SPEEXDSP_CFLAGS=''
SPEEXDSP_LIBS=''
STRIP='arm-linux-gnueabi-strip'
SYSTEMD_FALSE=''
SYSTEMD_SYSTEMUNITDIR=''
SYSTEMD_TRUE=''
SYSTEMD_USERUNITDIR=''
TESTING_FALSE=''
TESTING_TRUE=''
TEST_FALSE=''
TEST_TRUE=''
TOOLS_FALSE=''
TOOLS_TRUE=''
UDEV_CFLAGS=''
UDEV_DIR=''
UDEV_FALSE=''
UDEV_LIBS=''
UDEV_TRUE=''
VALGRIND_FALSE=''
VALGRIND_TRUE='#'
VERSION='5.58'
WARNING_CFLAGS=''
ZSH_COMPLETIONDIR=''
ZSH_COMPLETIONS_FALSE=''
ZSH_COMPLETIONS_TRUE=''
ac_ct_AR=''
ac_ct_CC=''
ac_ct_DUMPBIN=''
am__EXEEXT_FALSE=''
am__EXEEXT_TRUE=''
am__fastdepCC_FALSE='#'
am__fastdepCC_TRUE=''
am__include='include'
am__isrc=''
am__leading_dot='.'
am__nodep='_no'
am__quote=''
am__tar='tar --format=posix -chf - "$$tardir"'
am__untar='tar -xf -'
bindir='${exec_prefix}/bin'
build='x86_64-pc-linux-gnu'
build_alias=''
build_cpu='x86_64'
build_os='linux-gnu'
build_vendor='pc'
datadir='${datarootdir}'
datarootdir='${prefix}/share'
docdir='${datarootdir}/doc/${PACKAGE_TARNAME}'
dvidir='${docdir}'
enable_coverage=''
enable_dbus_run_session=''
enable_valgrind=''
exec_prefix='NONE'
host='arm-unknown-linux-gnueabi'
host_alias='arm-linux-gnueabi'
host_cpu='arm'
host_os='linux-gnueabi'
host_vendor='unknown'
htmldir='${docdir}'
includedir='${prefix}/include'
infodir='${datarootdir}/info'
install_sh='${SHELL} /home/chen/work/bluez/install/5bluez/install-sh'
libdir='${exec_prefix}/lib'
libexecdir='${exec_prefix}/libexec'
localedir='${datarootdir}/locale'
localstatedir='${prefix}/var'
mandir='${datarootdir}/man'
mkdir_p='$(MKDIR_P)'
oldincludedir='/usr/include'
pdfdir='${docdir}'
prefix='/home/chen/work/bluez/build'
program_transform_name='s,x,x,'
psdir='${docdir}'
runstatedir='${localstatedir}/run'
sbindir='${exec_prefix}/sbin'
sharedstatedir='${prefix}/com'
sysconfdir='${prefix}/etc'
target_alias=''

## ----------- ##
## confdefs.h. ##
## ----------- ##

/* confdefs.h */
#define PACKAGE_NAME "bluez"
#define PACKAGE_TARNAME "bluez"
#define PACKAGE_VERSION "5.58"
#define PACKAGE_STRING "bluez 5.58"
#define PACKAGE_BUGREPORT ""
#define PACKAGE_URL ""
#define PACKAGE "bluez"
#define VERSION "5.58"
#define restrict __restrict
#define STDC_HEADERS 1
#define HAVE_SYS_TYPES_H 1
#define HAVE_SYS_STAT_H 1
#define HAVE_STDLIB_H 1
#define HAVE_STRING_H 1
#define HAVE_MEMORY_H 1
#define HAVE_STRINGS_H 1
#define HAVE_INTTYPES_H 1
#define HAVE_STDINT_H 1
#define HAVE_UNISTD_H 1
#define HAVE_DLFCN_H 1
#define LT_OBJDIR ".libs/"
#define HAVE_EXPLICIT_BZERO 1
#define HAVE_RAWMEMCHR 1
#define HAVE_LINUX_TYPES_H 1
#define HAVE_LINUX_IF_ALG_H 1
#define NEED_THREADS 1

configure: exit 1
